<?xml version="1.0" encoding="UTF-8"?>
<robot generator="Robot 5.0.1 (Python 3.11.1 on win32)" generated="20230410 00:08:43.127" rpa="false" schemaversion="3">
<suite id="s1" name="User Story 2 Valid Login" source="C:\Users\DrNA\Desktop\DLSU-3rd-year-01\STSWENG\STSWENG-Development\robot_test\user_story_2\validation\user_story_2_valid_login.robot">
<test id="s1-t1" name="0214 - Valid User Login" line="23">
<kw name="Open Browser to Login Page" library="resource">
<kw name="Open Browser" library="SeleniumLibrary">
<arg>${LOGIN URL}</arg>
<arg>${BROWSER}</arg>
<doc>Opens a new browser instance to the optional ``url``.</doc>
<msg timestamp="20230410 00:08:43.368" level="INFO">Opening browser 'Chrome' to base url 'http://localhost:1337/'.</msg>
<status status="PASS" starttime="20230410 00:08:43.368" endtime="20230410 00:08:46.014"/>
</kw>
<kw name="Maximize Browser Window" library="SeleniumLibrary">
<doc>Maximizes current browser window.</doc>
<status status="PASS" starttime="20230410 00:08:46.014" endtime="20230410 00:08:46.140"/>
</kw>
<kw name="Set Selenium Speed" library="SeleniumLibrary">
<arg>${DELAY}</arg>
<doc>Sets the delay that is waited after each Selenium command.</doc>
<status status="PASS" starttime="20230410 00:08:46.140" endtime="20230410 00:08:46.140"/>
</kw>
<kw name="Login Page Should Be Open" library="resource">
<kw name="Page Should Contain Element" library="SeleniumLibrary">
<arg>login-btn</arg>
<doc>Verifies that element ``locator`` is found on the current page.</doc>
<msg timestamp="20230410 00:08:46.155" level="INFO">Current page contains element 'login-btn'.</msg>
<status status="PASS" starttime="20230410 00:08:46.141" endtime="20230410 00:08:46.155"/>
</kw>
<status status="PASS" starttime="20230410 00:08:46.140" endtime="20230410 00:08:46.155"/>
</kw>
<status status="PASS" starttime="20230410 00:08:43.367" endtime="20230410 00:08:46.156"/>
</kw>
<kw name="Check Successful Login">
<arg>${USER USERNAME}</arg>
<arg>${USER PASSWORD}</arg>
<kw name="Input Username" library="resource">
<arg>${username}</arg>
<kw name="Input Text" library="SeleniumLibrary">
<arg>name</arg>
<arg>${username}</arg>
<doc>Types the given ``text`` into the text field identified by ``locator``.</doc>
<msg timestamp="20230410 00:08:46.157" level="INFO">Typing text 'Angelo' into text field 'name'.</msg>
<status status="PASS" starttime="20230410 00:08:46.157" endtime="20230410 00:08:46.289"/>
</kw>
<status status="PASS" starttime="20230410 00:08:46.157" endtime="20230410 00:08:46.289"/>
</kw>
<kw name="Input Password" library="resource">
<arg>${password}</arg>
<kw name="Input Text" library="SeleniumLibrary">
<arg>pass</arg>
<arg>${password}</arg>
<doc>Types the given ``text`` into the text field identified by ``locator``.</doc>
<msg timestamp="20230410 00:08:46.291" level="INFO">Typing text 'newpass777' into text field 'pass'.</msg>
<status status="PASS" starttime="20230410 00:08:46.290" endtime="20230410 00:08:46.388"/>
</kw>
<status status="PASS" starttime="20230410 00:08:46.289" endtime="20230410 00:08:46.389"/>
</kw>
<kw name="Submit Credentials" library="resource">
<kw name="Click Button" library="SeleniumLibrary">
<arg>login-btn</arg>
<doc>Clicks the button identified by ``locator``.</doc>
<msg timestamp="20230410 00:08:46.389" level="INFO">Clicking button 'login-btn'.</msg>
<status status="PASS" starttime="20230410 00:08:46.389" endtime="20230410 00:08:47.804"/>
</kw>
<status status="PASS" starttime="20230410 00:08:46.389" endtime="20230410 00:08:47.804"/>
</kw>
<kw name="Check Homepage" library="resource">
<kw name="Page Should Contain Element" library="SeleniumLibrary">
<arg>class=home-nav</arg>
<doc>Verifies that element ``locator`` is found on the current page.</doc>
<msg timestamp="20230410 00:08:47.818" level="INFO">Current page contains element 'class=home-nav'.</msg>
<status status="PASS" starttime="20230410 00:08:47.805" endtime="20230410 00:08:47.818"/>
</kw>
<status status="PASS" starttime="20230410 00:08:47.804" endtime="20230410 00:08:47.819"/>
</kw>
<status status="PASS" starttime="20230410 00:08:46.156" endtime="20230410 00:08:47.819"/>
</kw>
<kw name="User Successful Login">
<kw name="Location Should Be" library="SeleniumLibrary">
<arg>${USER URL}</arg>
<doc>Verifies that the current URL is exactly ``url``.</doc>
<msg timestamp="20230410 00:08:47.824" level="INFO">Current location is 'http://localhost:1337/home'.</msg>
<status status="PASS" starttime="20230410 00:08:47.819" endtime="20230410 00:08:47.824"/>
</kw>
<status status="PASS" starttime="20230410 00:08:47.819" endtime="20230410 00:08:47.824"/>
</kw>
<kw name="Close Browser" library="SeleniumLibrary" type="TEARDOWN">
<doc>Closes the current browser.</doc>
<status status="PASS" starttime="20230410 00:08:47.824" endtime="20230410 00:08:50.160"/>
</kw>
<status status="PASS" starttime="20230410 00:08:43.366" endtime="20230410 00:08:50.161"/>
</test>
<test id="s1-t2" name="0215 - Valid Host Login" line="29">
<kw name="Open Browser to Login Page" library="resource">
<kw name="Open Browser" library="SeleniumLibrary">
<arg>${LOGIN URL}</arg>
<arg>${BROWSER}</arg>
<doc>Opens a new browser instance to the optional ``url``.</doc>
<msg timestamp="20230410 00:08:50.166" level="INFO">Opening browser 'Chrome' to base url 'http://localhost:1337/'.</msg>
<status status="PASS" starttime="20230410 00:08:50.166" endtime="20230410 00:08:52.667"/>
</kw>
<kw name="Maximize Browser Window" library="SeleniumLibrary">
<doc>Maximizes current browser window.</doc>
<status status="PASS" starttime="20230410 00:08:52.667" endtime="20230410 00:08:52.799"/>
</kw>
<kw name="Set Selenium Speed" library="SeleniumLibrary">
<arg>${DELAY}</arg>
<doc>Sets the delay that is waited after each Selenium command.</doc>
<status status="PASS" starttime="20230410 00:08:52.799" endtime="20230410 00:08:52.799"/>
</kw>
<kw name="Login Page Should Be Open" library="resource">
<kw name="Page Should Contain Element" library="SeleniumLibrary">
<arg>login-btn</arg>
<doc>Verifies that element ``locator`` is found on the current page.</doc>
<msg timestamp="20230410 00:08:52.814" level="INFO">Current page contains element 'login-btn'.</msg>
<status status="PASS" starttime="20230410 00:08:52.799" endtime="20230410 00:08:52.814"/>
</kw>
<status status="PASS" starttime="20230410 00:08:52.799" endtime="20230410 00:08:52.814"/>
</kw>
<status status="PASS" starttime="20230410 00:08:50.165" endtime="20230410 00:08:52.814"/>
</kw>
<kw name="Check Successful Login">
<arg>${HOST USERNAME}</arg>
<arg>${HOST PASSWORD}</arg>
<kw name="Input Username" library="resource">
<arg>${username}</arg>
<kw name="Input Text" library="SeleniumLibrary">
<arg>name</arg>
<arg>${username}</arg>
<doc>Types the given ``text`` into the text field identified by ``locator``.</doc>
<msg timestamp="20230410 00:08:52.815" level="INFO">Typing text 'HOST' into text field 'name'.</msg>
<status status="PASS" starttime="20230410 00:08:52.815" endtime="20230410 00:08:52.917"/>
</kw>
<status status="PASS" starttime="20230410 00:08:52.815" endtime="20230410 00:08:52.917"/>
</kw>
<kw name="Input Password" library="resource">
<arg>${password}</arg>
<kw name="Input Text" library="SeleniumLibrary">
<arg>pass</arg>
<arg>${password}</arg>
<doc>Types the given ``text`` into the text field identified by ``locator``.</doc>
<msg timestamp="20230410 00:08:52.918" level="INFO">Typing text '1234567890' into text field 'pass'.</msg>
<status status="PASS" starttime="20230410 00:08:52.918" endtime="20230410 00:08:53.022"/>
</kw>
<status status="PASS" starttime="20230410 00:08:52.917" endtime="20230410 00:08:53.023"/>
</kw>
<kw name="Submit Credentials" library="resource">
<kw name="Click Button" library="SeleniumLibrary">
<arg>login-btn</arg>
<doc>Clicks the button identified by ``locator``.</doc>
<msg timestamp="20230410 00:08:53.023" level="INFO">Clicking button 'login-btn'.</msg>
<status status="PASS" starttime="20230410 00:08:53.023" endtime="20230410 00:08:55.095"/>
</kw>
<status status="PASS" starttime="20230410 00:08:53.023" endtime="20230410 00:08:55.095"/>
</kw>
<kw name="Check Homepage" library="resource">
<kw name="Page Should Contain Element" library="SeleniumLibrary">
<arg>class=home-nav</arg>
<doc>Verifies that element ``locator`` is found on the current page.</doc>
<msg timestamp="20230410 00:08:55.119" level="INFO">Current page contains element 'class=home-nav'.</msg>
<status status="PASS" starttime="20230410 00:08:55.096" endtime="20230410 00:08:55.119"/>
</kw>
<status status="PASS" starttime="20230410 00:08:55.095" endtime="20230410 00:08:55.119"/>
</kw>
<status status="PASS" starttime="20230410 00:08:52.814" endtime="20230410 00:08:55.119"/>
</kw>
<kw name="Host Successful Login">
<kw name="Location Should Be" library="SeleniumLibrary">
<arg>${HOST URL}</arg>
<doc>Verifies that the current URL is exactly ``url``.</doc>
<msg timestamp="20230410 00:08:55.150" level="INFO">Current location is 'http://localhost:1337/hhome'.</msg>
<status status="PASS" starttime="20230410 00:08:55.121" endtime="20230410 00:08:55.151"/>
</kw>
<status status="PASS" starttime="20230410 00:08:55.121" endtime="20230410 00:08:55.151"/>
</kw>
<kw name="Close Browser" library="SeleniumLibrary" type="TEARDOWN">
<doc>Closes the current browser.</doc>
<status status="PASS" starttime="20230410 00:08:55.155" endtime="20230410 00:08:57.693"/>
</kw>
<status status="PASS" starttime="20230410 00:08:50.164" endtime="20230410 00:08:57.694"/>
</test>
<doc>A test suite to check the valid login test cases for User Story 2,
Change Account Credentials.

</doc>
<status status="PASS" starttime="20230410 00:08:43.128" endtime="20230410 00:08:57.698"/>
</suite>
<statistics>
<total>
<stat pass="2" fail="0" skip="0">All Tests</stat>
</total>
<tag>
</tag>
<suite>
<stat pass="2" fail="0" skip="0" id="s1" name="User Story 2 Valid Login">User Story 2 Valid Login</stat>
</suite>
</statistics>
<errors>
</errors>
</robot>
