<?xml version="1.0" encoding="UTF-8"?>
<robot generator="Robot 5.0.1 (Python 3.11.1 on win32)" generated="20230323 17:10:41.084" rpa="false" schemaversion="3">
<suite id="s1" name="User Story 2 Valid Login" source="C:\Users\DrNA\Desktop\DLSU-3rd-year-01\STSWENG\STSWENG-Development\robot_test\user_story_2\validation\user_story_2_valid_login.robot">
<test id="s1-t1" name="Valid User Login" line="23">
<kw name="Open Browser to Login Page" library="resource">
<kw name="Open Browser" library="SeleniumLibrary">
<arg>${LOGIN URL}</arg>
<arg>${BROWSER}</arg>
<doc>Opens a new browser instance to the optional ``url``.</doc>
<msg timestamp="20230323 17:10:41.465" level="INFO">Opening browser 'Chrome' to base url 'http://localhost:1337/'.</msg>
<status status="PASS" starttime="20230323 17:10:41.465" endtime="20230323 17:10:46.029"/>
</kw>
<kw name="Maximize Browser Window" library="SeleniumLibrary">
<doc>Maximizes current browser window.</doc>
<status status="PASS" starttime="20230323 17:10:46.029" endtime="20230323 17:10:46.157"/>
</kw>
<kw name="Set Selenium Speed" library="SeleniumLibrary">
<arg>${DELAY}</arg>
<doc>Sets the delay that is waited after each Selenium command.</doc>
<status status="PASS" starttime="20230323 17:10:46.157" endtime="20230323 17:10:46.157"/>
</kw>
<kw name="Login Page Should Be Open" library="resource">
<kw name="Page Should Contain Element" library="SeleniumLibrary">
<arg>login-btn</arg>
<doc>Verifies that element ``locator`` is found on the current page.</doc>
<msg timestamp="20230323 17:10:46.167" level="INFO">Current page contains element 'login-btn'.</msg>
<status status="PASS" starttime="20230323 17:10:46.158" endtime="20230323 17:10:46.167"/>
</kw>
<status status="PASS" starttime="20230323 17:10:46.157" endtime="20230323 17:10:46.167"/>
</kw>
<status status="PASS" starttime="20230323 17:10:41.465" endtime="20230323 17:10:46.167"/>
</kw>
<kw name="Check Successful Login">
<arg>${USER USERNAME}</arg>
<arg>${USER PASSWORD}</arg>
<kw name="Input Username" library="resource">
<arg>${username}</arg>
<kw name="Input Text" library="SeleniumLibrary">
<arg>name</arg>
<arg>${username}</arg>
<doc>Types the given ``text`` into the text field identified by ``locator``.</doc>
<msg timestamp="20230323 17:10:46.168" level="INFO">Typing text 'Angelo' into text field 'name'.</msg>
<status status="PASS" starttime="20230323 17:10:46.168" endtime="20230323 17:10:46.226"/>
</kw>
<status status="PASS" starttime="20230323 17:10:46.168" endtime="20230323 17:10:46.226"/>
</kw>
<kw name="Input Password" library="resource">
<arg>${password}</arg>
<kw name="Input Text" library="SeleniumLibrary">
<arg>pass</arg>
<arg>${password}</arg>
<doc>Types the given ``text`` into the text field identified by ``locator``.</doc>
<msg timestamp="20230323 17:10:46.227" level="INFO">Typing text 'newpass777' into text field 'pass'.</msg>
<status status="PASS" starttime="20230323 17:10:46.227" endtime="20230323 17:10:46.284"/>
</kw>
<status status="PASS" starttime="20230323 17:10:46.227" endtime="20230323 17:10:46.284"/>
</kw>
<kw name="Submit Credentials" library="resource">
<kw name="Click Button" library="SeleniumLibrary">
<arg>login-btn</arg>
<doc>Clicks the button identified by ``locator``.</doc>
<msg timestamp="20230323 17:10:46.284" level="INFO">Clicking button 'login-btn'.</msg>
<status status="PASS" starttime="20230323 17:10:46.284" endtime="20230323 17:10:47.469"/>
</kw>
<status status="PASS" starttime="20230323 17:10:46.284" endtime="20230323 17:10:47.470"/>
</kw>
<kw name="Check Homepage" library="resource">
<kw name="Page Should Contain Element" library="SeleniumLibrary">
<arg>class=home-nav</arg>
<doc>Verifies that element ``locator`` is found on the current page.</doc>
<msg timestamp="20230323 17:10:47.481" level="INFO">Current page contains element 'class=home-nav'.</msg>
<status status="PASS" starttime="20230323 17:10:47.470" endtime="20230323 17:10:47.481"/>
</kw>
<status status="PASS" starttime="20230323 17:10:47.470" endtime="20230323 17:10:47.481"/>
</kw>
<status status="PASS" starttime="20230323 17:10:46.167" endtime="20230323 17:10:47.481"/>
</kw>
<kw name="User Successful Login">
<kw name="Location Should Be" library="SeleniumLibrary">
<arg>${USER URL}</arg>
<doc>Verifies that the current URL is exactly ``url``.</doc>
<msg timestamp="20230323 17:10:47.484" level="INFO">Current location is 'http://localhost:1337/home'.</msg>
<status status="PASS" starttime="20230323 17:10:47.482" endtime="20230323 17:10:47.484"/>
</kw>
<status status="PASS" starttime="20230323 17:10:47.482" endtime="20230323 17:10:47.484"/>
</kw>
<kw name="Close Browser" library="SeleniumLibrary" type="TEARDOWN">
<doc>Closes the current browser.</doc>
<status status="PASS" starttime="20230323 17:10:47.484" endtime="20230323 17:10:49.673"/>
</kw>
<status status="PASS" starttime="20230323 17:10:41.464" endtime="20230323 17:10:49.673"/>
</test>
<test id="s1-t2" name="Valid Host Login" line="29">
<kw name="Open Browser to Login Page" library="resource">
<kw name="Open Browser" library="SeleniumLibrary">
<arg>${LOGIN URL}</arg>
<arg>${BROWSER}</arg>
<doc>Opens a new browser instance to the optional ``url``.</doc>
<msg timestamp="20230323 17:10:49.675" level="INFO">Opening browser 'Chrome' to base url 'http://localhost:1337/'.</msg>
<status status="PASS" starttime="20230323 17:10:49.675" endtime="20230323 17:10:51.863"/>
</kw>
<kw name="Maximize Browser Window" library="SeleniumLibrary">
<doc>Maximizes current browser window.</doc>
<status status="PASS" starttime="20230323 17:10:51.863" endtime="20230323 17:10:51.980"/>
</kw>
<kw name="Set Selenium Speed" library="SeleniumLibrary">
<arg>${DELAY}</arg>
<doc>Sets the delay that is waited after each Selenium command.</doc>
<status status="PASS" starttime="20230323 17:10:51.981" endtime="20230323 17:10:51.981"/>
</kw>
<kw name="Login Page Should Be Open" library="resource">
<kw name="Page Should Contain Element" library="SeleniumLibrary">
<arg>login-btn</arg>
<doc>Verifies that element ``locator`` is found on the current page.</doc>
<msg timestamp="20230323 17:10:51.989" level="INFO">Current page contains element 'login-btn'.</msg>
<status status="PASS" starttime="20230323 17:10:51.981" endtime="20230323 17:10:51.989"/>
</kw>
<status status="PASS" starttime="20230323 17:10:51.981" endtime="20230323 17:10:51.989"/>
</kw>
<status status="PASS" starttime="20230323 17:10:49.675" endtime="20230323 17:10:51.989"/>
</kw>
<kw name="Check Successful Login">
<arg>${HOST USERNAME}</arg>
<arg>${HOST PASSWORD}</arg>
<kw name="Input Username" library="resource">
<arg>${username}</arg>
<kw name="Input Text" library="SeleniumLibrary">
<arg>name</arg>
<arg>${username}</arg>
<doc>Types the given ``text`` into the text field identified by ``locator``.</doc>
<msg timestamp="20230323 17:10:51.990" level="INFO">Typing text 'HOST' into text field 'name'.</msg>
<status status="PASS" starttime="20230323 17:10:51.990" endtime="20230323 17:10:52.048"/>
</kw>
<status status="PASS" starttime="20230323 17:10:51.990" endtime="20230323 17:10:52.048"/>
</kw>
<kw name="Input Password" library="resource">
<arg>${password}</arg>
<kw name="Input Text" library="SeleniumLibrary">
<arg>pass</arg>
<arg>${password}</arg>
<doc>Types the given ``text`` into the text field identified by ``locator``.</doc>
<msg timestamp="20230323 17:10:52.049" level="INFO">Typing text '1234567890' into text field 'pass'.</msg>
<status status="PASS" starttime="20230323 17:10:52.048" endtime="20230323 17:10:52.107"/>
</kw>
<status status="PASS" starttime="20230323 17:10:52.048" endtime="20230323 17:10:52.107"/>
</kw>
<kw name="Submit Credentials" library="resource">
<kw name="Click Button" library="SeleniumLibrary">
<arg>login-btn</arg>
<doc>Clicks the button identified by ``locator``.</doc>
<msg timestamp="20230323 17:10:52.108" level="INFO">Clicking button 'login-btn'.</msg>
<status status="PASS" starttime="20230323 17:10:52.107" endtime="20230323 17:10:53.750"/>
</kw>
<status status="PASS" starttime="20230323 17:10:52.107" endtime="20230323 17:10:53.750"/>
</kw>
<kw name="Check Homepage" library="resource">
<kw name="Page Should Contain Element" library="SeleniumLibrary">
<arg>class=home-nav</arg>
<doc>Verifies that element ``locator`` is found on the current page.</doc>
<msg timestamp="20230323 17:10:53.762" level="INFO">Current page contains element 'class=home-nav'.</msg>
<status status="PASS" starttime="20230323 17:10:53.750" endtime="20230323 17:10:53.762"/>
</kw>
<status status="PASS" starttime="20230323 17:10:53.750" endtime="20230323 17:10:53.762"/>
</kw>
<status status="PASS" starttime="20230323 17:10:51.989" endtime="20230323 17:10:53.762"/>
</kw>
<kw name="Host Successful Login">
<kw name="Location Should Be" library="SeleniumLibrary">
<arg>${HOST URL}</arg>
<doc>Verifies that the current URL is exactly ``url``.</doc>
<msg timestamp="20230323 17:10:53.765" level="INFO">Current location is 'http://localhost:1337/hhome'.</msg>
<status status="PASS" starttime="20230323 17:10:53.762" endtime="20230323 17:10:53.765"/>
</kw>
<status status="PASS" starttime="20230323 17:10:53.762" endtime="20230323 17:10:53.766"/>
</kw>
<kw name="Close Browser" library="SeleniumLibrary" type="TEARDOWN">
<doc>Closes the current browser.</doc>
<status status="PASS" starttime="20230323 17:10:53.766" endtime="20230323 17:10:55.932"/>
</kw>
<status status="PASS" starttime="20230323 17:10:49.674" endtime="20230323 17:10:55.932"/>
</test>
<doc>A test suite to check the valid login test cases for User Story 2,
Change Account Credentials.

</doc>
<status status="PASS" starttime="20230323 17:10:41.085" endtime="20230323 17:10:55.934"/>
</suite>
<statistics>
<total>
<stat pass="2" fail="0" skip="0">All Tests</stat>
</total>
<tag>
</tag>
<suite>
<stat pass="2" fail="0" skip="0" id="s1" name="User Story 2 Valid Login">User Story 2 Valid Login</stat>
</suite>
</statistics>
<errors>
</errors>
</robot>
