<?xml version="1.0" encoding="UTF-8"?>
<robot generator="Robot 5.0.1 (Python 3.11.1 on win32)" generated="20230323 17:33:05.245" rpa="false" schemaversion="3">
<suite id="s1" name="User Story 5 Delete" source="C:\Users\DrNA\Desktop\DLSU-3rd-year-01\STSWENG\STSWENG-Development\robot_test\user_story_5\user_story_5_delete.robot">
<test id="s1-t1" name="Before Test Cases" line="98">
<kw name="Open Browser to Login Page" library="resource">
<kw name="Open Browser" library="SeleniumLibrary">
<arg>${LOGIN URL}</arg>
<arg>${BROWSER}</arg>
<doc>Opens a new browser instance to the optional ``url``.</doc>
<msg timestamp="20230323 17:33:05.393" level="INFO">Opening browser 'Chrome' to base url 'http://localhost:1337/'.</msg>
<status status="PASS" starttime="20230323 17:33:05.393" endtime="20230323 17:33:07.579"/>
</kw>
<kw name="Maximize Browser Window" library="SeleniumLibrary">
<doc>Maximizes current browser window.</doc>
<status status="PASS" starttime="20230323 17:33:07.579" endtime="20230323 17:33:07.692"/>
</kw>
<kw name="Set Selenium Speed" library="SeleniumLibrary">
<arg>${DELAY}</arg>
<doc>Sets the delay that is waited after each Selenium command.</doc>
<status status="PASS" starttime="20230323 17:33:07.693" endtime="20230323 17:33:07.693"/>
</kw>
<kw name="Login Page Should Be Open" library="resource">
<kw name="Page Should Contain Element" library="SeleniumLibrary">
<arg>login-btn</arg>
<doc>Verifies that element ``locator`` is found on the current page.</doc>
<msg timestamp="20230323 17:33:07.702" level="INFO">Current page contains element 'login-btn'.</msg>
<status status="PASS" starttime="20230323 17:33:07.693" endtime="20230323 17:33:07.702"/>
</kw>
<status status="PASS" starttime="20230323 17:33:07.693" endtime="20230323 17:33:07.702"/>
</kw>
<status status="PASS" starttime="20230323 17:33:05.392" endtime="20230323 17:33:07.702"/>
</kw>
<kw name="Create New Account">
<kw name="Click Element" library="SeleniumLibrary">
<arg>//a[contains(text(),'CREATE NEW ACCOUNT')]</arg>
<doc>Click the element identified by ``locator``.</doc>
<msg timestamp="20230323 17:33:07.703" level="INFO">Clicking element '//a[contains(text(),'CREATE NEW ACCOUNT')]'.</msg>
<status status="PASS" starttime="20230323 17:33:07.703" endtime="20230323 17:33:08.100"/>
</kw>
<status status="PASS" starttime="20230323 17:33:07.703" endtime="20230323 17:33:08.100"/>
</kw>
<kw name="Register">
<kw name="Components">
<arg>${FNAME}</arg>
<arg>${FIRST}</arg>
<kw name="Clear Element Text" library="SeleniumLibrary">
<arg>xpath=//input[@name="${type}"]</arg>
<doc>Clears the value of the text-input-element identified by ``locator``.</doc>
<status status="PASS" starttime="20230323 17:33:08.101" endtime="20230323 17:33:08.153"/>
</kw>
<kw name="Input Text" library="SeleniumLibrary">
<arg>xpath=//input[@name="${type}"]</arg>
<arg>${type input}</arg>
<doc>Types the given ``text`` into the text field identified by ``locator``.</doc>
<msg timestamp="20230323 17:33:08.154" level="INFO">Typing text 'User' into text field 'xpath=//input[@name="fname"]'.</msg>
<status status="PASS" starttime="20230323 17:33:08.153" endtime="20230323 17:33:08.202"/>
</kw>
<status status="PASS" starttime="20230323 17:33:08.101" endtime="20230323 17:33:08.202"/>
</kw>
<kw name="Components">
<arg>${LNAME}</arg>
<arg>${LAST}</arg>
<kw name="Clear Element Text" library="SeleniumLibrary">
<arg>xpath=//input[@name="${type}"]</arg>
<doc>Clears the value of the text-input-element identified by ``locator``.</doc>
<status status="PASS" starttime="20230323 17:33:08.202" endtime="20230323 17:33:08.238"/>
</kw>
<kw name="Input Text" library="SeleniumLibrary">
<arg>xpath=//input[@name="${type}"]</arg>
<arg>${type input}</arg>
<doc>Types the given ``text`` into the text field identified by ``locator``.</doc>
<msg timestamp="20230323 17:33:08.238" level="INFO">Typing text 'Testing' into text field 'xpath=//input[@name="lname"]'.</msg>
<status status="PASS" starttime="20230323 17:33:08.238" endtime="20230323 17:33:08.282"/>
</kw>
<status status="PASS" starttime="20230323 17:33:08.202" endtime="20230323 17:33:08.282"/>
</kw>
<kw name="Components">
<arg>${NAME}</arg>
<arg>${USERNAME}</arg>
<kw name="Clear Element Text" library="SeleniumLibrary">
<arg>xpath=//input[@name="${type}"]</arg>
<doc>Clears the value of the text-input-element identified by ``locator``.</doc>
<status status="PASS" starttime="20230323 17:33:08.282" endtime="20230323 17:33:08.318"/>
</kw>
<kw name="Input Text" library="SeleniumLibrary">
<arg>xpath=//input[@name="${type}"]</arg>
<arg>${type input}</arg>
<doc>Types the given ``text`` into the text field identified by ``locator``.</doc>
<msg timestamp="20230323 17:33:08.318" level="INFO">Typing text 'UserTesting' into text field 'xpath=//input[@name="name"]'.</msg>
<status status="PASS" starttime="20230323 17:33:08.318" endtime="20230323 17:33:08.365"/>
</kw>
<status status="PASS" starttime="20230323 17:33:08.282" endtime="20230323 17:33:08.365"/>
</kw>
<kw name="Components">
<arg>${PASS}</arg>
<arg>${PASSWORD}</arg>
<kw name="Clear Element Text" library="SeleniumLibrary">
<arg>xpath=//input[@name="${type}"]</arg>
<doc>Clears the value of the text-input-element identified by ``locator``.</doc>
<status status="PASS" starttime="20230323 17:33:08.366" endtime="20230323 17:33:08.402"/>
</kw>
<kw name="Input Text" library="SeleniumLibrary">
<arg>xpath=//input[@name="${type}"]</arg>
<arg>${type input}</arg>
<doc>Types the given ``text`` into the text field identified by ``locator``.</doc>
<msg timestamp="20230323 17:33:08.402" level="INFO">Typing text 'passTesting123' into text field 'xpath=//input[@name="pass"]'.</msg>
<status status="PASS" starttime="20230323 17:33:08.402" endtime="20230323 17:33:08.453"/>
</kw>
<status status="PASS" starttime="20230323 17:33:08.366" endtime="20230323 17:33:08.453"/>
</kw>
<kw name="Components">
<arg>${CONTACTNUM}</arg>
<arg>${CONTACT}</arg>
<kw name="Clear Element Text" library="SeleniumLibrary">
<arg>xpath=//input[@name="${type}"]</arg>
<doc>Clears the value of the text-input-element identified by ``locator``.</doc>
<status status="PASS" starttime="20230323 17:33:08.453" endtime="20230323 17:33:08.489"/>
</kw>
<kw name="Input Text" library="SeleniumLibrary">
<arg>xpath=//input[@name="${type}"]</arg>
<arg>${type input}</arg>
<doc>Types the given ``text`` into the text field identified by ``locator``.</doc>
<msg timestamp="20230323 17:33:08.490" level="INFO">Typing text '09551234567' into text field 'xpath=//input[@name="contact"]'.</msg>
<status status="PASS" starttime="20230323 17:33:08.490" endtime="20230323 17:33:08.539"/>
</kw>
<status status="PASS" starttime="20230323 17:33:08.453" endtime="20230323 17:33:08.539"/>
</kw>
<kw name="Components">
<arg>${EMAILACC}</arg>
<arg>${EMAIL}</arg>
<kw name="Clear Element Text" library="SeleniumLibrary">
<arg>xpath=//input[@name="${type}"]</arg>
<doc>Clears the value of the text-input-element identified by ``locator``.</doc>
<status status="PASS" starttime="20230323 17:33:08.540" endtime="20230323 17:33:08.577"/>
</kw>
<kw name="Input Text" library="SeleniumLibrary">
<arg>xpath=//input[@name="${type}"]</arg>
<arg>${type input}</arg>
<doc>Types the given ``text`` into the text field identified by ``locator``.</doc>
<msg timestamp="20230323 17:33:08.577" level="INFO">Typing text 'usertesting33@gmail.com' into text field 'xpath=//input[@name="email"]'.</msg>
<status status="PASS" starttime="20230323 17:33:08.577" endtime="20230323 17:33:08.633"/>
</kw>
<status status="PASS" starttime="20230323 17:33:08.539" endtime="20230323 17:33:08.633"/>
</kw>
<kw name="Enter">
<kw name="Click Button" library="SeleniumLibrary">
<arg>//button[contains(text(),'SIGN-UP')]</arg>
<doc>Clicks the button identified by ``locator``.</doc>
<msg timestamp="20230323 17:33:08.633" level="INFO">Clicking button '//button[contains(text(),'SIGN-UP')]'.</msg>
<status status="PASS" starttime="20230323 17:33:08.633" endtime="20230323 17:33:09.308"/>
</kw>
<status status="PASS" starttime="20230323 17:33:08.633" endtime="20230323 17:33:09.308"/>
</kw>
<kw name="Security Questions">
<kw name="Pick Security Questions">
<kw name="Click Element" library="SeleniumLibrary">
<arg>xpath=//input[@id="question1"]</arg>
<doc>Click the element identified by ``locator``.</doc>
<msg timestamp="20230323 17:33:09.309" level="INFO">Clicking element 'xpath=//input[@id="question1"]'.</msg>
<status status="PASS" starttime="20230323 17:33:09.309" endtime="20230323 17:33:09.488"/>
</kw>
<kw name="Click Element" library="SeleniumLibrary">
<arg>xpath=//input[@id="question2"]</arg>
<doc>Click the element identified by ``locator``.</doc>
<msg timestamp="20230323 17:33:09.489" level="INFO">Clicking element 'xpath=//input[@id="question2"]'.</msg>
<status status="PASS" starttime="20230323 17:33:09.488" endtime="20230323 17:33:09.558"/>
</kw>
<kw name="Click Element" library="SeleniumLibrary">
<arg>xpath=//input[@id="question3"]</arg>
<doc>Click the element identified by ``locator``.</doc>
<msg timestamp="20230323 17:33:09.558" level="INFO">Clicking element 'xpath=//input[@id="question3"]'.</msg>
<status status="PASS" starttime="20230323 17:33:09.558" endtime="20230323 17:33:09.603"/>
</kw>
<kw name="Click Button" library="SeleniumLibrary">
<arg>subbtn</arg>
<doc>Clicks the button identified by ``locator``.</doc>
<msg timestamp="20230323 17:33:09.603" level="INFO">Clicking button 'subbtn'.</msg>
<status status="PASS" starttime="20230323 17:33:09.603" endtime="20230323 17:33:10.008"/>
</kw>
<status status="PASS" starttime="20230323 17:33:09.309" endtime="20230323 17:33:10.008"/>
</kw>
<kw name="Favorite Number">
<kw name="Input Text" library="SeleniumLibrary">
<arg>xpath=//input[@name="answer"]</arg>
<arg>33</arg>
<doc>Types the given ``text`` into the text field identified by ``locator``.</doc>
<msg timestamp="20230323 17:33:10.009" level="INFO">Typing text '33' into text field 'xpath=//input[@name="answer"]'.</msg>
<status status="PASS" starttime="20230323 17:33:10.009" endtime="20230323 17:33:10.101"/>
</kw>
<kw name="Input Text" library="SeleniumLibrary">
<arg>xpath=//input[@name="answercon"]</arg>
<arg>33</arg>
<doc>Types the given ``text`` into the text field identified by ``locator``.</doc>
<msg timestamp="20230323 17:33:10.102" level="INFO">Typing text '33' into text field 'xpath=//input[@name="answercon"]'.</msg>
<status status="PASS" starttime="20230323 17:33:10.101" endtime="20230323 17:33:10.168"/>
</kw>
<kw name="Click Button" library="SeleniumLibrary">
<arg>login-btn</arg>
<doc>Clicks the button identified by ``locator``.</doc>
<msg timestamp="20230323 17:33:10.168" level="INFO">Clicking button 'login-btn'.</msg>
<status status="PASS" starttime="20230323 17:33:10.168" endtime="20230323 17:33:10.567"/>
</kw>
<status status="PASS" starttime="20230323 17:33:10.008" endtime="20230323 17:33:10.567"/>
</kw>
<kw name="Mother Maiden Name">
<kw name="Input Text" library="SeleniumLibrary">
<arg>xpath=//input[@name="answer"]</arg>
<arg>Masha</arg>
<doc>Types the given ``text`` into the text field identified by ``locator``.</doc>
<msg timestamp="20230323 17:33:10.567" level="INFO">Typing text 'Masha' into text field 'xpath=//input[@name="answer"]'.</msg>
<status status="PASS" starttime="20230323 17:33:10.567" endtime="20230323 17:33:10.645"/>
</kw>
<kw name="Input Text" library="SeleniumLibrary">
<arg>xpath=//input[@name="answercon"]</arg>
<arg>Masha</arg>
<doc>Types the given ``text`` into the text field identified by ``locator``.</doc>
<msg timestamp="20230323 17:33:10.646" level="INFO">Typing text 'Masha' into text field 'xpath=//input[@name="answercon"]'.</msg>
<status status="PASS" starttime="20230323 17:33:10.645" endtime="20230323 17:33:10.711"/>
</kw>
<kw name="Click Button" library="SeleniumLibrary">
<arg>login-btn</arg>
<doc>Clicks the button identified by ``locator``.</doc>
<msg timestamp="20230323 17:33:10.711" level="INFO">Clicking button 'login-btn'.</msg>
<status status="PASS" starttime="20230323 17:33:10.711" endtime="20230323 17:33:11.140"/>
</kw>
<status status="PASS" starttime="20230323 17:33:10.567" endtime="20230323 17:33:11.141"/>
</kw>
<kw name="Favorite Food">
<kw name="Input Text" library="SeleniumLibrary">
<arg>xpath=//input[@name="answer"]</arg>
<arg>BastaMasarap</arg>
<doc>Types the given ``text`` into the text field identified by ``locator``.</doc>
<msg timestamp="20230323 17:33:11.142" level="INFO">Typing text 'BastaMasarap' into text field 'xpath=//input[@name="answer"]'.</msg>
<status status="PASS" starttime="20230323 17:33:11.141" endtime="20230323 17:33:11.224"/>
</kw>
<kw name="Input Text" library="SeleniumLibrary">
<arg>xpath=//input[@name="answercon"]</arg>
<arg>BastaMasarap</arg>
<doc>Types the given ``text`` into the text field identified by ``locator``.</doc>
<msg timestamp="20230323 17:33:11.225" level="INFO">Typing text 'BastaMasarap' into text field 'xpath=//input[@name="answercon"]'.</msg>
<status status="PASS" starttime="20230323 17:33:11.224" endtime="20230323 17:33:11.295"/>
</kw>
<kw name="Click Button" library="SeleniumLibrary">
<arg>login-btn</arg>
<doc>Clicks the button identified by ``locator``.</doc>
<msg timestamp="20230323 17:33:11.296" level="INFO">Clicking button 'login-btn'.</msg>
<status status="PASS" starttime="20230323 17:33:11.295" endtime="20230323 17:33:12.840"/>
</kw>
<status status="PASS" starttime="20230323 17:33:11.141" endtime="20230323 17:33:12.840"/>
</kw>
<status status="PASS" starttime="20230323 17:33:09.309" endtime="20230323 17:33:12.842"/>
</kw>
<status status="PASS" starttime="20230323 17:33:08.100" endtime="20230323 17:33:12.842"/>
</kw>
<kw name="Sleep" library="BuiltIn">
<arg>3</arg>
<doc>Pauses the test executed for the given time.</doc>
<msg timestamp="20230323 17:33:15.842" level="INFO">Slept 3 seconds</msg>
<status status="PASS" starttime="20230323 17:33:12.842" endtime="20230323 17:33:15.842"/>
</kw>
<kw name="Close Browser" library="SeleniumLibrary" type="TEARDOWN">
<doc>Closes the current browser.</doc>
<status status="PASS" starttime="20230323 17:33:15.843" endtime="20230323 17:33:18.013"/>
</kw>
<status status="PASS" starttime="20230323 17:33:05.392" endtime="20230323 17:33:18.014"/>
</test>
<test id="s1-t2" name="User Does Not Delete Account" line="105">
<kw name="Open Browser to Login Page" library="resource">
<kw name="Open Browser" library="SeleniumLibrary">
<arg>${LOGIN URL}</arg>
<arg>${BROWSER}</arg>
<doc>Opens a new browser instance to the optional ``url``.</doc>
<msg timestamp="20230323 17:33:18.016" level="INFO">Opening browser 'Chrome' to base url 'http://localhost:1337/'.</msg>
<status status="PASS" starttime="20230323 17:33:18.016" endtime="20230323 17:33:20.552"/>
</kw>
<kw name="Maximize Browser Window" library="SeleniumLibrary">
<doc>Maximizes current browser window.</doc>
<status status="PASS" starttime="20230323 17:33:20.553" endtime="20230323 17:33:20.670"/>
</kw>
<kw name="Set Selenium Speed" library="SeleniumLibrary">
<arg>${DELAY}</arg>
<doc>Sets the delay that is waited after each Selenium command.</doc>
<status status="PASS" starttime="20230323 17:33:20.671" endtime="20230323 17:33:20.671"/>
</kw>
<kw name="Login Page Should Be Open" library="resource">
<kw name="Page Should Contain Element" library="SeleniumLibrary">
<arg>login-btn</arg>
<doc>Verifies that element ``locator`` is found on the current page.</doc>
<msg timestamp="20230323 17:33:20.680" level="INFO">Current page contains element 'login-btn'.</msg>
<status status="PASS" starttime="20230323 17:33:20.671" endtime="20230323 17:33:20.680"/>
</kw>
<status status="PASS" starttime="20230323 17:33:20.671" endtime="20230323 17:33:20.680"/>
</kw>
<status status="PASS" starttime="20230323 17:33:18.016" endtime="20230323 17:33:20.680"/>
</kw>
<kw name="Straight To View Profile">
<kw name="Input Username" library="resource">
<arg>${USERNAME}</arg>
<kw name="Input Text" library="SeleniumLibrary">
<arg>name</arg>
<arg>${username}</arg>
<doc>Types the given ``text`` into the text field identified by ``locator``.</doc>
<msg timestamp="20230323 17:33:20.681" level="INFO">Typing text 'UserTesting' into text field 'name'.</msg>
<status status="PASS" starttime="20230323 17:33:20.681" endtime="20230323 17:33:20.746"/>
</kw>
<status status="PASS" starttime="20230323 17:33:20.681" endtime="20230323 17:33:20.746"/>
</kw>
<kw name="Input Password" library="resource">
<arg>${PASSWORD}</arg>
<kw name="Input Text" library="SeleniumLibrary">
<arg>pass</arg>
<arg>${password}</arg>
<doc>Types the given ``text`` into the text field identified by ``locator``.</doc>
<msg timestamp="20230323 17:33:20.747" level="INFO">Typing text 'passTesting123' into text field 'pass'.</msg>
<status status="PASS" starttime="20230323 17:33:20.747" endtime="20230323 17:33:20.804"/>
</kw>
<status status="PASS" starttime="20230323 17:33:20.746" endtime="20230323 17:33:20.804"/>
</kw>
<kw name="Submit Credentials" library="resource">
<kw name="Click Button" library="SeleniumLibrary">
<arg>login-btn</arg>
<doc>Clicks the button identified by ``locator``.</doc>
<msg timestamp="20230323 17:33:20.804" level="INFO">Clicking button 'login-btn'.</msg>
<status status="PASS" starttime="20230323 17:33:20.804" endtime="20230323 17:33:22.261"/>
</kw>
<status status="PASS" starttime="20230323 17:33:20.804" endtime="20230323 17:33:22.261"/>
</kw>
<kw name="Click Element" library="SeleniumLibrary">
<arg>//p[contains(text(),'VIEW PROFILE')]</arg>
<doc>Click the element identified by ``locator``.</doc>
<msg timestamp="20230323 17:33:22.261" level="INFO">Clicking element '//p[contains(text(),'VIEW PROFILE')]'.</msg>
<status status="PASS" starttime="20230323 17:33:22.261" endtime="20230323 17:33:22.954"/>
</kw>
<status status="PASS" starttime="20230323 17:33:20.681" endtime="20230323 17:33:22.954"/>
</kw>
<kw name="Account Not Deleted">
<kw name="Click Button" library="SeleniumLibrary">
<arg>del-btn</arg>
<doc>Clicks the button identified by ``locator``.</doc>
<msg timestamp="20230323 17:33:22.955" level="INFO">Clicking button 'del-btn'.</msg>
<status status="PASS" starttime="20230323 17:33:22.954" endtime="20230323 17:33:23.012"/>
</kw>
<kw name="Click Button" library="SeleniumLibrary">
<arg>rej-del</arg>
<doc>Clicks the button identified by ``locator``.</doc>
<msg timestamp="20230323 17:33:23.012" level="INFO">Clicking button 'rej-del'.</msg>
<status status="PASS" starttime="20230323 17:33:23.012" endtime="20230323 17:33:23.064"/>
</kw>
<kw name="Click Element" library="SeleniumLibrary">
<arg>//p[contains(text(),'(SIGN-OUT)')]</arg>
<doc>Click the element identified by ``locator``.</doc>
<msg timestamp="20230323 17:33:23.064" level="INFO">Clicking element '//p[contains(text(),'(SIGN-OUT)')]'.</msg>
<status status="PASS" starttime="20230323 17:33:23.064" endtime="20230323 17:33:23.986"/>
</kw>
<status status="PASS" starttime="20230323 17:33:22.954" endtime="20230323 17:33:23.987"/>
</kw>
<kw name="Close Browser" library="SeleniumLibrary" type="TEARDOWN">
<doc>Closes the current browser.</doc>
<status status="PASS" starttime="20230323 17:33:23.987" endtime="20230323 17:33:26.180"/>
</kw>
<status status="PASS" starttime="20230323 17:33:18.015" endtime="20230323 17:33:26.180"/>
</test>
<test id="s1-t3" name="User Delete Account" line="111">
<kw name="Open Browser to Login Page" library="resource">
<kw name="Open Browser" library="SeleniumLibrary">
<arg>${LOGIN URL}</arg>
<arg>${BROWSER}</arg>
<doc>Opens a new browser instance to the optional ``url``.</doc>
<msg timestamp="20230323 17:33:26.182" level="INFO">Opening browser 'Chrome' to base url 'http://localhost:1337/'.</msg>
<status status="PASS" starttime="20230323 17:33:26.182" endtime="20230323 17:33:28.961"/>
</kw>
<kw name="Maximize Browser Window" library="SeleniumLibrary">
<doc>Maximizes current browser window.</doc>
<status status="PASS" starttime="20230323 17:33:28.961" endtime="20230323 17:33:29.079"/>
</kw>
<kw name="Set Selenium Speed" library="SeleniumLibrary">
<arg>${DELAY}</arg>
<doc>Sets the delay that is waited after each Selenium command.</doc>
<status status="PASS" starttime="20230323 17:33:29.079" endtime="20230323 17:33:29.079"/>
</kw>
<kw name="Login Page Should Be Open" library="resource">
<kw name="Page Should Contain Element" library="SeleniumLibrary">
<arg>login-btn</arg>
<doc>Verifies that element ``locator`` is found on the current page.</doc>
<msg timestamp="20230323 17:33:29.088" level="INFO">Current page contains element 'login-btn'.</msg>
<status status="PASS" starttime="20230323 17:33:29.080" endtime="20230323 17:33:29.088"/>
</kw>
<status status="PASS" starttime="20230323 17:33:29.079" endtime="20230323 17:33:29.088"/>
</kw>
<status status="PASS" starttime="20230323 17:33:26.182" endtime="20230323 17:33:29.088"/>
</kw>
<kw name="Straight To View Profile">
<kw name="Input Username" library="resource">
<arg>${USERNAME}</arg>
<kw name="Input Text" library="SeleniumLibrary">
<arg>name</arg>
<arg>${username}</arg>
<doc>Types the given ``text`` into the text field identified by ``locator``.</doc>
<msg timestamp="20230323 17:33:29.089" level="INFO">Typing text 'UserTesting' into text field 'name'.</msg>
<status status="PASS" starttime="20230323 17:33:29.089" endtime="20230323 17:33:29.157"/>
</kw>
<status status="PASS" starttime="20230323 17:33:29.089" endtime="20230323 17:33:29.158"/>
</kw>
<kw name="Input Password" library="resource">
<arg>${PASSWORD}</arg>
<kw name="Input Text" library="SeleniumLibrary">
<arg>pass</arg>
<arg>${password}</arg>
<doc>Types the given ``text`` into the text field identified by ``locator``.</doc>
<msg timestamp="20230323 17:33:29.158" level="INFO">Typing text 'passTesting123' into text field 'pass'.</msg>
<status status="PASS" starttime="20230323 17:33:29.158" endtime="20230323 17:33:29.220"/>
</kw>
<status status="PASS" starttime="20230323 17:33:29.158" endtime="20230323 17:33:29.220"/>
</kw>
<kw name="Submit Credentials" library="resource">
<kw name="Click Button" library="SeleniumLibrary">
<arg>login-btn</arg>
<doc>Clicks the button identified by ``locator``.</doc>
<msg timestamp="20230323 17:33:29.221" level="INFO">Clicking button 'login-btn'.</msg>
<status status="PASS" starttime="20230323 17:33:29.220" endtime="20230323 17:33:30.368"/>
</kw>
<status status="PASS" starttime="20230323 17:33:29.220" endtime="20230323 17:33:30.368"/>
</kw>
<kw name="Click Element" library="SeleniumLibrary">
<arg>//p[contains(text(),'VIEW PROFILE')]</arg>
<doc>Click the element identified by ``locator``.</doc>
<msg timestamp="20230323 17:33:30.368" level="INFO">Clicking element '//p[contains(text(),'VIEW PROFILE')]'.</msg>
<status status="PASS" starttime="20230323 17:33:30.368" endtime="20230323 17:33:30.958"/>
</kw>
<status status="PASS" starttime="20230323 17:33:29.088" endtime="20230323 17:33:30.958"/>
</kw>
<kw name="Account Delete">
<kw name="Click Button" library="SeleniumLibrary">
<arg>del-btn</arg>
<doc>Clicks the button identified by ``locator``.</doc>
<msg timestamp="20230323 17:33:30.959" level="INFO">Clicking button 'del-btn'.</msg>
<status status="PASS" starttime="20230323 17:33:30.959" endtime="20230323 17:33:31.023"/>
</kw>
<kw name="Click Button" library="SeleniumLibrary">
<arg>con-del</arg>
<doc>Clicks the button identified by ``locator``.</doc>
<msg timestamp="20230323 17:33:31.024" level="INFO">Clicking button 'con-del'.</msg>
<status status="PASS" starttime="20230323 17:33:31.023" endtime="20230323 17:33:31.986"/>
</kw>
<status status="PASS" starttime="20230323 17:33:30.958" endtime="20230323 17:33:31.986"/>
</kw>
<kw name="User Login After Account Delete">
<kw name="Input Username" library="resource">
<arg>${USERNAME}</arg>
<kw name="Input Text" library="SeleniumLibrary">
<arg>name</arg>
<arg>${username}</arg>
<doc>Types the given ``text`` into the text field identified by ``locator``.</doc>
<msg timestamp="20230323 17:33:31.988" level="INFO">Typing text 'UserTesting' into text field 'name'.</msg>
<status status="PASS" starttime="20230323 17:33:31.988" endtime="20230323 17:33:32.179"/>
</kw>
<status status="PASS" starttime="20230323 17:33:31.988" endtime="20230323 17:33:32.179"/>
</kw>
<kw name="Input Password" library="resource">
<arg>${PASSWORD}</arg>
<kw name="Input Text" library="SeleniumLibrary">
<arg>pass</arg>
<arg>${password}</arg>
<doc>Types the given ``text`` into the text field identified by ``locator``.</doc>
<msg timestamp="20230323 17:33:32.179" level="INFO">Typing text 'passTesting123' into text field 'pass'.</msg>
<status status="PASS" starttime="20230323 17:33:32.179" endtime="20230323 17:33:32.257"/>
</kw>
<status status="PASS" starttime="20230323 17:33:32.179" endtime="20230323 17:33:32.257"/>
</kw>
<kw name="Submit Credentials" library="resource">
<kw name="Click Button" library="SeleniumLibrary">
<arg>login-btn</arg>
<doc>Clicks the button identified by ``locator``.</doc>
<msg timestamp="20230323 17:33:32.258" level="INFO">Clicking button 'login-btn'.</msg>
<status status="PASS" starttime="20230323 17:33:32.257" endtime="20230323 17:33:33.047"/>
</kw>
<status status="PASS" starttime="20230323 17:33:32.257" endtime="20230323 17:33:33.047"/>
</kw>
<status status="PASS" starttime="20230323 17:33:31.986" endtime="20230323 17:33:33.049"/>
</kw>
<kw name="Login Should Have Failed" library="resource">
<kw name="Location Should Be" library="SeleniumLibrary">
<arg>${ERROR URL}</arg>
<doc>Verifies that the current URL is exactly ``url``.</doc>
<msg timestamp="20230323 17:33:33.052" level="INFO">Current location is 'http://localhost:1337/login'.</msg>
<status status="PASS" starttime="20230323 17:33:33.049" endtime="20230323 17:33:33.052"/>
</kw>
<status status="PASS" starttime="20230323 17:33:33.049" endtime="20230323 17:33:33.052"/>
</kw>
<kw name="Sleep" library="BuiltIn">
<arg>3</arg>
<doc>Pauses the test executed for the given time.</doc>
<msg timestamp="20230323 17:33:36.052" level="INFO">Slept 3 seconds</msg>
<status status="PASS" starttime="20230323 17:33:33.052" endtime="20230323 17:33:36.052"/>
</kw>
<kw name="Close Browser" library="SeleniumLibrary" type="TEARDOWN">
<doc>Closes the current browser.</doc>
<status status="PASS" starttime="20230323 17:33:36.052" endtime="20230323 17:33:38.210"/>
</kw>
<status status="PASS" starttime="20230323 17:33:26.182" endtime="20230323 17:33:38.211"/>
</test>
<doc>A test suite to check User Story 5, User: Delete Account.
This test will show different results when the user decided
to delete their, continuing or not, from various test cases.
</doc>
<status status="PASS" starttime="20230323 17:33:05.246" endtime="20230323 17:33:38.212"/>
</suite>
<statistics>
<total>
<stat pass="3" fail="0" skip="0">All Tests</stat>
</total>
<tag>
</tag>
<suite>
<stat pass="3" fail="0" skip="0" id="s1" name="User Story 5 Delete">User Story 5 Delete</stat>
</suite>
</statistics>
<errors>
</errors>
</robot>
