<?xml version="1.0" encoding="UTF-8"?>
<robot generator="Robot 5.0.1 (Python 3.11.1 on win32)" generated="20230410 00:24:06.306" rpa="false" schemaversion="3">
<suite id="s1" name="User Story 3 And 4 Feedback" source="C:\Users\DrNA\Desktop\DLSU-3rd-year-01\STSWENG\STSWENG-Development\robot_test\user_story_3_and_4\user_story_3_and_4_feedback.robot">
<test id="s1-t1" name="0301 - User Sends Feedback" line="47">
<kw name="Open Browser to Login Page" library="resource">
<kw name="Open Browser" library="SeleniumLibrary">
<arg>${LOGIN URL}</arg>
<arg>${BROWSER}</arg>
<doc>Opens a new browser instance to the optional ``url``.</doc>
<msg timestamp="20230410 00:24:06.505" level="INFO">Opening browser 'Chrome' to base url 'http://localhost:1337/'.</msg>
<status status="PASS" starttime="20230410 00:24:06.504" endtime="20230410 00:24:09.164"/>
</kw>
<kw name="Maximize Browser Window" library="SeleniumLibrary">
<doc>Maximizes current browser window.</doc>
<status status="PASS" starttime="20230410 00:24:09.164" endtime="20230410 00:24:09.310"/>
</kw>
<kw name="Set Selenium Speed" library="SeleniumLibrary">
<arg>${DELAY}</arg>
<doc>Sets the delay that is waited after each Selenium command.</doc>
<status status="PASS" starttime="20230410 00:24:09.310" endtime="20230410 00:24:09.310"/>
</kw>
<kw name="Login Page Should Be Open" library="resource">
<kw name="Page Should Contain Element" library="SeleniumLibrary">
<arg>login-btn</arg>
<doc>Verifies that element ``locator`` is found on the current page.</doc>
<msg timestamp="20230410 00:24:09.334" level="INFO">Current page contains element 'login-btn'.</msg>
<status status="PASS" starttime="20230410 00:24:09.311" endtime="20230410 00:24:09.335"/>
</kw>
<status status="PASS" starttime="20230410 00:24:09.311" endtime="20230410 00:24:09.335"/>
</kw>
<status status="PASS" starttime="20230410 00:24:06.504" endtime="20230410 00:24:09.335"/>
</kw>
<kw name="Straight To Ongoing Jobs">
<arg>${USER USERNAME}</arg>
<arg>${USER PASSWORD}</arg>
<kw name="Login">
<arg>${username}</arg>
<arg>${password}</arg>
<kw name="Input Username" library="resource">
<arg>${username}</arg>
<kw name="Input Text" library="SeleniumLibrary">
<arg>name</arg>
<arg>${username}</arg>
<doc>Types the given ``text`` into the text field identified by ``locator``.</doc>
<msg timestamp="20230410 00:24:09.342" level="INFO">Typing text 'Leo' into text field 'name'.</msg>
<status status="PASS" starttime="20230410 00:24:09.342" endtime="20230410 00:24:09.476"/>
</kw>
<status status="PASS" starttime="20230410 00:24:09.342" endtime="20230410 00:24:09.476"/>
</kw>
<kw name="Input Password" library="resource">
<arg>${password}</arg>
<kw name="Input Text" library="SeleniumLibrary">
<arg>pass</arg>
<arg>${password}</arg>
<doc>Types the given ``text`` into the text field identified by ``locator``.</doc>
<msg timestamp="20230410 00:24:09.477" level="INFO">Typing text 'leoreo987' into text field 'pass'.</msg>
<status status="PASS" starttime="20230410 00:24:09.477" endtime="20230410 00:24:09.565"/>
</kw>
<status status="PASS" starttime="20230410 00:24:09.476" endtime="20230410 00:24:09.565"/>
</kw>
<kw name="Submit Credentials" library="resource">
<kw name="Click Button" library="SeleniumLibrary">
<arg>login-btn</arg>
<doc>Clicks the button identified by ``locator``.</doc>
<msg timestamp="20230410 00:24:09.566" level="INFO">Clicking button 'login-btn'.</msg>
<status status="PASS" starttime="20230410 00:24:09.566" endtime="20230410 00:24:11.185"/>
</kw>
<status status="PASS" starttime="20230410 00:24:09.565" endtime="20230410 00:24:11.185"/>
</kw>
<status status="PASS" starttime="20230410 00:24:09.341" endtime="20230410 00:24:11.185"/>
</kw>
<kw name="Click Element" library="SeleniumLibrary">
<arg>//p[contains(text(),'ONGOING JOBS')]</arg>
<doc>Click the element identified by ``locator``.</doc>
<msg timestamp="20230410 00:24:11.185" level="INFO">Clicking element '//p[contains(text(),'ONGOING JOBS')]'.</msg>
<status status="PASS" starttime="20230410 00:24:11.185" endtime="20230410 00:24:12.157"/>
</kw>
<status status="PASS" starttime="20230410 00:24:09.340" endtime="20230410 00:24:12.157"/>
</kw>
<kw name="User Send Feedback">
<arg>${USER FEEDBACK}</arg>
<kw name="Click Button" library="SeleniumLibrary">
<arg>xpath=//button[@class="SendFeedback"]</arg>
<doc>Clicks the button identified by ``locator``.</doc>
<msg timestamp="20230410 00:24:12.158" level="INFO">Clicking button 'xpath=//button[@class="SendFeedback"]'.</msg>
<status status="PASS" starttime="20230410 00:24:12.158" endtime="20230410 00:24:13.110"/>
</kw>
<kw name="Input Text" library="SeleniumLibrary">
<arg>xpath=//input[@class="Feedback_box"]</arg>
<arg>${feedback}</arg>
<doc>Types the given ``text`` into the text field identified by ``locator``.</doc>
<msg timestamp="20230410 00:24:13.112" level="INFO">Typing text 'Nice-su!' into text field 'xpath=//input[@class="Feedback_box"]'.</msg>
<status status="PASS" starttime="20230410 00:24:13.110" endtime="20230410 00:24:13.395"/>
</kw>
<kw name="Click Button" library="SeleniumLibrary">
<arg>xpath=//button[@class="Enter_Feedback"]</arg>
<doc>Clicks the button identified by ``locator``.</doc>
<msg timestamp="20230410 00:24:13.396" level="INFO">Clicking button 'xpath=//button[@class="Enter_Feedback"]'.</msg>
<status status="PASS" starttime="20230410 00:24:13.396" endtime="20230410 00:24:13.510"/>
</kw>
<kw name="Reload Page" library="SeleniumLibrary">
<doc>Simulates user reloading page.</doc>
<status status="PASS" starttime="20230410 00:24:13.510" endtime="20230410 00:24:14.833"/>
</kw>
<status status="PASS" starttime="20230410 00:24:12.158" endtime="20230410 00:24:14.834"/>
</kw>
<kw name="Sleep" library="BuiltIn">
<arg>3</arg>
<doc>Pauses the test executed for the given time.</doc>
<msg timestamp="20230410 00:24:17.835" level="INFO">Slept 3 seconds</msg>
<status status="PASS" starttime="20230410 00:24:14.835" endtime="20230410 00:24:17.835"/>
</kw>
<kw name="Sign-out">
<kw name="Click Element" library="SeleniumLibrary">
<arg>//p[contains(text(),'(SIGN-OUT)')]</arg>
<doc>Click the element identified by ``locator``.</doc>
<msg timestamp="20230410 00:24:17.836" level="INFO">Clicking element '//p[contains(text(),'(SIGN-OUT)')]'.</msg>
<status status="PASS" starttime="20230410 00:24:17.836" endtime="20230410 00:24:18.845"/>
</kw>
<status status="PASS" starttime="20230410 00:24:17.836" endtime="20230410 00:24:18.845"/>
</kw>
<kw name="Close Browser" library="SeleniumLibrary" type="TEARDOWN">
<doc>Closes the current browser.</doc>
<status status="PASS" starttime="20230410 00:24:18.846" endtime="20230410 00:24:21.007"/>
</kw>
<status status="PASS" starttime="20230410 00:24:06.503" endtime="20230410 00:24:21.007"/>
</test>
<test id="s1-t2" name="0302 - Host Sends Feedback" line="55">
<kw name="Open Browser to Login Page" library="resource">
<kw name="Open Browser" library="SeleniumLibrary">
<arg>${LOGIN URL}</arg>
<arg>${BROWSER}</arg>
<doc>Opens a new browser instance to the optional ``url``.</doc>
<msg timestamp="20230410 00:24:21.013" level="INFO">Opening browser 'Chrome' to base url 'http://localhost:1337/'.</msg>
<status status="PASS" starttime="20230410 00:24:21.012" endtime="20230410 00:24:23.504"/>
</kw>
<kw name="Maximize Browser Window" library="SeleniumLibrary">
<doc>Maximizes current browser window.</doc>
<status status="PASS" starttime="20230410 00:24:23.504" endtime="20230410 00:24:23.627"/>
</kw>
<kw name="Set Selenium Speed" library="SeleniumLibrary">
<arg>${DELAY}</arg>
<doc>Sets the delay that is waited after each Selenium command.</doc>
<status status="PASS" starttime="20230410 00:24:23.627" endtime="20230410 00:24:23.629"/>
</kw>
<kw name="Login Page Should Be Open" library="resource">
<kw name="Page Should Contain Element" library="SeleniumLibrary">
<arg>login-btn</arg>
<doc>Verifies that element ``locator`` is found on the current page.</doc>
<msg timestamp="20230410 00:24:23.653" level="INFO">Current page contains element 'login-btn'.</msg>
<status status="PASS" starttime="20230410 00:24:23.630" endtime="20230410 00:24:23.653"/>
</kw>
<status status="PASS" starttime="20230410 00:24:23.629" endtime="20230410 00:24:23.653"/>
</kw>
<status status="PASS" starttime="20230410 00:24:21.010" endtime="20230410 00:24:23.653"/>
</kw>
<kw name="Straight To Active Jobs">
<arg>${HOST USERNAME}</arg>
<arg>${HOST PASSWORD}</arg>
<kw name="Login">
<arg>${username}</arg>
<arg>${password}</arg>
<kw name="Input Username" library="resource">
<arg>${username}</arg>
<kw name="Input Text" library="SeleniumLibrary">
<arg>name</arg>
<arg>${username}</arg>
<doc>Types the given ``text`` into the text field identified by ``locator``.</doc>
<msg timestamp="20230410 00:24:23.656" level="INFO">Typing text 'HOST' into text field 'name'.</msg>
<status status="PASS" starttime="20230410 00:24:23.656" endtime="20230410 00:24:23.806"/>
</kw>
<status status="PASS" starttime="20230410 00:24:23.656" endtime="20230410 00:24:23.806"/>
</kw>
<kw name="Input Password" library="resource">
<arg>${password}</arg>
<kw name="Input Text" library="SeleniumLibrary">
<arg>pass</arg>
<arg>${password}</arg>
<doc>Types the given ``text`` into the text field identified by ``locator``.</doc>
<msg timestamp="20230410 00:24:23.807" level="INFO">Typing text '1234567890' into text field 'pass'.</msg>
<status status="PASS" starttime="20230410 00:24:23.807" endtime="20230410 00:24:23.905"/>
</kw>
<status status="PASS" starttime="20230410 00:24:23.806" endtime="20230410 00:24:23.905"/>
</kw>
<kw name="Submit Credentials" library="resource">
<kw name="Click Button" library="SeleniumLibrary">
<arg>login-btn</arg>
<doc>Clicks the button identified by ``locator``.</doc>
<msg timestamp="20230410 00:24:23.905" level="INFO">Clicking button 'login-btn'.</msg>
<status status="PASS" starttime="20230410 00:24:23.905" endtime="20230410 00:24:26.290"/>
</kw>
<status status="PASS" starttime="20230410 00:24:23.905" endtime="20230410 00:24:26.292"/>
</kw>
<status status="PASS" starttime="20230410 00:24:23.655" endtime="20230410 00:24:26.292"/>
</kw>
<kw name="Click Element" library="SeleniumLibrary">
<arg>//p[contains(text(),'ACTIVE JOBS')]</arg>
<doc>Click the element identified by ``locator``.</doc>
<msg timestamp="20230410 00:24:26.292" level="INFO">Clicking element '//p[contains(text(),'ACTIVE JOBS')]'.</msg>
<status status="PASS" starttime="20230410 00:24:26.292" endtime="20230410 00:24:27.120"/>
</kw>
<status status="PASS" starttime="20230410 00:24:23.654" endtime="20230410 00:24:27.120"/>
</kw>
<kw name="Host Send Feedback">
<arg>${HOST FEEDBACK}</arg>
<kw name="Click Button" library="SeleniumLibrary">
<arg>xpath=//button[@value="640b121dba3df413da2731bc"]</arg>
<doc>Clicks the button identified by ``locator``.</doc>
<msg timestamp="20230410 00:24:27.122" level="INFO">Clicking button 'xpath=//button[@value="640b121dba3df413da2731bc"]'.</msg>
<status status="PASS" starttime="20230410 00:24:27.122" endtime="20230410 00:24:28.033"/>
</kw>
<kw name="Input Text" library="SeleniumLibrary">
<arg>xpath=//input[@class="Feedback_box"]</arg>
<arg>${feedback}</arg>
<doc>Types the given ``text`` into the text field identified by ``locator``.</doc>
<msg timestamp="20230410 00:24:28.035" level="INFO">Typing text 'Thank you very much!' into text field 'xpath=//input[@class="Feedback_box"]'.</msg>
<status status="PASS" starttime="20230410 00:24:28.033" endtime="20230410 00:24:28.359"/>
</kw>
<kw name="Click Button" library="SeleniumLibrary">
<arg>xpath=//button[@class="Enter_Feedback_Host"]</arg>
<doc>Clicks the button identified by ``locator``.</doc>
<msg timestamp="20230410 00:24:28.360" level="INFO">Clicking button 'xpath=//button[@class="Enter_Feedback_Host"]'.</msg>
<status status="PASS" starttime="20230410 00:24:28.360" endtime="20230410 00:24:28.448"/>
</kw>
<kw name="Reload Page" library="SeleniumLibrary">
<doc>Simulates user reloading page.</doc>
<status status="PASS" starttime="20230410 00:24:28.448" endtime="20230410 00:24:29.512"/>
</kw>
<status status="PASS" starttime="20230410 00:24:27.120" endtime="20230410 00:24:29.512"/>
</kw>
<kw name="Sleep" library="BuiltIn">
<arg>3</arg>
<doc>Pauses the test executed for the given time.</doc>
<msg timestamp="20230410 00:24:32.513" level="INFO">Slept 3 seconds</msg>
<status status="PASS" starttime="20230410 00:24:29.513" endtime="20230410 00:24:32.513"/>
</kw>
<kw name="Sign-out">
<kw name="Click Element" library="SeleniumLibrary">
<arg>//p[contains(text(),'(SIGN-OUT)')]</arg>
<doc>Click the element identified by ``locator``.</doc>
<msg timestamp="20230410 00:24:32.514" level="INFO">Clicking element '//p[contains(text(),'(SIGN-OUT)')]'.</msg>
<status status="PASS" starttime="20230410 00:24:32.513" endtime="20230410 00:24:33.617"/>
</kw>
<status status="PASS" starttime="20230410 00:24:32.513" endtime="20230410 00:24:33.617"/>
</kw>
<kw name="Close Browser" library="SeleniumLibrary" type="TEARDOWN">
<doc>Closes the current browser.</doc>
<status status="PASS" starttime="20230410 00:24:33.618" endtime="20230410 00:24:36.052"/>
</kw>
<status status="PASS" starttime="20230410 00:24:21.010" endtime="20230410 00:24:36.052"/>
</test>
<doc>A test suite to check User Story 3 and 4, User Feedback and User/Host: View Feedback
In this test, the user will send feedback to the host from what he has requested. It
be posted in the feedback section, and the host will see it and reply back to the user.
</doc>
<status status="PASS" starttime="20230410 00:24:06.309" endtime="20230410 00:24:36.056"/>
</suite>
<statistics>
<total>
<stat pass="2" fail="0" skip="0">All Tests</stat>
</total>
<tag>
</tag>
<suite>
<stat pass="2" fail="0" skip="0" id="s1" name="User Story 3 And 4 Feedback">User Story 3 And 4 Feedback</stat>
</suite>
</statistics>
<errors>
</errors>
</robot>
