<?xml version="1.0" encoding="UTF-8"?>
<robot generator="Robot 5.0.1 (Python 3.11.1 on win32)" generated="20230323 17:54:27.926" rpa="false" schemaversion="3">
<suite id="s1" name="User Story 3 And 4 Feedback" source="C:\Users\DrNA\Desktop\DLSU-3rd-year-01\STSWENG\STSWENG-Development\robot_test\user_story_3_and_4\user_story_3_and_4_feedback.robot">
<test id="s1-t1" name="User Sends Feedback" line="45">
<kw name="Open Browser to Login Page" library="resource">
<kw name="Open Browser" library="SeleniumLibrary">
<arg>${LOGIN URL}</arg>
<arg>${BROWSER}</arg>
<doc>Opens a new browser instance to the optional ``url``.</doc>
<msg timestamp="20230323 17:54:28.077" level="INFO">Opening browser 'Chrome' to base url 'http://localhost:1337/'.</msg>
<status status="PASS" starttime="20230323 17:54:28.077" endtime="20230323 17:54:30.635"/>
</kw>
<kw name="Maximize Browser Window" library="SeleniumLibrary">
<doc>Maximizes current browser window.</doc>
<status status="PASS" starttime="20230323 17:54:30.635" endtime="20230323 17:54:30.754"/>
</kw>
<kw name="Set Selenium Speed" library="SeleniumLibrary">
<arg>${DELAY}</arg>
<doc>Sets the delay that is waited after each Selenium command.</doc>
<status status="PASS" starttime="20230323 17:54:30.754" endtime="20230323 17:54:30.754"/>
</kw>
<kw name="Login Page Should Be Open" library="resource">
<kw name="Page Should Contain Element" library="SeleniumLibrary">
<arg>login-btn</arg>
<doc>Verifies that element ``locator`` is found on the current page.</doc>
<msg timestamp="20230323 17:54:30.763" level="INFO">Current page contains element 'login-btn'.</msg>
<status status="PASS" starttime="20230323 17:54:30.755" endtime="20230323 17:54:30.763"/>
</kw>
<status status="PASS" starttime="20230323 17:54:30.755" endtime="20230323 17:54:30.763"/>
</kw>
<status status="PASS" starttime="20230323 17:54:28.077" endtime="20230323 17:54:30.763"/>
</kw>
<kw name="Straight To Ongoing Jobs">
<arg>${USER USERNAME}</arg>
<arg>${USER PASSWORD}</arg>
<kw name="Login">
<arg>${username}</arg>
<arg>${password}</arg>
<kw name="Input Username" library="resource">
<arg>${username}</arg>
<kw name="Input Text" library="SeleniumLibrary">
<arg>name</arg>
<arg>${username}</arg>
<doc>Types the given ``text`` into the text field identified by ``locator``.</doc>
<msg timestamp="20230323 17:54:30.765" level="INFO">Typing text 'Leo' into text field 'name'.</msg>
<status status="PASS" starttime="20230323 17:54:30.765" endtime="20230323 17:54:30.823"/>
</kw>
<status status="PASS" starttime="20230323 17:54:30.764" endtime="20230323 17:54:30.823"/>
</kw>
<kw name="Input Password" library="resource">
<arg>${password}</arg>
<kw name="Input Text" library="SeleniumLibrary">
<arg>pass</arg>
<arg>${password}</arg>
<doc>Types the given ``text`` into the text field identified by ``locator``.</doc>
<msg timestamp="20230323 17:54:30.824" level="INFO">Typing text 'leoreo987' into text field 'pass'.</msg>
<status status="PASS" starttime="20230323 17:54:30.823" endtime="20230323 17:54:30.878"/>
</kw>
<status status="PASS" starttime="20230323 17:54:30.823" endtime="20230323 17:54:30.878"/>
</kw>
<kw name="Submit Credentials" library="resource">
<kw name="Click Button" library="SeleniumLibrary">
<arg>login-btn</arg>
<doc>Clicks the button identified by ``locator``.</doc>
<msg timestamp="20230323 17:54:30.879" level="INFO">Clicking button 'login-btn'.</msg>
<status status="PASS" starttime="20230323 17:54:30.879" endtime="20230323 17:54:32.048"/>
</kw>
<status status="PASS" starttime="20230323 17:54:30.879" endtime="20230323 17:54:32.048"/>
</kw>
<status status="PASS" starttime="20230323 17:54:30.764" endtime="20230323 17:54:32.048"/>
</kw>
<kw name="Click Element" library="SeleniumLibrary">
<arg>//p[contains(text(),'ONGOING JOBS')]</arg>
<doc>Click the element identified by ``locator``.</doc>
<msg timestamp="20230323 17:54:32.049" level="INFO">Clicking element '//p[contains(text(),'ONGOING JOBS')]'.</msg>
<status status="PASS" starttime="20230323 17:54:32.048" endtime="20230323 17:54:32.847"/>
</kw>
<status status="PASS" starttime="20230323 17:54:30.764" endtime="20230323 17:54:32.847"/>
</kw>
<kw name="User Send Feedback">
<arg>${USER FEEDBACK}</arg>
<kw name="Click Button" library="SeleniumLibrary">
<arg>xpath=//button[@class="SendFeedback"]</arg>
<doc>Clicks the button identified by ``locator``.</doc>
<msg timestamp="20230323 17:54:32.848" level="INFO">Clicking button 'xpath=//button[@class="SendFeedback"]'.</msg>
<status status="PASS" starttime="20230323 17:54:32.848" endtime="20230323 17:54:33.463"/>
</kw>
<kw name="Input Text" library="SeleniumLibrary">
<arg>xpath=//input[@id="Feedback_box"]</arg>
<arg>${feedback}</arg>
<doc>Types the given ``text`` into the text field identified by ``locator``.</doc>
<msg timestamp="20230323 17:54:33.464" level="INFO">Typing text 'Nice-su!' into text field 'xpath=//input[@id="Feedback_box"]'.</msg>
<status status="PASS" starttime="20230323 17:54:33.463" endtime="20230323 17:54:33.554"/>
</kw>
<kw name="Press Keys" library="SeleniumLibrary">
<arg>None</arg>
<arg>ENTER</arg>
<doc>Simulates the user pressing key(s) to an element or on the active browser.</doc>
<msg timestamp="20230323 17:54:33.554" level="INFO">Sending key(s) ('ENTER',) to page.</msg>
<msg timestamp="20230323 17:54:33.555" level="INFO">Pressing special key ENTER to browser.</msg>
<msg timestamp="20230323 17:54:33.555" level="INFO">Releasing special key ENTER.</msg>
<status status="PASS" starttime="20230323 17:54:33.554" endtime="20230323 17:54:34.092"/>
</kw>
<kw name="Reload Page" library="SeleniumLibrary">
<doc>Simulates user reloading page.</doc>
<status status="PASS" starttime="20230323 17:54:34.092" endtime="20230323 17:54:34.663"/>
</kw>
<status status="PASS" starttime="20230323 17:54:32.847" endtime="20230323 17:54:34.663"/>
</kw>
<kw name="Sleep" library="BuiltIn">
<arg>3</arg>
<doc>Pauses the test executed for the given time.</doc>
<msg timestamp="20230323 17:54:37.664" level="INFO">Slept 3 seconds</msg>
<status status="PASS" starttime="20230323 17:54:34.663" endtime="20230323 17:54:37.664"/>
</kw>
<kw name="Sign-out">
<kw name="Click Element" library="SeleniumLibrary">
<arg>//p[contains(text(),'(SIGN-OUT)')]</arg>
<doc>Click the element identified by ``locator``.</doc>
<msg timestamp="20230323 17:54:37.664" level="INFO">Clicking element '//p[contains(text(),'(SIGN-OUT)')]'.</msg>
<status status="PASS" starttime="20230323 17:54:37.664" endtime="20230323 17:54:38.467"/>
</kw>
<status status="PASS" starttime="20230323 17:54:37.664" endtime="20230323 17:54:38.467"/>
</kw>
<kw name="Close Browser" library="SeleniumLibrary" type="TEARDOWN">
<doc>Closes the current browser.</doc>
<status status="PASS" starttime="20230323 17:54:38.467" endtime="20230323 17:54:40.638"/>
</kw>
<status status="PASS" starttime="20230323 17:54:28.076" endtime="20230323 17:54:40.639"/>
</test>
<test id="s1-t2" name="Host Sends Feedback" line="53">
<kw name="Open Browser to Login Page" library="resource">
<kw name="Open Browser" library="SeleniumLibrary">
<arg>${LOGIN URL}</arg>
<arg>${BROWSER}</arg>
<doc>Opens a new browser instance to the optional ``url``.</doc>
<msg timestamp="20230323 17:54:40.642" level="INFO">Opening browser 'Chrome' to base url 'http://localhost:1337/'.</msg>
<status status="PASS" starttime="20230323 17:54:40.641" endtime="20230323 17:54:43.794"/>
</kw>
<kw name="Maximize Browser Window" library="SeleniumLibrary">
<doc>Maximizes current browser window.</doc>
<status status="PASS" starttime="20230323 17:54:43.794" endtime="20230323 17:54:43.919"/>
</kw>
<kw name="Set Selenium Speed" library="SeleniumLibrary">
<arg>${DELAY}</arg>
<doc>Sets the delay that is waited after each Selenium command.</doc>
<status status="PASS" starttime="20230323 17:54:43.919" endtime="20230323 17:54:43.920"/>
</kw>
<kw name="Login Page Should Be Open" library="resource">
<kw name="Page Should Contain Element" library="SeleniumLibrary">
<arg>login-btn</arg>
<doc>Verifies that element ``locator`` is found on the current page.</doc>
<msg timestamp="20230323 17:54:43.928" level="INFO">Current page contains element 'login-btn'.</msg>
<status status="PASS" starttime="20230323 17:54:43.920" endtime="20230323 17:54:43.928"/>
</kw>
<status status="PASS" starttime="20230323 17:54:43.920" endtime="20230323 17:54:43.928"/>
</kw>
<status status="PASS" starttime="20230323 17:54:40.641" endtime="20230323 17:54:43.928"/>
</kw>
<kw name="Straight To Active Jobs">
<arg>${HOST USERNAME}</arg>
<arg>${HOST PASSWORD}</arg>
<kw name="Login">
<arg>${username}</arg>
<arg>${password}</arg>
<kw name="Input Username" library="resource">
<arg>${username}</arg>
<kw name="Input Text" library="SeleniumLibrary">
<arg>name</arg>
<arg>${username}</arg>
<doc>Types the given ``text`` into the text field identified by ``locator``.</doc>
<msg timestamp="20230323 17:54:43.929" level="INFO">Typing text 'HOST' into text field 'name'.</msg>
<status status="PASS" starttime="20230323 17:54:43.929" endtime="20230323 17:54:43.986"/>
</kw>
<status status="PASS" starttime="20230323 17:54:43.929" endtime="20230323 17:54:43.987"/>
</kw>
<kw name="Input Password" library="resource">
<arg>${password}</arg>
<kw name="Input Text" library="SeleniumLibrary">
<arg>pass</arg>
<arg>${password}</arg>
<doc>Types the given ``text`` into the text field identified by ``locator``.</doc>
<msg timestamp="20230323 17:54:43.987" level="INFO">Typing text '1234567890' into text field 'pass'.</msg>
<status status="PASS" starttime="20230323 17:54:43.987" endtime="20230323 17:54:44.045"/>
</kw>
<status status="PASS" starttime="20230323 17:54:43.987" endtime="20230323 17:54:44.045"/>
</kw>
<kw name="Submit Credentials" library="resource">
<kw name="Click Button" library="SeleniumLibrary">
<arg>login-btn</arg>
<doc>Clicks the button identified by ``locator``.</doc>
<msg timestamp="20230323 17:54:44.046" level="INFO">Clicking button 'login-btn'.</msg>
<status status="PASS" starttime="20230323 17:54:44.046" endtime="20230323 17:54:46.252"/>
</kw>
<status status="PASS" starttime="20230323 17:54:44.045" endtime="20230323 17:54:46.252"/>
</kw>
<status status="PASS" starttime="20230323 17:54:43.928" endtime="20230323 17:54:46.252"/>
</kw>
<kw name="Click Element" library="SeleniumLibrary">
<arg>//p[contains(text(),'ACTIVE JOBS')]</arg>
<doc>Click the element identified by ``locator``.</doc>
<msg timestamp="20230323 17:54:46.253" level="INFO">Clicking element '//p[contains(text(),'ACTIVE JOBS')]'.</msg>
<status status="PASS" starttime="20230323 17:54:46.252" endtime="20230323 17:54:46.884"/>
</kw>
<status status="PASS" starttime="20230323 17:54:43.928" endtime="20230323 17:54:46.884"/>
</kw>
<kw name="Host Send Feedback">
<arg>${HOST FEEDBACK}</arg>
<kw name="Click Button" library="SeleniumLibrary">
<arg>//button[contains(text(),'Feedback')]</arg>
<doc>Clicks the button identified by ``locator``.</doc>
<msg timestamp="20230323 17:54:46.886" level="INFO">Clicking button '//button[contains(text(),'Feedback')]'.</msg>
<status status="PASS" starttime="20230323 17:54:46.885" endtime="20230323 17:54:47.502"/>
</kw>
<kw name="Input Text" library="SeleniumLibrary">
<arg>xpath=//input[@id="Feedback_box"]</arg>
<arg>${feedback}</arg>
<doc>Types the given ``text`` into the text field identified by ``locator``.</doc>
<msg timestamp="20230323 17:54:47.502" level="INFO">Typing text 'Thank you very much!' into text field 'xpath=//input[@id="Feedback_box"]'.</msg>
<status status="PASS" starttime="20230323 17:54:47.502" endtime="20230323 17:54:47.594"/>
</kw>
<kw name="Press Keys" library="SeleniumLibrary">
<arg>None</arg>
<arg>ENTER</arg>
<doc>Simulates the user pressing key(s) to an element or on the active browser.</doc>
<msg timestamp="20230323 17:54:47.594" level="INFO">Sending key(s) ('ENTER',) to page.</msg>
<msg timestamp="20230323 17:54:47.594" level="INFO">Pressing special key ENTER to browser.</msg>
<msg timestamp="20230323 17:54:47.594" level="INFO">Releasing special key ENTER.</msg>
<status status="PASS" starttime="20230323 17:54:47.594" endtime="20230323 17:54:48.207"/>
</kw>
<kw name="Reload Page" library="SeleniumLibrary">
<doc>Simulates user reloading page.</doc>
<status status="PASS" starttime="20230323 17:54:48.207" endtime="20230323 17:54:48.756"/>
</kw>
<status status="PASS" starttime="20230323 17:54:46.885" endtime="20230323 17:54:48.756"/>
</kw>
<kw name="Sleep" library="BuiltIn">
<arg>3</arg>
<doc>Pauses the test executed for the given time.</doc>
<msg timestamp="20230323 17:54:51.757" level="INFO">Slept 3 seconds</msg>
<status status="PASS" starttime="20230323 17:54:48.756" endtime="20230323 17:54:51.757"/>
</kw>
<kw name="Sign-out">
<kw name="Click Element" library="SeleniumLibrary">
<arg>//p[contains(text(),'(SIGN-OUT)')]</arg>
<doc>Click the element identified by ``locator``.</doc>
<msg timestamp="20230323 17:54:51.757" level="INFO">Clicking element '//p[contains(text(),'(SIGN-OUT)')]'.</msg>
<status status="PASS" starttime="20230323 17:54:51.757" endtime="20230323 17:54:52.722"/>
</kw>
<status status="PASS" starttime="20230323 17:54:51.757" endtime="20230323 17:54:52.722"/>
</kw>
<kw name="Close Browser" library="SeleniumLibrary" type="TEARDOWN">
<doc>Closes the current browser.</doc>
<status status="PASS" starttime="20230323 17:54:52.723" endtime="20230323 17:54:54.901"/>
</kw>
<status status="PASS" starttime="20230323 17:54:40.640" endtime="20230323 17:54:54.902"/>
</test>
<doc>A test suite to check User Story 3 and 4, User Feedback and User/Host: View Feedback
In this test, the user will send feedback to the host from what he has requested. It
be posted in the feedback section, and the host will see it and reply back to the user.
</doc>
<status status="PASS" starttime="20230323 17:54:27.927" endtime="20230323 17:54:54.903"/>
</suite>
<statistics>
<total>
<stat pass="2" fail="0" skip="0">All Tests</stat>
</total>
<tag>
</tag>
<suite>
<stat pass="2" fail="0" skip="0" id="s1" name="User Story 3 And 4 Feedback">User Story 3 And 4 Feedback</stat>
</suite>
</statistics>
<errors>
</errors>
</robot>
