<?xml version="1.0" encoding="UTF-8"?>
<robot generator="Robot 5.0.1 (Python 3.11.1 on win32)" generated="20230323 17:13:11.806" rpa="false" schemaversion="3">
<suite id="s1" name="User Story 2 Invalid Login" source="C:\Users\DrNA\Desktop\DLSU-3rd-year-01\STSWENG\STSWENG-Development\robot_test\user_story_2\invalidation\user_story_2_invalid_login.robot">
<kw name="Open Browser to Login Page" library="resource" type="SETUP">
<kw name="Open Browser" library="SeleniumLibrary">
<arg>${LOGIN URL}</arg>
<arg>${BROWSER}</arg>
<doc>Opens a new browser instance to the optional ``url``.</doc>
<msg timestamp="20230323 17:13:11.951" level="INFO">Opening browser 'Chrome' to base url 'http://localhost:1337/'.</msg>
<status status="PASS" starttime="20230323 17:13:11.951" endtime="20230323 17:13:14.492"/>
</kw>
<kw name="Maximize Browser Window" library="SeleniumLibrary">
<doc>Maximizes current browser window.</doc>
<status status="PASS" starttime="20230323 17:13:14.492" endtime="20230323 17:13:14.612"/>
</kw>
<kw name="Set Selenium Speed" library="SeleniumLibrary">
<arg>${DELAY}</arg>
<doc>Sets the delay that is waited after each Selenium command.</doc>
<status status="PASS" starttime="20230323 17:13:14.612" endtime="20230323 17:13:14.612"/>
</kw>
<kw name="Login Page Should Be Open" library="resource">
<kw name="Page Should Contain Element" library="SeleniumLibrary">
<arg>login-btn</arg>
<doc>Verifies that element ``locator`` is found on the current page.</doc>
<msg timestamp="20230323 17:13:14.621" level="INFO">Current page contains element 'login-btn'.</msg>
<status status="PASS" starttime="20230323 17:13:14.612" endtime="20230323 17:13:14.621"/>
</kw>
<status status="PASS" starttime="20230323 17:13:14.612" endtime="20230323 17:13:14.621"/>
</kw>
<status status="PASS" starttime="20230323 17:13:11.951" endtime="20230323 17:13:14.621"/>
</kw>
<test id="s1-t1" name="Invalid Username" line="20">
<kw name="Go To Login Page" library="resource" type="SETUP">
<kw name="Go To" library="SeleniumLibrary">
<arg>${LOGIN URL}</arg>
<doc>Navigates the current browser window to the provided ``url``.</doc>
<msg timestamp="20230323 17:13:14.622" level="INFO">Opening url 'http://localhost:1337/'</msg>
<status status="PASS" starttime="20230323 17:13:14.622" endtime="20230323 17:13:15.169"/>
</kw>
<status status="PASS" starttime="20230323 17:13:14.622" endtime="20230323 17:13:15.169"/>
</kw>
<kw name="Login With Invalid Credentials Should Fail">
<arg>angelo</arg>
<arg>${VALID PASSWORD}</arg>
<kw name="Input Username" library="resource">
<arg>${username}</arg>
<kw name="Input Text" library="SeleniumLibrary">
<arg>name</arg>
<arg>${username}</arg>
<doc>Types the given ``text`` into the text field identified by ``locator``.</doc>
<msg timestamp="20230323 17:13:15.170" level="INFO">Typing text 'angelo' into text field 'name'.</msg>
<status status="PASS" starttime="20230323 17:13:15.170" endtime="20230323 17:13:15.353"/>
</kw>
<status status="PASS" starttime="20230323 17:13:15.170" endtime="20230323 17:13:15.353"/>
</kw>
<kw name="Input Password" library="resource">
<arg>${password}</arg>
<kw name="Input Text" library="SeleniumLibrary">
<arg>pass</arg>
<arg>${password}</arg>
<doc>Types the given ``text`` into the text field identified by ``locator``.</doc>
<msg timestamp="20230323 17:13:15.354" level="INFO">Typing text 'newpass777' into text field 'pass'.</msg>
<status status="PASS" starttime="20230323 17:13:15.354" endtime="20230323 17:13:15.432"/>
</kw>
<status status="PASS" starttime="20230323 17:13:15.354" endtime="20230323 17:13:15.432"/>
</kw>
<kw name="Submit Credentials" library="resource">
<kw name="Click Button" library="SeleniumLibrary">
<arg>login-btn</arg>
<doc>Clicks the button identified by ``locator``.</doc>
<msg timestamp="20230323 17:13:15.433" level="INFO">Clicking button 'login-btn'.</msg>
<status status="PASS" starttime="20230323 17:13:15.433" endtime="20230323 17:13:16.186"/>
</kw>
<status status="PASS" starttime="20230323 17:13:15.432" endtime="20230323 17:13:16.186"/>
</kw>
<kw name="Login Should Have Failed" library="resource">
<kw name="Location Should Be" library="SeleniumLibrary">
<arg>${ERROR URL}</arg>
<doc>Verifies that the current URL is exactly ``url``.</doc>
<msg timestamp="20230323 17:13:16.189" level="INFO">Current location is 'http://localhost:1337/login'.</msg>
<status status="PASS" starttime="20230323 17:13:16.187" endtime="20230323 17:13:16.189"/>
</kw>
<status status="PASS" starttime="20230323 17:13:16.187" endtime="20230323 17:13:16.189"/>
</kw>
<status status="PASS" starttime="20230323 17:13:15.169" endtime="20230323 17:13:16.189"/>
</kw>
<status status="PASS" starttime="20230323 17:13:14.621" endtime="20230323 17:13:16.190"/>
</test>
<test id="s1-t2" name="Invalid Password 1" line="21">
<kw name="Go To Login Page" library="resource" type="SETUP">
<kw name="Go To" library="SeleniumLibrary">
<arg>${LOGIN URL}</arg>
<doc>Navigates the current browser window to the provided ``url``.</doc>
<msg timestamp="20230323 17:13:16.191" level="INFO">Opening url 'http://localhost:1337/'</msg>
<status status="PASS" starttime="20230323 17:13:16.191" endtime="20230323 17:13:16.737"/>
</kw>
<status status="PASS" starttime="20230323 17:13:16.191" endtime="20230323 17:13:16.737"/>
</kw>
<kw name="Login With Invalid Credentials Should Fail">
<arg>${VALID USER}</arg>
<arg>newpass12</arg>
<kw name="Input Username" library="resource">
<arg>${username}</arg>
<kw name="Input Text" library="SeleniumLibrary">
<arg>name</arg>
<arg>${username}</arg>
<doc>Types the given ``text`` into the text field identified by ``locator``.</doc>
<msg timestamp="20230323 17:13:16.738" level="INFO">Typing text 'Angelo' into text field 'name'.</msg>
<status status="PASS" starttime="20230323 17:13:16.738" endtime="20230323 17:13:16.935"/>
</kw>
<status status="PASS" starttime="20230323 17:13:16.738" endtime="20230323 17:13:16.935"/>
</kw>
<kw name="Input Password" library="resource">
<arg>${password}</arg>
<kw name="Input Text" library="SeleniumLibrary">
<arg>pass</arg>
<arg>${password}</arg>
<doc>Types the given ``text`` into the text field identified by ``locator``.</doc>
<msg timestamp="20230323 17:13:16.935" level="INFO">Typing text 'newpass12' into text field 'pass'.</msg>
<status status="PASS" starttime="20230323 17:13:16.935" endtime="20230323 17:13:17.016"/>
</kw>
<status status="PASS" starttime="20230323 17:13:16.935" endtime="20230323 17:13:17.016"/>
</kw>
<kw name="Submit Credentials" library="resource">
<kw name="Click Button" library="SeleniumLibrary">
<arg>login-btn</arg>
<doc>Clicks the button identified by ``locator``.</doc>
<msg timestamp="20230323 17:13:17.016" level="INFO">Clicking button 'login-btn'.</msg>
<status status="PASS" starttime="20230323 17:13:17.016" endtime="20230323 17:13:17.808"/>
</kw>
<status status="PASS" starttime="20230323 17:13:17.016" endtime="20230323 17:13:17.809"/>
</kw>
<kw name="Login Should Have Failed" library="resource">
<kw name="Location Should Be" library="SeleniumLibrary">
<arg>${ERROR URL}</arg>
<doc>Verifies that the current URL is exactly ``url``.</doc>
<msg timestamp="20230323 17:13:17.813" level="INFO">Current location is 'http://localhost:1337/login'.</msg>
<status status="PASS" starttime="20230323 17:13:17.809" endtime="20230323 17:13:17.814"/>
</kw>
<status status="PASS" starttime="20230323 17:13:17.809" endtime="20230323 17:13:17.814"/>
</kw>
<status status="PASS" starttime="20230323 17:13:16.737" endtime="20230323 17:13:17.814"/>
</kw>
<status status="PASS" starttime="20230323 17:13:16.190" endtime="20230323 17:13:17.815"/>
</test>
<test id="s1-t3" name="Invalid Password 2" line="22">
<kw name="Go To Login Page" library="resource" type="SETUP">
<kw name="Go To" library="SeleniumLibrary">
<arg>${LOGIN URL}</arg>
<doc>Navigates the current browser window to the provided ``url``.</doc>
<msg timestamp="20230323 17:13:17.816" level="INFO">Opening url 'http://localhost:1337/'</msg>
<status status="PASS" starttime="20230323 17:13:17.816" endtime="20230323 17:13:18.363"/>
</kw>
<status status="PASS" starttime="20230323 17:13:17.816" endtime="20230323 17:13:18.363"/>
</kw>
<kw name="Login With Invalid Credentials Should Fail">
<arg>${VALID USER}</arg>
<arg>newpass1234</arg>
<kw name="Input Username" library="resource">
<arg>${username}</arg>
<kw name="Input Text" library="SeleniumLibrary">
<arg>name</arg>
<arg>${username}</arg>
<doc>Types the given ``text`` into the text field identified by ``locator``.</doc>
<msg timestamp="20230323 17:13:18.365" level="INFO">Typing text 'Angelo' into text field 'name'.</msg>
<status status="PASS" starttime="20230323 17:13:18.365" endtime="20230323 17:13:18.556"/>
</kw>
<status status="PASS" starttime="20230323 17:13:18.364" endtime="20230323 17:13:18.556"/>
</kw>
<kw name="Input Password" library="resource">
<arg>${password}</arg>
<kw name="Input Text" library="SeleniumLibrary">
<arg>pass</arg>
<arg>${password}</arg>
<doc>Types the given ``text`` into the text field identified by ``locator``.</doc>
<msg timestamp="20230323 17:13:18.556" level="INFO">Typing text 'newpass1234' into text field 'pass'.</msg>
<status status="PASS" starttime="20230323 17:13:18.556" endtime="20230323 17:13:18.639"/>
</kw>
<status status="PASS" starttime="20230323 17:13:18.556" endtime="20230323 17:13:18.639"/>
</kw>
<kw name="Submit Credentials" library="resource">
<kw name="Click Button" library="SeleniumLibrary">
<arg>login-btn</arg>
<doc>Clicks the button identified by ``locator``.</doc>
<msg timestamp="20230323 17:13:18.639" level="INFO">Clicking button 'login-btn'.</msg>
<status status="PASS" starttime="20230323 17:13:18.639" endtime="20230323 17:13:19.493"/>
</kw>
<status status="PASS" starttime="20230323 17:13:18.639" endtime="20230323 17:13:19.494"/>
</kw>
<kw name="Login Should Have Failed" library="resource">
<kw name="Location Should Be" library="SeleniumLibrary">
<arg>${ERROR URL}</arg>
<doc>Verifies that the current URL is exactly ``url``.</doc>
<msg timestamp="20230323 17:13:19.499" level="INFO">Current location is 'http://localhost:1337/login'.</msg>
<status status="PASS" starttime="20230323 17:13:19.494" endtime="20230323 17:13:19.499"/>
</kw>
<status status="PASS" starttime="20230323 17:13:19.494" endtime="20230323 17:13:19.499"/>
</kw>
<status status="PASS" starttime="20230323 17:13:18.364" endtime="20230323 17:13:19.499"/>
</kw>
<status status="PASS" starttime="20230323 17:13:17.815" endtime="20230323 17:13:19.499"/>
</test>
<test id="s1-t4" name="Invalid Password 3" line="23">
<kw name="Go To Login Page" library="resource" type="SETUP">
<kw name="Go To" library="SeleniumLibrary">
<arg>${LOGIN URL}</arg>
<doc>Navigates the current browser window to the provided ``url``.</doc>
<msg timestamp="20230323 17:13:19.501" level="INFO">Opening url 'http://localhost:1337/'</msg>
<status status="PASS" starttime="20230323 17:13:19.501" endtime="20230323 17:13:20.052"/>
</kw>
<status status="PASS" starttime="20230323 17:13:19.501" endtime="20230323 17:13:20.052"/>
</kw>
<kw name="Login With Invalid Credentials Should Fail">
<arg>${VALID USER}</arg>
<arg>Newpass12</arg>
<kw name="Input Username" library="resource">
<arg>${username}</arg>
<kw name="Input Text" library="SeleniumLibrary">
<arg>name</arg>
<arg>${username}</arg>
<doc>Types the given ``text`` into the text field identified by ``locator``.</doc>
<msg timestamp="20230323 17:13:20.053" level="INFO">Typing text 'Angelo' into text field 'name'.</msg>
<status status="PASS" starttime="20230323 17:13:20.053" endtime="20230323 17:13:20.244"/>
</kw>
<status status="PASS" starttime="20230323 17:13:20.052" endtime="20230323 17:13:20.244"/>
</kw>
<kw name="Input Password" library="resource">
<arg>${password}</arg>
<kw name="Input Text" library="SeleniumLibrary">
<arg>pass</arg>
<arg>${password}</arg>
<doc>Types the given ``text`` into the text field identified by ``locator``.</doc>
<msg timestamp="20230323 17:13:20.245" level="INFO">Typing text 'Newpass12' into text field 'pass'.</msg>
<status status="PASS" starttime="20230323 17:13:20.244" endtime="20230323 17:13:20.335"/>
</kw>
<status status="PASS" starttime="20230323 17:13:20.244" endtime="20230323 17:13:20.335"/>
</kw>
<kw name="Submit Credentials" library="resource">
<kw name="Click Button" library="SeleniumLibrary">
<arg>login-btn</arg>
<doc>Clicks the button identified by ``locator``.</doc>
<msg timestamp="20230323 17:13:20.335" level="INFO">Clicking button 'login-btn'.</msg>
<status status="PASS" starttime="20230323 17:13:20.335" endtime="20230323 17:13:21.183"/>
</kw>
<status status="PASS" starttime="20230323 17:13:20.335" endtime="20230323 17:13:21.184"/>
</kw>
<kw name="Login Should Have Failed" library="resource">
<kw name="Location Should Be" library="SeleniumLibrary">
<arg>${ERROR URL}</arg>
<doc>Verifies that the current URL is exactly ``url``.</doc>
<msg timestamp="20230323 17:13:21.188" level="INFO">Current location is 'http://localhost:1337/login'.</msg>
<status status="PASS" starttime="20230323 17:13:21.184" endtime="20230323 17:13:21.188"/>
</kw>
<status status="PASS" starttime="20230323 17:13:21.184" endtime="20230323 17:13:21.189"/>
</kw>
<status status="PASS" starttime="20230323 17:13:20.052" endtime="20230323 17:13:21.189"/>
</kw>
<status status="PASS" starttime="20230323 17:13:19.500" endtime="20230323 17:13:21.189"/>
</test>
<test id="s1-t5" name="Invalid Username And Password" line="24">
<kw name="Go To Login Page" library="resource" type="SETUP">
<kw name="Go To" library="SeleniumLibrary">
<arg>${LOGIN URL}</arg>
<doc>Navigates the current browser window to the provided ``url``.</doc>
<msg timestamp="20230323 17:13:21.191" level="INFO">Opening url 'http://localhost:1337/'</msg>
<status status="PASS" starttime="20230323 17:13:21.190" endtime="20230323 17:13:21.915"/>
</kw>
<status status="PASS" starttime="20230323 17:13:21.190" endtime="20230323 17:13:21.915"/>
</kw>
<kw name="Login With Invalid Credentials Should Fail">
<arg>invalid</arg>
<arg>whatever</arg>
<kw name="Input Username" library="resource">
<arg>${username}</arg>
<kw name="Input Text" library="SeleniumLibrary">
<arg>name</arg>
<arg>${username}</arg>
<doc>Types the given ``text`` into the text field identified by ``locator``.</doc>
<msg timestamp="20230323 17:13:21.916" level="INFO">Typing text 'invalid' into text field 'name'.</msg>
<status status="PASS" starttime="20230323 17:13:21.916" endtime="20230323 17:13:22.002"/>
</kw>
<status status="PASS" starttime="20230323 17:13:21.915" endtime="20230323 17:13:22.002"/>
</kw>
<kw name="Input Password" library="resource">
<arg>${password}</arg>
<kw name="Input Text" library="SeleniumLibrary">
<arg>pass</arg>
<arg>${password}</arg>
<doc>Types the given ``text`` into the text field identified by ``locator``.</doc>
<msg timestamp="20230323 17:13:22.003" level="INFO">Typing text 'whatever' into text field 'pass'.</msg>
<status status="PASS" starttime="20230323 17:13:22.002" endtime="20230323 17:13:22.075"/>
</kw>
<status status="PASS" starttime="20230323 17:13:22.002" endtime="20230323 17:13:22.076"/>
</kw>
<kw name="Submit Credentials" library="resource">
<kw name="Click Button" library="SeleniumLibrary">
<arg>login-btn</arg>
<doc>Clicks the button identified by ``locator``.</doc>
<msg timestamp="20230323 17:13:22.076" level="INFO">Clicking button 'login-btn'.</msg>
<status status="PASS" starttime="20230323 17:13:22.076" endtime="20230323 17:13:22.819"/>
</kw>
<status status="PASS" starttime="20230323 17:13:22.076" endtime="20230323 17:13:22.819"/>
</kw>
<kw name="Login Should Have Failed" library="resource">
<kw name="Location Should Be" library="SeleniumLibrary">
<arg>${ERROR URL}</arg>
<doc>Verifies that the current URL is exactly ``url``.</doc>
<msg timestamp="20230323 17:13:22.823" level="INFO">Current location is 'http://localhost:1337/login'.</msg>
<status status="PASS" starttime="20230323 17:13:22.819" endtime="20230323 17:13:22.823"/>
</kw>
<status status="PASS" starttime="20230323 17:13:22.819" endtime="20230323 17:13:22.824"/>
</kw>
<status status="PASS" starttime="20230323 17:13:21.915" endtime="20230323 17:13:22.824"/>
</kw>
<status status="PASS" starttime="20230323 17:13:21.190" endtime="20230323 17:13:22.824"/>
</test>
<test id="s1-t6" name="Empty Username" line="25">
<kw name="Go To Login Page" library="resource" type="SETUP">
<kw name="Go To" library="SeleniumLibrary">
<arg>${LOGIN URL}</arg>
<doc>Navigates the current browser window to the provided ``url``.</doc>
<msg timestamp="20230323 17:13:22.826" level="INFO">Opening url 'http://localhost:1337/'</msg>
<status status="PASS" starttime="20230323 17:13:22.826" endtime="20230323 17:13:23.394"/>
</kw>
<status status="PASS" starttime="20230323 17:13:22.826" endtime="20230323 17:13:23.394"/>
</kw>
<kw name="Login With Invalid Credentials Should Fail">
<arg>${EMPTY}</arg>
<arg>${VALID PASSWORD}</arg>
<kw name="Input Username" library="resource">
<arg>${username}</arg>
<kw name="Input Text" library="SeleniumLibrary">
<arg>name</arg>
<arg>${username}</arg>
<doc>Types the given ``text`` into the text field identified by ``locator``.</doc>
<msg timestamp="20230323 17:13:23.396" level="INFO">Typing text '' into text field 'name'.</msg>
<status status="PASS" starttime="20230323 17:13:23.395" endtime="20230323 17:13:23.581"/>
</kw>
<status status="PASS" starttime="20230323 17:13:23.395" endtime="20230323 17:13:23.581"/>
</kw>
<kw name="Input Password" library="resource">
<arg>${password}</arg>
<kw name="Input Text" library="SeleniumLibrary">
<arg>pass</arg>
<arg>${password}</arg>
<doc>Types the given ``text`` into the text field identified by ``locator``.</doc>
<msg timestamp="20230323 17:13:23.581" level="INFO">Typing text 'newpass777' into text field 'pass'.</msg>
<status status="PASS" starttime="20230323 17:13:23.581" endtime="20230323 17:13:23.661"/>
</kw>
<status status="PASS" starttime="20230323 17:13:23.581" endtime="20230323 17:13:23.661"/>
</kw>
<kw name="Submit Credentials" library="resource">
<kw name="Click Button" library="SeleniumLibrary">
<arg>login-btn</arg>
<doc>Clicks the button identified by ``locator``.</doc>
<msg timestamp="20230323 17:13:23.662" level="INFO">Clicking button 'login-btn'.</msg>
<status status="PASS" starttime="20230323 17:13:23.661" endtime="20230323 17:13:24.408"/>
</kw>
<status status="PASS" starttime="20230323 17:13:23.661" endtime="20230323 17:13:24.408"/>
</kw>
<kw name="Login Should Have Failed" library="resource">
<kw name="Location Should Be" library="SeleniumLibrary">
<arg>${ERROR URL}</arg>
<doc>Verifies that the current URL is exactly ``url``.</doc>
<msg timestamp="20230323 17:13:24.412" level="INFO">Current location is 'http://localhost:1337/login'.</msg>
<status status="PASS" starttime="20230323 17:13:24.409" endtime="20230323 17:13:24.412"/>
</kw>
<status status="PASS" starttime="20230323 17:13:24.408" endtime="20230323 17:13:24.412"/>
</kw>
<status status="PASS" starttime="20230323 17:13:23.394" endtime="20230323 17:13:24.412"/>
</kw>
<status status="PASS" starttime="20230323 17:13:22.826" endtime="20230323 17:13:24.412"/>
</test>
<test id="s1-t7" name="Empty Password" line="26">
<kw name="Go To Login Page" library="resource" type="SETUP">
<kw name="Go To" library="SeleniumLibrary">
<arg>${LOGIN URL}</arg>
<doc>Navigates the current browser window to the provided ``url``.</doc>
<msg timestamp="20230323 17:13:24.414" level="INFO">Opening url 'http://localhost:1337/'</msg>
<status status="PASS" starttime="20230323 17:13:24.414" endtime="20230323 17:13:24.940"/>
</kw>
<status status="PASS" starttime="20230323 17:13:24.414" endtime="20230323 17:13:24.940"/>
</kw>
<kw name="Login With Invalid Credentials Should Fail">
<arg>${VALID USER}</arg>
<arg>${EMPTY}</arg>
<kw name="Input Username" library="resource">
<arg>${username}</arg>
<kw name="Input Text" library="SeleniumLibrary">
<arg>name</arg>
<arg>${username}</arg>
<doc>Types the given ``text`` into the text field identified by ``locator``.</doc>
<msg timestamp="20230323 17:13:24.941" level="INFO">Typing text 'Angelo' into text field 'name'.</msg>
<status status="PASS" starttime="20230323 17:13:24.941" endtime="20230323 17:13:25.035"/>
</kw>
<status status="PASS" starttime="20230323 17:13:24.941" endtime="20230323 17:13:25.035"/>
</kw>
<kw name="Input Password" library="resource">
<arg>${password}</arg>
<kw name="Input Text" library="SeleniumLibrary">
<arg>pass</arg>
<arg>${password}</arg>
<doc>Types the given ``text`` into the text field identified by ``locator``.</doc>
<msg timestamp="20230323 17:13:25.035" level="INFO">Typing text '' into text field 'pass'.</msg>
<status status="PASS" starttime="20230323 17:13:25.035" endtime="20230323 17:13:25.105"/>
</kw>
<status status="PASS" starttime="20230323 17:13:25.035" endtime="20230323 17:13:25.106"/>
</kw>
<kw name="Submit Credentials" library="resource">
<kw name="Click Button" library="SeleniumLibrary">
<arg>login-btn</arg>
<doc>Clicks the button identified by ``locator``.</doc>
<msg timestamp="20230323 17:13:25.106" level="INFO">Clicking button 'login-btn'.</msg>
<status status="PASS" starttime="20230323 17:13:25.106" endtime="20230323 17:13:25.931"/>
</kw>
<status status="PASS" starttime="20230323 17:13:25.106" endtime="20230323 17:13:25.932"/>
</kw>
<kw name="Login Should Have Failed" library="resource">
<kw name="Location Should Be" library="SeleniumLibrary">
<arg>${ERROR URL}</arg>
<doc>Verifies that the current URL is exactly ``url``.</doc>
<msg timestamp="20230323 17:13:25.937" level="INFO">Current location is 'http://localhost:1337/login'.</msg>
<status status="PASS" starttime="20230323 17:13:25.932" endtime="20230323 17:13:25.937"/>
</kw>
<status status="PASS" starttime="20230323 17:13:25.932" endtime="20230323 17:13:25.937"/>
</kw>
<status status="PASS" starttime="20230323 17:13:24.940" endtime="20230323 17:13:25.937"/>
</kw>
<status status="PASS" starttime="20230323 17:13:24.414" endtime="20230323 17:13:25.937"/>
</test>
<test id="s1-t8" name="Empty Username And Password" line="27">
<kw name="Go To Login Page" library="resource" type="SETUP">
<kw name="Go To" library="SeleniumLibrary">
<arg>${LOGIN URL}</arg>
<doc>Navigates the current browser window to the provided ``url``.</doc>
<msg timestamp="20230323 17:13:25.939" level="INFO">Opening url 'http://localhost:1337/'</msg>
<status status="PASS" starttime="20230323 17:13:25.939" endtime="20230323 17:13:26.468"/>
</kw>
<status status="PASS" starttime="20230323 17:13:25.939" endtime="20230323 17:13:26.468"/>
</kw>
<kw name="Login With Invalid Credentials Should Fail">
<arg>${EMPTY}</arg>
<arg>${EMPTY}</arg>
<kw name="Input Username" library="resource">
<arg>${username}</arg>
<kw name="Input Text" library="SeleniumLibrary">
<arg>name</arg>
<arg>${username}</arg>
<doc>Types the given ``text`` into the text field identified by ``locator``.</doc>
<msg timestamp="20230323 17:13:26.470" level="INFO">Typing text '' into text field 'name'.</msg>
<status status="PASS" starttime="20230323 17:13:26.469" endtime="20230323 17:13:26.566"/>
</kw>
<status status="PASS" starttime="20230323 17:13:26.469" endtime="20230323 17:13:26.566"/>
</kw>
<kw name="Input Password" library="resource">
<arg>${password}</arg>
<kw name="Input Text" library="SeleniumLibrary">
<arg>pass</arg>
<arg>${password}</arg>
<doc>Types the given ``text`` into the text field identified by ``locator``.</doc>
<msg timestamp="20230323 17:13:26.567" level="INFO">Typing text '' into text field 'pass'.</msg>
<status status="PASS" starttime="20230323 17:13:26.566" endtime="20230323 17:13:26.637"/>
</kw>
<status status="PASS" starttime="20230323 17:13:26.566" endtime="20230323 17:13:26.637"/>
</kw>
<kw name="Submit Credentials" library="resource">
<kw name="Click Button" library="SeleniumLibrary">
<arg>login-btn</arg>
<doc>Clicks the button identified by ``locator``.</doc>
<msg timestamp="20230323 17:13:26.638" level="INFO">Clicking button 'login-btn'.</msg>
<status status="PASS" starttime="20230323 17:13:26.638" endtime="20230323 17:13:27.373"/>
</kw>
<status status="PASS" starttime="20230323 17:13:26.637" endtime="20230323 17:13:27.373"/>
</kw>
<kw name="Login Should Have Failed" library="resource">
<kw name="Location Should Be" library="SeleniumLibrary">
<arg>${ERROR URL}</arg>
<doc>Verifies that the current URL is exactly ``url``.</doc>
<msg timestamp="20230323 17:13:27.378" level="INFO">Current location is 'http://localhost:1337/login'.</msg>
<status status="PASS" starttime="20230323 17:13:27.373" endtime="20230323 17:13:27.378"/>
</kw>
<status status="PASS" starttime="20230323 17:13:27.373" endtime="20230323 17:13:27.378"/>
</kw>
<status status="PASS" starttime="20230323 17:13:26.469" endtime="20230323 17:13:27.378"/>
</kw>
<status status="PASS" starttime="20230323 17:13:25.938" endtime="20230323 17:13:27.378"/>
</test>
<kw name="Close Browser" library="SeleniumLibrary" type="TEARDOWN">
<doc>Closes the current browser.</doc>
<status status="PASS" starttime="20230323 17:13:27.380" endtime="20230323 17:13:29.595"/>
</kw>
<doc>A test suite to check the invalid login test cases for User Story 2,
Change Account Credentials.


</doc>
<status status="PASS" starttime="20230323 17:13:11.807" endtime="20230323 17:13:29.595"/>
</suite>
<statistics>
<total>
<stat pass="8" fail="0" skip="0">All Tests</stat>
</total>
<tag>
</tag>
<suite>
<stat pass="8" fail="0" skip="0" id="s1" name="User Story 2 Invalid Login">User Story 2 Invalid Login</stat>
</suite>
</statistics>
<errors>
</errors>
</robot>
