<?xml version="1.0" encoding="UTF-8"?>
<robot generator="Robot 5.0.1 (Python 3.11.1 on win32)" generated="20230410 00:07:18.860" rpa="false" schemaversion="3">
<suite id="s1" name="User Story 2 Invalid Login" source="C:\Users\DrNA\Desktop\DLSU-3rd-year-01\STSWENG\STSWENG-Development\robot_test\user_story_2\invalidation\user_story_2_invalid_login.robot">
<kw name="Open Browser to Login Page" library="resource" type="SETUP">
<kw name="Open Browser" library="SeleniumLibrary">
<arg>${LOGIN URL}</arg>
<arg>${BROWSER}</arg>
<doc>Opens a new browser instance to the optional ``url``.</doc>
<msg timestamp="20230410 00:07:19.071" level="INFO">Opening browser 'Chrome' to base url 'http://localhost:1337/'.</msg>
<status status="PASS" starttime="20230410 00:07:19.069" endtime="20230410 00:07:21.680"/>
</kw>
<kw name="Maximize Browser Window" library="SeleniumLibrary">
<doc>Maximizes current browser window.</doc>
<status status="PASS" starttime="20230410 00:07:21.680" endtime="20230410 00:07:21.810"/>
</kw>
<kw name="Set Selenium Speed" library="SeleniumLibrary">
<arg>${DELAY}</arg>
<doc>Sets the delay that is waited after each Selenium command.</doc>
<status status="PASS" starttime="20230410 00:07:21.811" endtime="20230410 00:07:21.811"/>
</kw>
<kw name="Login Page Should Be Open" library="resource">
<kw name="Page Should Contain Element" library="SeleniumLibrary">
<arg>login-btn</arg>
<doc>Verifies that element ``locator`` is found on the current page.</doc>
<msg timestamp="20230410 00:07:21.826" level="INFO">Current page contains element 'login-btn'.</msg>
<status status="PASS" starttime="20230410 00:07:21.812" endtime="20230410 00:07:21.826"/>
</kw>
<status status="PASS" starttime="20230410 00:07:21.811" endtime="20230410 00:07:21.826"/>
</kw>
<status status="PASS" starttime="20230410 00:07:19.069" endtime="20230410 00:07:21.826"/>
</kw>
<test id="s1-t1" name="0206 - Invalid Username" line="20">
<kw name="Go To Login Page" library="resource" type="SETUP">
<kw name="Go To" library="SeleniumLibrary">
<arg>${LOGIN URL}</arg>
<doc>Navigates the current browser window to the provided ``url``.</doc>
<msg timestamp="20230410 00:07:21.828" level="INFO">Opening url 'http://localhost:1337/'</msg>
<status status="PASS" starttime="20230410 00:07:21.828" endtime="20230410 00:07:22.937"/>
</kw>
<status status="PASS" starttime="20230410 00:07:21.827" endtime="20230410 00:07:22.937"/>
</kw>
<kw name="Login With Invalid Credentials Should Fail">
<arg>angelo</arg>
<arg>${VALID PASSWORD}</arg>
<kw name="Input Username" library="resource">
<arg>${username}</arg>
<kw name="Input Text" library="SeleniumLibrary">
<arg>name</arg>
<arg>${username}</arg>
<doc>Types the given ``text`` into the text field identified by ``locator``.</doc>
<msg timestamp="20230410 00:07:22.940" level="INFO">Typing text 'angelo' into text field 'name'.</msg>
<status status="PASS" starttime="20230410 00:07:22.940" endtime="20230410 00:07:23.068"/>
</kw>
<status status="PASS" starttime="20230410 00:07:22.940" endtime="20230410 00:07:23.069"/>
</kw>
<kw name="Input Password" library="resource">
<arg>${password}</arg>
<kw name="Input Text" library="SeleniumLibrary">
<arg>pass</arg>
<arg>${password}</arg>
<doc>Types the given ``text`` into the text field identified by ``locator``.</doc>
<msg timestamp="20230410 00:07:23.070" level="INFO">Typing text 'newpass777' into text field 'pass'.</msg>
<status status="PASS" starttime="20230410 00:07:23.070" endtime="20230410 00:07:23.177"/>
</kw>
<status status="PASS" starttime="20230410 00:07:23.069" endtime="20230410 00:07:23.177"/>
</kw>
<kw name="Submit Credentials" library="resource">
<kw name="Click Button" library="SeleniumLibrary">
<arg>login-btn</arg>
<doc>Clicks the button identified by ``locator``.</doc>
<msg timestamp="20230410 00:07:23.177" level="INFO">Clicking button 'login-btn'.</msg>
<status status="PASS" starttime="20230410 00:07:23.177" endtime="20230410 00:07:24.331"/>
</kw>
<status status="PASS" starttime="20230410 00:07:23.177" endtime="20230410 00:07:24.331"/>
</kw>
<kw name="Login Should Have Failed" library="resource">
<kw name="Location Should Be" library="SeleniumLibrary">
<arg>${ERROR URL}</arg>
<doc>Verifies that the current URL is exactly ``url``.</doc>
<msg timestamp="20230410 00:07:24.336" level="INFO">Current location is 'http://localhost:1337/login'.</msg>
<status status="PASS" starttime="20230410 00:07:24.331" endtime="20230410 00:07:24.337"/>
</kw>
<status status="PASS" starttime="20230410 00:07:24.331" endtime="20230410 00:07:24.337"/>
</kw>
<status status="PASS" starttime="20230410 00:07:22.939" endtime="20230410 00:07:24.337"/>
</kw>
<status status="PASS" starttime="20230410 00:07:21.826" endtime="20230410 00:07:24.337"/>
</test>
<test id="s1-t2" name="0207 - Invalid Password 1" line="21">
<kw name="Go To Login Page" library="resource" type="SETUP">
<kw name="Go To" library="SeleniumLibrary">
<arg>${LOGIN URL}</arg>
<doc>Navigates the current browser window to the provided ``url``.</doc>
<msg timestamp="20230410 00:07:24.340" level="INFO">Opening url 'http://localhost:1337/'</msg>
<status status="PASS" starttime="20230410 00:07:24.340" endtime="20230410 00:07:25.161"/>
</kw>
<status status="PASS" starttime="20230410 00:07:24.339" endtime="20230410 00:07:25.162"/>
</kw>
<kw name="Login With Invalid Credentials Should Fail">
<arg>${VALID USER}</arg>
<arg>newpass12</arg>
<kw name="Input Username" library="resource">
<arg>${username}</arg>
<kw name="Input Text" library="SeleniumLibrary">
<arg>name</arg>
<arg>${username}</arg>
<doc>Types the given ``text`` into the text field identified by ``locator``.</doc>
<msg timestamp="20230410 00:07:25.163" level="INFO">Typing text 'Angelo' into text field 'name'.</msg>
<status status="PASS" starttime="20230410 00:07:25.163" endtime="20230410 00:07:25.533"/>
</kw>
<status status="PASS" starttime="20230410 00:07:25.162" endtime="20230410 00:07:25.534"/>
</kw>
<kw name="Input Password" library="resource">
<arg>${password}</arg>
<kw name="Input Text" library="SeleniumLibrary">
<arg>pass</arg>
<arg>${password}</arg>
<doc>Types the given ``text`` into the text field identified by ``locator``.</doc>
<msg timestamp="20230410 00:07:25.535" level="INFO">Typing text 'newpass12' into text field 'pass'.</msg>
<status status="PASS" starttime="20230410 00:07:25.534" endtime="20230410 00:07:25.670"/>
</kw>
<status status="PASS" starttime="20230410 00:07:25.534" endtime="20230410 00:07:25.670"/>
</kw>
<kw name="Submit Credentials" library="resource">
<kw name="Click Button" library="SeleniumLibrary">
<arg>login-btn</arg>
<doc>Clicks the button identified by ``locator``.</doc>
<msg timestamp="20230410 00:07:25.670" level="INFO">Clicking button 'login-btn'.</msg>
<status status="PASS" starttime="20230410 00:07:25.670" endtime="20230410 00:07:27.026"/>
</kw>
<status status="PASS" starttime="20230410 00:07:25.670" endtime="20230410 00:07:27.027"/>
</kw>
<kw name="Login Should Have Failed" library="resource">
<kw name="Location Should Be" library="SeleniumLibrary">
<arg>${ERROR URL}</arg>
<doc>Verifies that the current URL is exactly ``url``.</doc>
<msg timestamp="20230410 00:07:27.035" level="INFO">Current location is 'http://localhost:1337/login'.</msg>
<status status="PASS" starttime="20230410 00:07:27.028" endtime="20230410 00:07:27.035"/>
</kw>
<status status="PASS" starttime="20230410 00:07:27.027" endtime="20230410 00:07:27.035"/>
</kw>
<status status="PASS" starttime="20230410 00:07:25.162" endtime="20230410 00:07:27.036"/>
</kw>
<status status="PASS" starttime="20230410 00:07:24.338" endtime="20230410 00:07:27.036"/>
</test>
<test id="s1-t3" name="0208 - Invalid Password 2" line="22">
<kw name="Go To Login Page" library="resource" type="SETUP">
<kw name="Go To" library="SeleniumLibrary">
<arg>${LOGIN URL}</arg>
<doc>Navigates the current browser window to the provided ``url``.</doc>
<msg timestamp="20230410 00:07:27.040" level="INFO">Opening url 'http://localhost:1337/'</msg>
<status status="PASS" starttime="20230410 00:07:27.040" endtime="20230410 00:07:27.672"/>
</kw>
<status status="PASS" starttime="20230410 00:07:27.039" endtime="20230410 00:07:27.672"/>
</kw>
<kw name="Login With Invalid Credentials Should Fail">
<arg>${VALID USER}</arg>
<arg>newpass1234</arg>
<kw name="Input Username" library="resource">
<arg>${username}</arg>
<kw name="Input Text" library="SeleniumLibrary">
<arg>name</arg>
<arg>${username}</arg>
<doc>Types the given ``text`` into the text field identified by ``locator``.</doc>
<msg timestamp="20230410 00:07:27.675" level="INFO">Typing text 'Angelo' into text field 'name'.</msg>
<status status="PASS" starttime="20230410 00:07:27.674" endtime="20230410 00:07:28.069"/>
</kw>
<status status="PASS" starttime="20230410 00:07:27.674" endtime="20230410 00:07:28.070"/>
</kw>
<kw name="Input Password" library="resource">
<arg>${password}</arg>
<kw name="Input Text" library="SeleniumLibrary">
<arg>pass</arg>
<arg>${password}</arg>
<doc>Types the given ``text`` into the text field identified by ``locator``.</doc>
<msg timestamp="20230410 00:07:28.071" level="INFO">Typing text 'newpass1234' into text field 'pass'.</msg>
<status status="PASS" starttime="20230410 00:07:28.071" endtime="20230410 00:07:28.216"/>
</kw>
<status status="PASS" starttime="20230410 00:07:28.070" endtime="20230410 00:07:28.216"/>
</kw>
<kw name="Submit Credentials" library="resource">
<kw name="Click Button" library="SeleniumLibrary">
<arg>login-btn</arg>
<doc>Clicks the button identified by ``locator``.</doc>
<msg timestamp="20230410 00:07:28.217" level="INFO">Clicking button 'login-btn'.</msg>
<status status="PASS" starttime="20230410 00:07:28.217" endtime="20230410 00:07:29.459"/>
</kw>
<status status="PASS" starttime="20230410 00:07:28.216" endtime="20230410 00:07:29.459"/>
</kw>
<kw name="Login Should Have Failed" library="resource">
<kw name="Location Should Be" library="SeleniumLibrary">
<arg>${ERROR URL}</arg>
<doc>Verifies that the current URL is exactly ``url``.</doc>
<msg timestamp="20230410 00:07:29.468" level="INFO">Current location is 'http://localhost:1337/login'.</msg>
<status status="PASS" starttime="20230410 00:07:29.460" endtime="20230410 00:07:29.469"/>
</kw>
<status status="PASS" starttime="20230410 00:07:29.459" endtime="20230410 00:07:29.469"/>
</kw>
<status status="PASS" starttime="20230410 00:07:27.673" endtime="20230410 00:07:29.469"/>
</kw>
<status status="PASS" starttime="20230410 00:07:27.038" endtime="20230410 00:07:29.470"/>
</test>
<test id="s1-t4" name="0209 - Invalid Password 3" line="23">
<kw name="Go To Login Page" library="resource" type="SETUP">
<kw name="Go To" library="SeleniumLibrary">
<arg>${LOGIN URL}</arg>
<doc>Navigates the current browser window to the provided ``url``.</doc>
<msg timestamp="20230410 00:07:29.472" level="INFO">Opening url 'http://localhost:1337/'</msg>
<status status="PASS" starttime="20230410 00:07:29.472" endtime="20230410 00:07:30.172"/>
</kw>
<status status="PASS" starttime="20230410 00:07:29.472" endtime="20230410 00:07:30.173"/>
</kw>
<kw name="Login With Invalid Credentials Should Fail">
<arg>${VALID USER}</arg>
<arg>Newpass12</arg>
<kw name="Input Username" library="resource">
<arg>${username}</arg>
<kw name="Input Text" library="SeleniumLibrary">
<arg>name</arg>
<arg>${username}</arg>
<doc>Types the given ``text`` into the text field identified by ``locator``.</doc>
<msg timestamp="20230410 00:07:30.175" level="INFO">Typing text 'Angelo' into text field 'name'.</msg>
<status status="PASS" starttime="20230410 00:07:30.174" endtime="20230410 00:07:30.563"/>
</kw>
<status status="PASS" starttime="20230410 00:07:30.174" endtime="20230410 00:07:30.563"/>
</kw>
<kw name="Input Password" library="resource">
<arg>${password}</arg>
<kw name="Input Text" library="SeleniumLibrary">
<arg>pass</arg>
<arg>${password}</arg>
<doc>Types the given ``text`` into the text field identified by ``locator``.</doc>
<msg timestamp="20230410 00:07:30.565" level="INFO">Typing text 'Newpass12' into text field 'pass'.</msg>
<status status="PASS" starttime="20230410 00:07:30.564" endtime="20230410 00:07:30.723"/>
</kw>
<status status="PASS" starttime="20230410 00:07:30.564" endtime="20230410 00:07:30.723"/>
</kw>
<kw name="Submit Credentials" library="resource">
<kw name="Click Button" library="SeleniumLibrary">
<arg>login-btn</arg>
<doc>Clicks the button identified by ``locator``.</doc>
<msg timestamp="20230410 00:07:30.724" level="INFO">Clicking button 'login-btn'.</msg>
<status status="PASS" starttime="20230410 00:07:30.723" endtime="20230410 00:07:31.996"/>
</kw>
<status status="PASS" starttime="20230410 00:07:30.723" endtime="20230410 00:07:31.996"/>
</kw>
<kw name="Login Should Have Failed" library="resource">
<kw name="Location Should Be" library="SeleniumLibrary">
<arg>${ERROR URL}</arg>
<doc>Verifies that the current URL is exactly ``url``.</doc>
<msg timestamp="20230410 00:07:32.004" level="INFO">Current location is 'http://localhost:1337/login'.</msg>
<status status="PASS" starttime="20230410 00:07:31.997" endtime="20230410 00:07:32.004"/>
</kw>
<status status="PASS" starttime="20230410 00:07:31.996" endtime="20230410 00:07:32.004"/>
</kw>
<status status="PASS" starttime="20230410 00:07:30.173" endtime="20230410 00:07:32.004"/>
</kw>
<status status="PASS" starttime="20230410 00:07:29.471" endtime="20230410 00:07:32.005"/>
</test>
<test id="s1-t5" name="0210 - Invalid Username And Password" line="24">
<kw name="Go To Login Page" library="resource" type="SETUP">
<kw name="Go To" library="SeleniumLibrary">
<arg>${LOGIN URL}</arg>
<doc>Navigates the current browser window to the provided ``url``.</doc>
<msg timestamp="20230410 00:07:32.010" level="INFO">Opening url 'http://localhost:1337/'</msg>
<status status="PASS" starttime="20230410 00:07:32.010" endtime="20230410 00:07:32.702"/>
</kw>
<status status="PASS" starttime="20230410 00:07:32.009" endtime="20230410 00:07:32.702"/>
</kw>
<kw name="Login With Invalid Credentials Should Fail">
<arg>invalid</arg>
<arg>whatever</arg>
<kw name="Input Username" library="resource">
<arg>${username}</arg>
<kw name="Input Text" library="SeleniumLibrary">
<arg>name</arg>
<arg>${username}</arg>
<doc>Types the given ``text`` into the text field identified by ``locator``.</doc>
<msg timestamp="20230410 00:07:32.704" level="INFO">Typing text 'invalid' into text field 'name'.</msg>
<status status="PASS" starttime="20230410 00:07:32.703" endtime="20230410 00:07:33.042"/>
</kw>
<status status="PASS" starttime="20230410 00:07:32.703" endtime="20230410 00:07:33.043"/>
</kw>
<kw name="Input Password" library="resource">
<arg>${password}</arg>
<kw name="Input Text" library="SeleniumLibrary">
<arg>pass</arg>
<arg>${password}</arg>
<doc>Types the given ``text`` into the text field identified by ``locator``.</doc>
<msg timestamp="20230410 00:07:33.044" level="INFO">Typing text 'whatever' into text field 'pass'.</msg>
<status status="PASS" starttime="20230410 00:07:33.044" endtime="20230410 00:07:33.185"/>
</kw>
<status status="PASS" starttime="20230410 00:07:33.043" endtime="20230410 00:07:33.186"/>
</kw>
<kw name="Submit Credentials" library="resource">
<kw name="Click Button" library="SeleniumLibrary">
<arg>login-btn</arg>
<doc>Clicks the button identified by ``locator``.</doc>
<msg timestamp="20230410 00:07:33.187" level="INFO">Clicking button 'login-btn'.</msg>
<status status="PASS" starttime="20230410 00:07:33.186" endtime="20230410 00:07:34.181"/>
</kw>
<status status="PASS" starttime="20230410 00:07:33.186" endtime="20230410 00:07:34.182"/>
</kw>
<kw name="Login Should Have Failed" library="resource">
<kw name="Location Should Be" library="SeleniumLibrary">
<arg>${ERROR URL}</arg>
<doc>Verifies that the current URL is exactly ``url``.</doc>
<msg timestamp="20230410 00:07:34.192" level="INFO">Current location is 'http://localhost:1337/login'.</msg>
<status status="PASS" starttime="20230410 00:07:34.182" endtime="20230410 00:07:34.192"/>
</kw>
<status status="PASS" starttime="20230410 00:07:34.182" endtime="20230410 00:07:34.192"/>
</kw>
<status status="PASS" starttime="20230410 00:07:32.702" endtime="20230410 00:07:34.193"/>
</kw>
<status status="PASS" starttime="20230410 00:07:32.008" endtime="20230410 00:07:34.194"/>
</test>
<test id="s1-t6" name="0211 - Empty Username" line="25">
<kw name="Go To Login Page" library="resource" type="SETUP">
<kw name="Go To" library="SeleniumLibrary">
<arg>${LOGIN URL}</arg>
<doc>Navigates the current browser window to the provided ``url``.</doc>
<msg timestamp="20230410 00:07:34.198" level="INFO">Opening url 'http://localhost:1337/'</msg>
<status status="PASS" starttime="20230410 00:07:34.198" endtime="20230410 00:07:34.967"/>
</kw>
<status status="PASS" starttime="20230410 00:07:34.198" endtime="20230410 00:07:34.967"/>
</kw>
<kw name="Login With Invalid Credentials Should Fail">
<arg>${EMPTY}</arg>
<arg>${VALID PASSWORD}</arg>
<kw name="Input Username" library="resource">
<arg>${username}</arg>
<kw name="Input Text" library="SeleniumLibrary">
<arg>name</arg>
<arg>${username}</arg>
<doc>Types the given ``text`` into the text field identified by ``locator``.</doc>
<msg timestamp="20230410 00:07:34.970" level="INFO">Typing text '' into text field 'name'.</msg>
<status status="PASS" starttime="20230410 00:07:34.969" endtime="20230410 00:07:35.309"/>
</kw>
<status status="PASS" starttime="20230410 00:07:34.968" endtime="20230410 00:07:35.310"/>
</kw>
<kw name="Input Password" library="resource">
<arg>${password}</arg>
<kw name="Input Text" library="SeleniumLibrary">
<arg>pass</arg>
<arg>${password}</arg>
<doc>Types the given ``text`` into the text field identified by ``locator``.</doc>
<msg timestamp="20230410 00:07:35.310" level="INFO">Typing text 'newpass777' into text field 'pass'.</msg>
<status status="PASS" starttime="20230410 00:07:35.310" endtime="20230410 00:07:35.475"/>
</kw>
<status status="PASS" starttime="20230410 00:07:35.310" endtime="20230410 00:07:35.476"/>
</kw>
<kw name="Submit Credentials" library="resource">
<kw name="Click Button" library="SeleniumLibrary">
<arg>login-btn</arg>
<doc>Clicks the button identified by ``locator``.</doc>
<msg timestamp="20230410 00:07:35.477" level="INFO">Clicking button 'login-btn'.</msg>
<status status="PASS" starttime="20230410 00:07:35.476" endtime="20230410 00:07:36.496"/>
</kw>
<status status="PASS" starttime="20230410 00:07:35.476" endtime="20230410 00:07:36.496"/>
</kw>
<kw name="Login Should Have Failed" library="resource">
<kw name="Location Should Be" library="SeleniumLibrary">
<arg>${ERROR URL}</arg>
<doc>Verifies that the current URL is exactly ``url``.</doc>
<msg timestamp="20230410 00:07:36.506" level="INFO">Current location is 'http://localhost:1337/login'.</msg>
<status status="PASS" starttime="20230410 00:07:36.496" endtime="20230410 00:07:36.506"/>
</kw>
<status status="PASS" starttime="20230410 00:07:36.496" endtime="20230410 00:07:36.506"/>
</kw>
<status status="PASS" starttime="20230410 00:07:34.967" endtime="20230410 00:07:36.507"/>
</kw>
<status status="PASS" starttime="20230410 00:07:34.196" endtime="20230410 00:07:36.507"/>
</test>
<test id="s1-t7" name="0212 - Empty Password" line="26">
<kw name="Go To Login Page" library="resource" type="SETUP">
<kw name="Go To" library="SeleniumLibrary">
<arg>${LOGIN URL}</arg>
<doc>Navigates the current browser window to the provided ``url``.</doc>
<msg timestamp="20230410 00:07:36.513" level="INFO">Opening url 'http://localhost:1337/'</msg>
<status status="PASS" starttime="20230410 00:07:36.513" endtime="20230410 00:07:37.148"/>
</kw>
<status status="PASS" starttime="20230410 00:07:36.512" endtime="20230410 00:07:37.148"/>
</kw>
<kw name="Login With Invalid Credentials Should Fail">
<arg>${VALID USER}</arg>
<arg>${EMPTY}</arg>
<kw name="Input Username" library="resource">
<arg>${username}</arg>
<kw name="Input Text" library="SeleniumLibrary">
<arg>name</arg>
<arg>${username}</arg>
<doc>Types the given ``text`` into the text field identified by ``locator``.</doc>
<msg timestamp="20230410 00:07:37.153" level="INFO">Typing text 'Angelo' into text field 'name'.</msg>
<status status="PASS" starttime="20230410 00:07:37.152" endtime="20230410 00:07:37.495"/>
</kw>
<status status="PASS" starttime="20230410 00:07:37.152" endtime="20230410 00:07:37.495"/>
</kw>
<kw name="Input Password" library="resource">
<arg>${password}</arg>
<kw name="Input Text" library="SeleniumLibrary">
<arg>pass</arg>
<arg>${password}</arg>
<doc>Types the given ``text`` into the text field identified by ``locator``.</doc>
<msg timestamp="20230410 00:07:37.496" level="INFO">Typing text '' into text field 'pass'.</msg>
<status status="PASS" starttime="20230410 00:07:37.496" endtime="20230410 00:07:37.638"/>
</kw>
<status status="PASS" starttime="20230410 00:07:37.495" endtime="20230410 00:07:37.638"/>
</kw>
<kw name="Submit Credentials" library="resource">
<kw name="Click Button" library="SeleniumLibrary">
<arg>login-btn</arg>
<doc>Clicks the button identified by ``locator``.</doc>
<msg timestamp="20230410 00:07:37.639" level="INFO">Clicking button 'login-btn'.</msg>
<status status="PASS" starttime="20230410 00:07:37.639" endtime="20230410 00:07:38.896"/>
</kw>
<status status="PASS" starttime="20230410 00:07:37.638" endtime="20230410 00:07:38.896"/>
</kw>
<kw name="Login Should Have Failed" library="resource">
<kw name="Location Should Be" library="SeleniumLibrary">
<arg>${ERROR URL}</arg>
<doc>Verifies that the current URL is exactly ``url``.</doc>
<msg timestamp="20230410 00:07:38.904" level="INFO">Current location is 'http://localhost:1337/login'.</msg>
<status status="PASS" starttime="20230410 00:07:38.897" endtime="20230410 00:07:38.904"/>
</kw>
<status status="PASS" starttime="20230410 00:07:38.897" endtime="20230410 00:07:38.905"/>
</kw>
<status status="PASS" starttime="20230410 00:07:37.149" endtime="20230410 00:07:38.905"/>
</kw>
<status status="PASS" starttime="20230410 00:07:36.510" endtime="20230410 00:07:38.906"/>
</test>
<test id="s1-t8" name="0213 - Empty Username And Password" line="27">
<kw name="Go To Login Page" library="resource" type="SETUP">
<kw name="Go To" library="SeleniumLibrary">
<arg>${LOGIN URL}</arg>
<doc>Navigates the current browser window to the provided ``url``.</doc>
<msg timestamp="20230410 00:07:38.912" level="INFO">Opening url 'http://localhost:1337/'</msg>
<status status="PASS" starttime="20230410 00:07:38.911" endtime="20230410 00:07:39.613"/>
</kw>
<status status="PASS" starttime="20230410 00:07:38.911" endtime="20230410 00:07:39.613"/>
</kw>
<kw name="Login With Invalid Credentials Should Fail">
<arg>${EMPTY}</arg>
<arg>${EMPTY}</arg>
<kw name="Input Username" library="resource">
<arg>${username}</arg>
<kw name="Input Text" library="SeleniumLibrary">
<arg>name</arg>
<arg>${username}</arg>
<doc>Types the given ``text`` into the text field identified by ``locator``.</doc>
<msg timestamp="20230410 00:07:39.618" level="INFO">Typing text '' into text field 'name'.</msg>
<status status="PASS" starttime="20230410 00:07:39.617" endtime="20230410 00:07:39.946"/>
</kw>
<status status="PASS" starttime="20230410 00:07:39.616" endtime="20230410 00:07:39.946"/>
</kw>
<kw name="Input Password" library="resource">
<arg>${password}</arg>
<kw name="Input Text" library="SeleniumLibrary">
<arg>pass</arg>
<arg>${password}</arg>
<doc>Types the given ``text`` into the text field identified by ``locator``.</doc>
<msg timestamp="20230410 00:07:39.947" level="INFO">Typing text '' into text field 'pass'.</msg>
<status status="PASS" starttime="20230410 00:07:39.947" endtime="20230410 00:07:40.088"/>
</kw>
<status status="PASS" starttime="20230410 00:07:39.947" endtime="20230410 00:07:40.089"/>
</kw>
<kw name="Submit Credentials" library="resource">
<kw name="Click Button" library="SeleniumLibrary">
<arg>login-btn</arg>
<doc>Clicks the button identified by ``locator``.</doc>
<msg timestamp="20230410 00:07:40.090" level="INFO">Clicking button 'login-btn'.</msg>
<status status="PASS" starttime="20230410 00:07:40.089" endtime="20230410 00:07:41.073"/>
</kw>
<status status="PASS" starttime="20230410 00:07:40.089" endtime="20230410 00:07:41.074"/>
</kw>
<kw name="Login Should Have Failed" library="resource">
<kw name="Location Should Be" library="SeleniumLibrary">
<arg>${ERROR URL}</arg>
<doc>Verifies that the current URL is exactly ``url``.</doc>
<msg timestamp="20230410 00:07:41.083" level="INFO">Current location is 'http://localhost:1337/login'.</msg>
<status status="PASS" starttime="20230410 00:07:41.075" endtime="20230410 00:07:41.083"/>
</kw>
<status status="PASS" starttime="20230410 00:07:41.074" endtime="20230410 00:07:41.084"/>
</kw>
<status status="PASS" starttime="20230410 00:07:39.613" endtime="20230410 00:07:41.084"/>
</kw>
<status status="PASS" starttime="20230410 00:07:38.910" endtime="20230410 00:07:41.085"/>
</test>
<kw name="Close Browser" library="SeleniumLibrary" type="TEARDOWN">
<doc>Closes the current browser.</doc>
<status status="PASS" starttime="20230410 00:07:41.089" endtime="20230410 00:07:43.285"/>
</kw>
<doc>A test suite to check the invalid login test cases for User Story 2,
Change Account Credentials.


</doc>
<status status="PASS" starttime="20230410 00:07:18.862" endtime="20230410 00:07:43.285"/>
</suite>
<statistics>
<total>
<stat pass="8" fail="0" skip="0">All Tests</stat>
</total>
<tag>
</tag>
<suite>
<stat pass="8" fail="0" skip="0" id="s1" name="User Story 2 Invalid Login">User Story 2 Invalid Login</stat>
</suite>
</statistics>
<errors>
</errors>
</robot>
