<?xml version="1.0" encoding="UTF-8"?>
<robot generator="Robot 5.0.1 (Python 3.11.1 on win32)" generated="20230323 17:15:31.115" rpa="false" schemaversion="3">
<suite id="s1" name="User Story 2 Change Credentials" source="C:\Users\DrNA\Desktop\DLSU-3rd-year-01\STSWENG\STSWENG-Development\robot_test\user_story_2\change_credentials\user_story_2_change_credentials.robot">
<test id="s1-t1" name="Before Test Cases" line="73">
<kw name="Straight To View Profile">
<arg>${USERNAME}</arg>
<arg>${CHANGE PASS}</arg>
<kw name="Open Browser to Login Page" library="resource">
<kw name="Open Browser" library="SeleniumLibrary">
<arg>${LOGIN URL}</arg>
<arg>${BROWSER}</arg>
<doc>Opens a new browser instance to the optional ``url``.</doc>
<msg timestamp="20230323 17:15:31.262" level="INFO">Opening browser 'Chrome' to base url 'http://localhost:1337/'.</msg>
<status status="PASS" starttime="20230323 17:15:31.262" endtime="20230323 17:15:33.668"/>
</kw>
<kw name="Maximize Browser Window" library="SeleniumLibrary">
<doc>Maximizes current browser window.</doc>
<status status="PASS" starttime="20230323 17:15:33.668" endtime="20230323 17:15:33.792"/>
</kw>
<kw name="Set Selenium Speed" library="SeleniumLibrary">
<arg>${DELAY}</arg>
<doc>Sets the delay that is waited after each Selenium command.</doc>
<status status="PASS" starttime="20230323 17:15:33.792" endtime="20230323 17:15:33.792"/>
</kw>
<kw name="Login Page Should Be Open" library="resource">
<kw name="Page Should Contain Element" library="SeleniumLibrary">
<arg>login-btn</arg>
<doc>Verifies that element ``locator`` is found on the current page.</doc>
<msg timestamp="20230323 17:15:33.802" level="INFO">Current page contains element 'login-btn'.</msg>
<status status="PASS" starttime="20230323 17:15:33.792" endtime="20230323 17:15:33.802"/>
</kw>
<status status="PASS" starttime="20230323 17:15:33.792" endtime="20230323 17:15:33.802"/>
</kw>
<status status="PASS" starttime="20230323 17:15:31.262" endtime="20230323 17:15:33.802"/>
</kw>
<kw name="Input Username" library="resource">
<arg>${inputUsername}</arg>
<kw name="Input Text" library="SeleniumLibrary">
<arg>name</arg>
<arg>${username}</arg>
<doc>Types the given ``text`` into the text field identified by ``locator``.</doc>
<msg timestamp="20230323 17:15:33.802" level="INFO">Typing text 'Angelo' into text field 'name'.</msg>
<status status="PASS" starttime="20230323 17:15:33.802" endtime="20230323 17:15:33.858"/>
</kw>
<status status="PASS" starttime="20230323 17:15:33.802" endtime="20230323 17:15:33.858"/>
</kw>
<kw name="Input Password" library="resource">
<arg>${inputPassword}</arg>
<kw name="Input Text" library="SeleniumLibrary">
<arg>pass</arg>
<arg>${password}</arg>
<doc>Types the given ``text`` into the text field identified by ``locator``.</doc>
<msg timestamp="20230323 17:15:33.859" level="INFO">Typing text 'newpass777' into text field 'pass'.</msg>
<status status="PASS" starttime="20230323 17:15:33.859" endtime="20230323 17:15:33.914"/>
</kw>
<status status="PASS" starttime="20230323 17:15:33.858" endtime="20230323 17:15:33.914"/>
</kw>
<kw name="Submit Credentials" library="resource">
<kw name="Click Button" library="SeleniumLibrary">
<arg>login-btn</arg>
<doc>Clicks the button identified by ``locator``.</doc>
<msg timestamp="20230323 17:15:33.915" level="INFO">Clicking button 'login-btn'.</msg>
<status status="PASS" starttime="20230323 17:15:33.915" endtime="20230323 17:15:35.081"/>
</kw>
<status status="PASS" starttime="20230323 17:15:33.914" endtime="20230323 17:15:35.081"/>
</kw>
<kw name="Click Element" library="SeleniumLibrary">
<arg>//p[contains(text(),'VIEW PROFILE')]</arg>
<doc>Click the element identified by ``locator``.</doc>
<msg timestamp="20230323 17:15:35.081" level="INFO">Clicking element '//p[contains(text(),'VIEW PROFILE')]'.</msg>
<status status="PASS" starttime="20230323 17:15:35.081" endtime="20230323 17:15:35.664"/>
</kw>
<status status="PASS" starttime="20230323 17:15:31.262" endtime="20230323 17:15:35.664"/>
</kw>
<kw name="Edit Profile">
<kw name="Click Button" library="SeleniumLibrary">
<arg>//button[contains(text(),'Edit Profile')]</arg>
<doc>Clicks the button identified by ``locator``.</doc>
<msg timestamp="20230323 17:15:35.665" level="INFO">Clicking button '//button[contains(text(),'Edit Profile')]'.</msg>
<status status="PASS" starttime="20230323 17:15:35.665" endtime="20230323 17:15:36.247"/>
</kw>
<status status="PASS" starttime="20230323 17:15:35.664" endtime="20230323 17:15:36.247"/>
</kw>
<kw name="Change Everything">
<kw name="First Name">
<arg>Noel Angelo</arg>
<kw name="Clear Element Text" library="SeleniumLibrary">
<arg>xpath=//input[@name="fname"]</arg>
<doc>Clears the value of the text-input-element identified by ``locator``.</doc>
<status status="PASS" starttime="20230323 17:15:36.248" endtime="20230323 17:15:36.305"/>
</kw>
<kw name="Input Text" library="SeleniumLibrary">
<arg>xpath=//input[@name="fname"]</arg>
<arg>${input}</arg>
<doc>Types the given ``text`` into the text field identified by ``locator``.</doc>
<msg timestamp="20230323 17:15:36.305" level="INFO">Typing text 'Noel Angelo' into text field 'xpath=//input[@name="fname"]'.</msg>
<status status="PASS" starttime="20230323 17:15:36.305" endtime="20230323 17:15:36.354"/>
</kw>
<status status="PASS" starttime="20230323 17:15:36.248" endtime="20230323 17:15:36.354"/>
</kw>
<kw name="Last Name">
<arg>Pastrana</arg>
<kw name="Clear Element Text" library="SeleniumLibrary">
<arg>xpath=//input[@name="lname"]</arg>
<doc>Clears the value of the text-input-element identified by ``locator``.</doc>
<status status="PASS" starttime="20230323 17:15:36.355" endtime="20230323 17:15:36.391"/>
</kw>
<kw name="Input Text" library="SeleniumLibrary">
<arg>xpath=//input[@name="lname"]</arg>
<arg>${input}</arg>
<doc>Types the given ``text`` into the text field identified by ``locator``.</doc>
<msg timestamp="20230323 17:15:36.391" level="INFO">Typing text 'Pastrana' into text field 'xpath=//input[@name="lname"]'.</msg>
<status status="PASS" starttime="20230323 17:15:36.391" endtime="20230323 17:15:36.437"/>
</kw>
<status status="PASS" starttime="20230323 17:15:36.354" endtime="20230323 17:15:36.437"/>
</kw>
<kw name="Email">
<arg>noelangelopastrana@gmail.com</arg>
<kw name="Clear Element Text" library="SeleniumLibrary">
<arg>xpath=//input[@name="email"]</arg>
<doc>Clears the value of the text-input-element identified by ``locator``.</doc>
<status status="PASS" starttime="20230323 17:15:36.438" endtime="20230323 17:15:36.476"/>
</kw>
<kw name="Input Text" library="SeleniumLibrary">
<arg>xpath=//input[@name="email"]</arg>
<arg>${input}</arg>
<doc>Types the given ``text`` into the text field identified by ``locator``.</doc>
<msg timestamp="20230323 17:15:36.476" level="INFO">Typing text 'noelangelopastrana@gmail.com' into text field 'xpath=//input[@name="email"]'.</msg>
<status status="PASS" starttime="20230323 17:15:36.476" endtime="20230323 17:15:36.532"/>
</kw>
<status status="PASS" starttime="20230323 17:15:36.437" endtime="20230323 17:15:36.532"/>
</kw>
<kw name="Contact Number">
<arg>09999999999</arg>
<kw name="Clear Element Text" library="SeleniumLibrary">
<arg>xpath=//input[@name="contact"]</arg>
<doc>Clears the value of the text-input-element identified by ``locator``.</doc>
<status status="PASS" starttime="20230323 17:15:36.532" endtime="20230323 17:15:36.572"/>
</kw>
<kw name="Input Text" library="SeleniumLibrary">
<arg>xpath=//input[@name="contact"]</arg>
<arg>${input}</arg>
<doc>Types the given ``text`` into the text field identified by ``locator``.</doc>
<msg timestamp="20230323 17:15:36.572" level="INFO">Typing text '09999999999' into text field 'xpath=//input[@name="contact"]'.</msg>
<status status="PASS" starttime="20230323 17:15:36.572" endtime="20230323 17:15:36.619"/>
</kw>
<status status="PASS" starttime="20230323 17:15:36.532" endtime="20230323 17:15:36.619"/>
</kw>
<kw name="Enter">
<kw name="Click Button" library="SeleniumLibrary">
<arg>//button[contains(text(),'Confirm')]</arg>
<doc>Clicks the button identified by ``locator``.</doc>
<msg timestamp="20230323 17:15:36.619" level="INFO">Clicking button '//button[contains(text(),'Confirm')]'.</msg>
<status status="PASS" starttime="20230323 17:15:36.619" endtime="20230323 17:15:39.024"/>
</kw>
<status status="PASS" starttime="20230323 17:15:36.619" endtime="20230323 17:15:39.025"/>
</kw>
<kw name="Sleep" library="BuiltIn">
<arg>3</arg>
<doc>Pauses the test executed for the given time.</doc>
<msg timestamp="20230323 17:15:42.025" level="INFO">Slept 3 seconds</msg>
<status status="PASS" starttime="20230323 17:15:39.025" endtime="20230323 17:15:42.025"/>
</kw>
<kw name="Password">
<arg>newpass123</arg>
<kw name="Click Button" library="SeleniumLibrary">
<arg>change-btn</arg>
<doc>Clicks the button identified by ``locator``.</doc>
<msg timestamp="20230323 17:15:42.025" level="INFO">Clicking button 'change-btn'.</msg>
<status status="PASS" starttime="20230323 17:15:42.025" endtime="20230323 17:15:42.090"/>
</kw>
<kw name="Input Text" library="SeleniumLibrary">
<arg>xpath=//input[@id="newpass"]</arg>
<arg>${input}</arg>
<doc>Types the given ``text`` into the text field identified by ``locator``.</doc>
<msg timestamp="20230323 17:15:42.091" level="INFO">Typing text 'newpass123' into text field 'xpath=//input[@id="newpass"]'.</msg>
<status status="PASS" starttime="20230323 17:15:42.090" endtime="20230323 17:15:42.173"/>
</kw>
<kw name="Input Text" library="SeleniumLibrary">
<arg>xpath=//input[@id="valpass"]</arg>
<arg>${input}</arg>
<doc>Types the given ``text`` into the text field identified by ``locator``.</doc>
<msg timestamp="20230323 17:15:42.173" level="INFO">Typing text 'newpass123' into text field 'xpath=//input[@id="valpass"]'.</msg>
<status status="PASS" starttime="20230323 17:15:42.173" endtime="20230323 17:15:42.257"/>
</kw>
<kw name="Click Button" library="SeleniumLibrary">
<arg>confpass-btn</arg>
<doc>Clicks the button identified by ``locator``.</doc>
<msg timestamp="20230323 17:15:42.257" level="INFO">Clicking button 'confpass-btn'.</msg>
<status status="PASS" starttime="20230323 17:15:42.257" endtime="20230323 17:15:44.066"/>
</kw>
<status status="PASS" starttime="20230323 17:15:42.025" endtime="20230323 17:15:44.066"/>
</kw>
<kw name="Sign-out">
<kw name="Click Element" library="SeleniumLibrary">
<arg>//p[contains(text(),'(SIGN-OUT)')]</arg>
<doc>Click the element identified by ``locator``.</doc>
<msg timestamp="20230323 17:15:44.067" level="INFO">Clicking element '//p[contains(text(),'(SIGN-OUT)')]'.</msg>
<status status="PASS" starttime="20230323 17:15:44.067" endtime="20230323 17:15:45.049"/>
</kw>
<status status="PASS" starttime="20230323 17:15:44.066" endtime="20230323 17:15:45.049"/>
</kw>
<status status="PASS" starttime="20230323 17:15:36.248" endtime="20230323 17:15:45.049"/>
</kw>
<kw name="Close Browser" library="SeleniumLibrary" type="TEARDOWN">
<doc>Closes the current browser.</doc>
<status status="PASS" starttime="20230323 17:15:45.049" endtime="20230323 17:15:47.207"/>
</kw>
<status status="PASS" starttime="20230323 17:15:31.261" endtime="20230323 17:15:47.207"/>
</test>
<test id="s1-t2" name="Change User First Name" line="79">
<kw name="Straight To View Profile">
<arg>${USERNAME}</arg>
<arg>${OLD PASS}</arg>
<kw name="Open Browser to Login Page" library="resource">
<kw name="Open Browser" library="SeleniumLibrary">
<arg>${LOGIN URL}</arg>
<arg>${BROWSER}</arg>
<doc>Opens a new browser instance to the optional ``url``.</doc>
<msg timestamp="20230323 17:15:47.210" level="INFO">Opening browser 'Chrome' to base url 'http://localhost:1337/'.</msg>
<status status="PASS" starttime="20230323 17:15:47.210" endtime="20230323 17:15:49.715"/>
</kw>
<kw name="Maximize Browser Window" library="SeleniumLibrary">
<doc>Maximizes current browser window.</doc>
<status status="PASS" starttime="20230323 17:15:49.715" endtime="20230323 17:15:49.839"/>
</kw>
<kw name="Set Selenium Speed" library="SeleniumLibrary">
<arg>${DELAY}</arg>
<doc>Sets the delay that is waited after each Selenium command.</doc>
<status status="PASS" starttime="20230323 17:15:49.839" endtime="20230323 17:15:49.840"/>
</kw>
<kw name="Login Page Should Be Open" library="resource">
<kw name="Page Should Contain Element" library="SeleniumLibrary">
<arg>login-btn</arg>
<doc>Verifies that element ``locator`` is found on the current page.</doc>
<msg timestamp="20230323 17:15:49.851" level="INFO">Current page contains element 'login-btn'.</msg>
<status status="PASS" starttime="20230323 17:15:49.840" endtime="20230323 17:15:49.851"/>
</kw>
<status status="PASS" starttime="20230323 17:15:49.840" endtime="20230323 17:15:49.851"/>
</kw>
<status status="PASS" starttime="20230323 17:15:47.210" endtime="20230323 17:15:49.851"/>
</kw>
<kw name="Input Username" library="resource">
<arg>${inputUsername}</arg>
<kw name="Input Text" library="SeleniumLibrary">
<arg>name</arg>
<arg>${username}</arg>
<doc>Types the given ``text`` into the text field identified by ``locator``.</doc>
<msg timestamp="20230323 17:15:49.851" level="INFO">Typing text 'Angelo' into text field 'name'.</msg>
<status status="PASS" starttime="20230323 17:15:49.851" endtime="20230323 17:15:49.910"/>
</kw>
<status status="PASS" starttime="20230323 17:15:49.851" endtime="20230323 17:15:49.910"/>
</kw>
<kw name="Input Password" library="resource">
<arg>${inputPassword}</arg>
<kw name="Input Text" library="SeleniumLibrary">
<arg>pass</arg>
<arg>${password}</arg>
<doc>Types the given ``text`` into the text field identified by ``locator``.</doc>
<msg timestamp="20230323 17:15:49.911" level="INFO">Typing text 'newpass123' into text field 'pass'.</msg>
<status status="PASS" starttime="20230323 17:15:49.911" endtime="20230323 17:15:49.971"/>
</kw>
<status status="PASS" starttime="20230323 17:15:49.910" endtime="20230323 17:15:49.971"/>
</kw>
<kw name="Submit Credentials" library="resource">
<kw name="Click Button" library="SeleniumLibrary">
<arg>login-btn</arg>
<doc>Clicks the button identified by ``locator``.</doc>
<msg timestamp="20230323 17:15:49.972" level="INFO">Clicking button 'login-btn'.</msg>
<status status="PASS" starttime="20230323 17:15:49.972" endtime="20230323 17:15:51.216"/>
</kw>
<status status="PASS" starttime="20230323 17:15:49.971" endtime="20230323 17:15:51.217"/>
</kw>
<kw name="Click Element" library="SeleniumLibrary">
<arg>//p[contains(text(),'VIEW PROFILE')]</arg>
<doc>Click the element identified by ``locator``.</doc>
<msg timestamp="20230323 17:15:51.217" level="INFO">Clicking element '//p[contains(text(),'VIEW PROFILE')]'.</msg>
<status status="PASS" starttime="20230323 17:15:51.217" endtime="20230323 17:15:51.815"/>
</kw>
<status status="PASS" starttime="20230323 17:15:47.209" endtime="20230323 17:15:51.815"/>
</kw>
<kw name="Edit Profile">
<kw name="Click Button" library="SeleniumLibrary">
<arg>//button[contains(text(),'Edit Profile')]</arg>
<doc>Clicks the button identified by ``locator``.</doc>
<msg timestamp="20230323 17:15:51.816" level="INFO">Clicking button '//button[contains(text(),'Edit Profile')]'.</msg>
<status status="PASS" starttime="20230323 17:15:51.816" endtime="20230323 17:15:52.423"/>
</kw>
<status status="PASS" starttime="20230323 17:15:51.815" endtime="20230323 17:15:52.423"/>
</kw>
<kw name="First Name">
<arg>${FNAME}</arg>
<kw name="Clear Element Text" library="SeleniumLibrary">
<arg>xpath=//input[@name="fname"]</arg>
<doc>Clears the value of the text-input-element identified by ``locator``.</doc>
<status status="PASS" starttime="20230323 17:15:52.423" endtime="20230323 17:15:52.479"/>
</kw>
<kw name="Input Text" library="SeleniumLibrary">
<arg>xpath=//input[@name="fname"]</arg>
<arg>${input}</arg>
<doc>Types the given ``text`` into the text field identified by ``locator``.</doc>
<msg timestamp="20230323 17:15:52.480" level="INFO">Typing text 'Noel' into text field 'xpath=//input[@name="fname"]'.</msg>
<status status="PASS" starttime="20230323 17:15:52.480" endtime="20230323 17:15:52.535"/>
</kw>
<status status="PASS" starttime="20230323 17:15:52.423" endtime="20230323 17:15:52.535"/>
</kw>
<kw name="Enter">
<kw name="Click Button" library="SeleniumLibrary">
<arg>//button[contains(text(),'Confirm')]</arg>
<doc>Clicks the button identified by ``locator``.</doc>
<msg timestamp="20230323 17:15:52.536" level="INFO">Clicking button '//button[contains(text(),'Confirm')]'.</msg>
<status status="PASS" starttime="20230323 17:15:52.535" endtime="20230323 17:15:53.834"/>
</kw>
<status status="PASS" starttime="20230323 17:15:52.535" endtime="20230323 17:15:53.834"/>
</kw>
<kw name="Sleep" library="BuiltIn">
<arg>1</arg>
<doc>Pauses the test executed for the given time.</doc>
<msg timestamp="20230323 17:15:54.834" level="INFO">Slept 1 second</msg>
<status status="PASS" starttime="20230323 17:15:53.834" endtime="20230323 17:15:54.834"/>
</kw>
<kw name="Close Browser" library="SeleniumLibrary" type="TEARDOWN">
<doc>Closes the current browser.</doc>
<status status="PASS" starttime="20230323 17:15:54.835" endtime="20230323 17:15:56.977"/>
</kw>
<status status="PASS" starttime="20230323 17:15:47.209" endtime="20230323 17:15:56.977"/>
</test>
<test id="s1-t3" name="Change User Last Name" line="87">
<kw name="Straight To View Profile">
<arg>${USERNAME}</arg>
<arg>${OLD PASS}</arg>
<kw name="Open Browser to Login Page" library="resource">
<kw name="Open Browser" library="SeleniumLibrary">
<arg>${LOGIN URL}</arg>
<arg>${BROWSER}</arg>
<doc>Opens a new browser instance to the optional ``url``.</doc>
<msg timestamp="20230323 17:15:56.979" level="INFO">Opening browser 'Chrome' to base url 'http://localhost:1337/'.</msg>
<status status="PASS" starttime="20230323 17:15:56.979" endtime="20230323 17:15:59.229"/>
</kw>
<kw name="Maximize Browser Window" library="SeleniumLibrary">
<doc>Maximizes current browser window.</doc>
<status status="PASS" starttime="20230323 17:15:59.229" endtime="20230323 17:15:59.347"/>
</kw>
<kw name="Set Selenium Speed" library="SeleniumLibrary">
<arg>${DELAY}</arg>
<doc>Sets the delay that is waited after each Selenium command.</doc>
<status status="PASS" starttime="20230323 17:15:59.348" endtime="20230323 17:15:59.348"/>
</kw>
<kw name="Login Page Should Be Open" library="resource">
<kw name="Page Should Contain Element" library="SeleniumLibrary">
<arg>login-btn</arg>
<doc>Verifies that element ``locator`` is found on the current page.</doc>
<msg timestamp="20230323 17:15:59.356" level="INFO">Current page contains element 'login-btn'.</msg>
<status status="PASS" starttime="20230323 17:15:59.348" endtime="20230323 17:15:59.356"/>
</kw>
<status status="PASS" starttime="20230323 17:15:59.348" endtime="20230323 17:15:59.356"/>
</kw>
<status status="PASS" starttime="20230323 17:15:56.979" endtime="20230323 17:15:59.356"/>
</kw>
<kw name="Input Username" library="resource">
<arg>${inputUsername}</arg>
<kw name="Input Text" library="SeleniumLibrary">
<arg>name</arg>
<arg>${username}</arg>
<doc>Types the given ``text`` into the text field identified by ``locator``.</doc>
<msg timestamp="20230323 17:15:59.357" level="INFO">Typing text 'Angelo' into text field 'name'.</msg>
<status status="PASS" starttime="20230323 17:15:59.356" endtime="20230323 17:15:59.419"/>
</kw>
<status status="PASS" starttime="20230323 17:15:59.356" endtime="20230323 17:15:59.419"/>
</kw>
<kw name="Input Password" library="resource">
<arg>${inputPassword}</arg>
<kw name="Input Text" library="SeleniumLibrary">
<arg>pass</arg>
<arg>${password}</arg>
<doc>Types the given ``text`` into the text field identified by ``locator``.</doc>
<msg timestamp="20230323 17:15:59.420" level="INFO">Typing text 'newpass123' into text field 'pass'.</msg>
<status status="PASS" starttime="20230323 17:15:59.420" endtime="20230323 17:15:59.482"/>
</kw>
<status status="PASS" starttime="20230323 17:15:59.419" endtime="20230323 17:15:59.482"/>
</kw>
<kw name="Submit Credentials" library="resource">
<kw name="Click Button" library="SeleniumLibrary">
<arg>login-btn</arg>
<doc>Clicks the button identified by ``locator``.</doc>
<msg timestamp="20230323 17:15:59.483" level="INFO">Clicking button 'login-btn'.</msg>
<status status="PASS" starttime="20230323 17:15:59.482" endtime="20230323 17:16:00.625"/>
</kw>
<status status="PASS" starttime="20230323 17:15:59.482" endtime="20230323 17:16:00.625"/>
</kw>
<kw name="Click Element" library="SeleniumLibrary">
<arg>//p[contains(text(),'VIEW PROFILE')]</arg>
<doc>Click the element identified by ``locator``.</doc>
<msg timestamp="20230323 17:16:00.626" level="INFO">Clicking element '//p[contains(text(),'VIEW PROFILE')]'.</msg>
<status status="PASS" starttime="20230323 17:16:00.625" endtime="20230323 17:16:01.227"/>
</kw>
<status status="PASS" starttime="20230323 17:15:56.979" endtime="20230323 17:16:01.227"/>
</kw>
<kw name="Edit Profile">
<kw name="Click Button" library="SeleniumLibrary">
<arg>//button[contains(text(),'Edit Profile')]</arg>
<doc>Clicks the button identified by ``locator``.</doc>
<msg timestamp="20230323 17:16:01.229" level="INFO">Clicking button '//button[contains(text(),'Edit Profile')]'.</msg>
<status status="PASS" starttime="20230323 17:16:01.228" endtime="20230323 17:16:01.846"/>
</kw>
<status status="PASS" starttime="20230323 17:16:01.228" endtime="20230323 17:16:01.846"/>
</kw>
<kw name="Last Name">
<arg>${LNAME}</arg>
<kw name="Clear Element Text" library="SeleniumLibrary">
<arg>xpath=//input[@name="lname"]</arg>
<doc>Clears the value of the text-input-element identified by ``locator``.</doc>
<status status="PASS" starttime="20230323 17:16:01.847" endtime="20230323 17:16:01.905"/>
</kw>
<kw name="Input Text" library="SeleniumLibrary">
<arg>xpath=//input[@name="lname"]</arg>
<arg>${input}</arg>
<doc>Types the given ``text`` into the text field identified by ``locator``.</doc>
<msg timestamp="20230323 17:16:01.906" level="INFO">Typing text 'Reyes' into text field 'xpath=//input[@name="lname"]'.</msg>
<status status="PASS" starttime="20230323 17:16:01.905" endtime="20230323 17:16:01.951"/>
</kw>
<status status="PASS" starttime="20230323 17:16:01.846" endtime="20230323 17:16:01.951"/>
</kw>
<kw name="Enter">
<kw name="Click Button" library="SeleniumLibrary">
<arg>//button[contains(text(),'Confirm')]</arg>
<doc>Clicks the button identified by ``locator``.</doc>
<msg timestamp="20230323 17:16:01.952" level="INFO">Clicking button '//button[contains(text(),'Confirm')]'.</msg>
<status status="PASS" starttime="20230323 17:16:01.952" endtime="20230323 17:16:03.281"/>
</kw>
<status status="PASS" starttime="20230323 17:16:01.952" endtime="20230323 17:16:03.281"/>
</kw>
<kw name="Sleep" library="BuiltIn">
<arg>1</arg>
<doc>Pauses the test executed for the given time.</doc>
<msg timestamp="20230323 17:16:04.283" level="INFO">Slept 1 second</msg>
<status status="PASS" starttime="20230323 17:16:03.282" endtime="20230323 17:16:04.283"/>
</kw>
<kw name="Close Browser" library="SeleniumLibrary" type="TEARDOWN">
<doc>Closes the current browser.</doc>
<status status="PASS" starttime="20230323 17:16:04.283" endtime="20230323 17:16:06.423"/>
</kw>
<status status="PASS" starttime="20230323 17:15:56.979" endtime="20230323 17:16:06.423"/>
</test>
<test id="s1-t4" name="Change User Email" line="95">
<kw name="Straight To View Profile">
<arg>${USERNAME}</arg>
<arg>${OLD PASS}</arg>
<kw name="Open Browser to Login Page" library="resource">
<kw name="Open Browser" library="SeleniumLibrary">
<arg>${LOGIN URL}</arg>
<arg>${BROWSER}</arg>
<doc>Opens a new browser instance to the optional ``url``.</doc>
<msg timestamp="20230323 17:16:06.426" level="INFO">Opening browser 'Chrome' to base url 'http://localhost:1337/'.</msg>
<status status="PASS" starttime="20230323 17:16:06.425" endtime="20230323 17:16:08.760"/>
</kw>
<kw name="Maximize Browser Window" library="SeleniumLibrary">
<doc>Maximizes current browser window.</doc>
<status status="PASS" starttime="20230323 17:16:08.760" endtime="20230323 17:16:08.872"/>
</kw>
<kw name="Set Selenium Speed" library="SeleniumLibrary">
<arg>${DELAY}</arg>
<doc>Sets the delay that is waited after each Selenium command.</doc>
<status status="PASS" starttime="20230323 17:16:08.872" endtime="20230323 17:16:08.873"/>
</kw>
<kw name="Login Page Should Be Open" library="resource">
<kw name="Page Should Contain Element" library="SeleniumLibrary">
<arg>login-btn</arg>
<doc>Verifies that element ``locator`` is found on the current page.</doc>
<msg timestamp="20230323 17:16:08.882" level="INFO">Current page contains element 'login-btn'.</msg>
<status status="PASS" starttime="20230323 17:16:08.873" endtime="20230323 17:16:08.882"/>
</kw>
<status status="PASS" starttime="20230323 17:16:08.873" endtime="20230323 17:16:08.882"/>
</kw>
<status status="PASS" starttime="20230323 17:16:06.425" endtime="20230323 17:16:08.882"/>
</kw>
<kw name="Input Username" library="resource">
<arg>${inputUsername}</arg>
<kw name="Input Text" library="SeleniumLibrary">
<arg>name</arg>
<arg>${username}</arg>
<doc>Types the given ``text`` into the text field identified by ``locator``.</doc>
<msg timestamp="20230323 17:16:08.882" level="INFO">Typing text 'Angelo' into text field 'name'.</msg>
<status status="PASS" starttime="20230323 17:16:08.882" endtime="20230323 17:16:08.940"/>
</kw>
<status status="PASS" starttime="20230323 17:16:08.882" endtime="20230323 17:16:08.940"/>
</kw>
<kw name="Input Password" library="resource">
<arg>${inputPassword}</arg>
<kw name="Input Text" library="SeleniumLibrary">
<arg>pass</arg>
<arg>${password}</arg>
<doc>Types the given ``text`` into the text field identified by ``locator``.</doc>
<msg timestamp="20230323 17:16:08.941" level="INFO">Typing text 'newpass123' into text field 'pass'.</msg>
<status status="PASS" starttime="20230323 17:16:08.941" endtime="20230323 17:16:08.994"/>
</kw>
<status status="PASS" starttime="20230323 17:16:08.940" endtime="20230323 17:16:08.995"/>
</kw>
<kw name="Submit Credentials" library="resource">
<kw name="Click Button" library="SeleniumLibrary">
<arg>login-btn</arg>
<doc>Clicks the button identified by ``locator``.</doc>
<msg timestamp="20230323 17:16:08.995" level="INFO">Clicking button 'login-btn'.</msg>
<status status="PASS" starttime="20230323 17:16:08.995" endtime="20230323 17:16:10.815"/>
</kw>
<status status="PASS" starttime="20230323 17:16:08.995" endtime="20230323 17:16:10.815"/>
</kw>
<kw name="Click Element" library="SeleniumLibrary">
<arg>//p[contains(text(),'VIEW PROFILE')]</arg>
<doc>Click the element identified by ``locator``.</doc>
<msg timestamp="20230323 17:16:10.815" level="INFO">Clicking element '//p[contains(text(),'VIEW PROFILE')]'.</msg>
<status status="PASS" starttime="20230323 17:16:10.815" endtime="20230323 17:16:11.422"/>
</kw>
<status status="PASS" starttime="20230323 17:16:06.425" endtime="20230323 17:16:11.422"/>
</kw>
<kw name="Edit Profile">
<kw name="Click Button" library="SeleniumLibrary">
<arg>//button[contains(text(),'Edit Profile')]</arg>
<doc>Clicks the button identified by ``locator``.</doc>
<msg timestamp="20230323 17:16:11.422" level="INFO">Clicking button '//button[contains(text(),'Edit Profile')]'.</msg>
<status status="PASS" starttime="20230323 17:16:11.422" endtime="20230323 17:16:12.035"/>
</kw>
<status status="PASS" starttime="20230323 17:16:11.422" endtime="20230323 17:16:12.035"/>
</kw>
<kw name="Email">
<arg>${EMAIL}</arg>
<kw name="Clear Element Text" library="SeleniumLibrary">
<arg>xpath=//input[@name="email"]</arg>
<doc>Clears the value of the text-input-element identified by ``locator``.</doc>
<status status="PASS" starttime="20230323 17:16:12.036" endtime="20230323 17:16:12.096"/>
</kw>
<kw name="Input Text" library="SeleniumLibrary">
<arg>xpath=//input[@name="email"]</arg>
<arg>${input}</arg>
<doc>Types the given ``text`` into the text field identified by ``locator``.</doc>
<msg timestamp="20230323 17:16:12.096" level="INFO">Typing text 'noelreyes@gmail.com' into text field 'xpath=//input[@name="email"]'.</msg>
<status status="PASS" starttime="20230323 17:16:12.096" endtime="20230323 17:16:12.154"/>
</kw>
<status status="PASS" starttime="20230323 17:16:12.035" endtime="20230323 17:16:12.154"/>
</kw>
<kw name="Enter">
<kw name="Click Button" library="SeleniumLibrary">
<arg>//button[contains(text(),'Confirm')]</arg>
<doc>Clicks the button identified by ``locator``.</doc>
<msg timestamp="20230323 17:16:12.155" level="INFO">Clicking button '//button[contains(text(),'Confirm')]'.</msg>
<status status="PASS" starttime="20230323 17:16:12.155" endtime="20230323 17:16:13.489"/>
</kw>
<status status="PASS" starttime="20230323 17:16:12.154" endtime="20230323 17:16:13.490"/>
</kw>
<kw name="Sleep" library="BuiltIn">
<arg>1</arg>
<doc>Pauses the test executed for the given time.</doc>
<msg timestamp="20230323 17:16:14.491" level="INFO">Slept 1 second</msg>
<status status="PASS" starttime="20230323 17:16:13.490" endtime="20230323 17:16:14.491"/>
</kw>
<kw name="Close Browser" library="SeleniumLibrary" type="TEARDOWN">
<doc>Closes the current browser.</doc>
<status status="PASS" starttime="20230323 17:16:14.491" endtime="20230323 17:16:16.630"/>
</kw>
<status status="PASS" starttime="20230323 17:16:06.424" endtime="20230323 17:16:16.630"/>
</test>
<test id="s1-t5" name="Change User Contact Number" line="103">
<kw name="Straight To View Profile">
<arg>${USERNAME}</arg>
<arg>${OLD PASS}</arg>
<kw name="Open Browser to Login Page" library="resource">
<kw name="Open Browser" library="SeleniumLibrary">
<arg>${LOGIN URL}</arg>
<arg>${BROWSER}</arg>
<doc>Opens a new browser instance to the optional ``url``.</doc>
<msg timestamp="20230323 17:16:16.632" level="INFO">Opening browser 'Chrome' to base url 'http://localhost:1337/'.</msg>
<status status="PASS" starttime="20230323 17:16:16.632" endtime="20230323 17:16:19.208"/>
</kw>
<kw name="Maximize Browser Window" library="SeleniumLibrary">
<doc>Maximizes current browser window.</doc>
<status status="PASS" starttime="20230323 17:16:19.209" endtime="20230323 17:16:19.326"/>
</kw>
<kw name="Set Selenium Speed" library="SeleniumLibrary">
<arg>${DELAY}</arg>
<doc>Sets the delay that is waited after each Selenium command.</doc>
<status status="PASS" starttime="20230323 17:16:19.327" endtime="20230323 17:16:19.327"/>
</kw>
<kw name="Login Page Should Be Open" library="resource">
<kw name="Page Should Contain Element" library="SeleniumLibrary">
<arg>login-btn</arg>
<doc>Verifies that element ``locator`` is found on the current page.</doc>
<msg timestamp="20230323 17:16:19.335" level="INFO">Current page contains element 'login-btn'.</msg>
<status status="PASS" starttime="20230323 17:16:19.327" endtime="20230323 17:16:19.336"/>
</kw>
<status status="PASS" starttime="20230323 17:16:19.327" endtime="20230323 17:16:19.336"/>
</kw>
<status status="PASS" starttime="20230323 17:16:16.632" endtime="20230323 17:16:19.336"/>
</kw>
<kw name="Input Username" library="resource">
<arg>${inputUsername}</arg>
<kw name="Input Text" library="SeleniumLibrary">
<arg>name</arg>
<arg>${username}</arg>
<doc>Types the given ``text`` into the text field identified by ``locator``.</doc>
<msg timestamp="20230323 17:16:19.336" level="INFO">Typing text 'Angelo' into text field 'name'.</msg>
<status status="PASS" starttime="20230323 17:16:19.336" endtime="20230323 17:16:19.395"/>
</kw>
<status status="PASS" starttime="20230323 17:16:19.336" endtime="20230323 17:16:19.395"/>
</kw>
<kw name="Input Password" library="resource">
<arg>${inputPassword}</arg>
<kw name="Input Text" library="SeleniumLibrary">
<arg>pass</arg>
<arg>${password}</arg>
<doc>Types the given ``text`` into the text field identified by ``locator``.</doc>
<msg timestamp="20230323 17:16:19.396" level="INFO">Typing text 'newpass123' into text field 'pass'.</msg>
<status status="PASS" starttime="20230323 17:16:19.395" endtime="20230323 17:16:19.455"/>
</kw>
<status status="PASS" starttime="20230323 17:16:19.395" endtime="20230323 17:16:19.455"/>
</kw>
<kw name="Submit Credentials" library="resource">
<kw name="Click Button" library="SeleniumLibrary">
<arg>login-btn</arg>
<doc>Clicks the button identified by ``locator``.</doc>
<msg timestamp="20230323 17:16:19.456" level="INFO">Clicking button 'login-btn'.</msg>
<status status="PASS" starttime="20230323 17:16:19.456" endtime="20230323 17:16:20.720"/>
</kw>
<status status="PASS" starttime="20230323 17:16:19.455" endtime="20230323 17:16:20.721"/>
</kw>
<kw name="Click Element" library="SeleniumLibrary">
<arg>//p[contains(text(),'VIEW PROFILE')]</arg>
<doc>Click the element identified by ``locator``.</doc>
<msg timestamp="20230323 17:16:20.721" level="INFO">Clicking element '//p[contains(text(),'VIEW PROFILE')]'.</msg>
<status status="PASS" starttime="20230323 17:16:20.721" endtime="20230323 17:16:21.313"/>
</kw>
<status status="PASS" starttime="20230323 17:16:16.632" endtime="20230323 17:16:21.313"/>
</kw>
<kw name="Edit Profile">
<kw name="Click Button" library="SeleniumLibrary">
<arg>//button[contains(text(),'Edit Profile')]</arg>
<doc>Clicks the button identified by ``locator``.</doc>
<msg timestamp="20230323 17:16:21.314" level="INFO">Clicking button '//button[contains(text(),'Edit Profile')]'.</msg>
<status status="PASS" starttime="20230323 17:16:21.314" endtime="20230323 17:16:21.927"/>
</kw>
<status status="PASS" starttime="20230323 17:16:21.313" endtime="20230323 17:16:21.927"/>
</kw>
<kw name="Contact Number">
<arg>${CONTACT}</arg>
<kw name="Clear Element Text" library="SeleniumLibrary">
<arg>xpath=//input[@name="contact"]</arg>
<doc>Clears the value of the text-input-element identified by ``locator``.</doc>
<status status="PASS" starttime="20230323 17:16:21.927" endtime="20230323 17:16:21.976"/>
</kw>
<kw name="Input Text" library="SeleniumLibrary">
<arg>xpath=//input[@name="contact"]</arg>
<arg>${input}</arg>
<doc>Types the given ``text`` into the text field identified by ``locator``.</doc>
<msg timestamp="20230323 17:16:21.976" level="INFO">Typing text '09991111111' into text field 'xpath=//input[@name="contact"]'.</msg>
<status status="PASS" starttime="20230323 17:16:21.976" endtime="20230323 17:16:22.034"/>
</kw>
<status status="PASS" starttime="20230323 17:16:21.927" endtime="20230323 17:16:22.034"/>
</kw>
<kw name="Enter">
<kw name="Click Button" library="SeleniumLibrary">
<arg>//button[contains(text(),'Confirm')]</arg>
<doc>Clicks the button identified by ``locator``.</doc>
<msg timestamp="20230323 17:16:22.035" level="INFO">Clicking button '//button[contains(text(),'Confirm')]'.</msg>
<status status="PASS" starttime="20230323 17:16:22.035" endtime="20230323 17:16:23.354"/>
</kw>
<status status="PASS" starttime="20230323 17:16:22.035" endtime="20230323 17:16:23.354"/>
</kw>
<kw name="Sleep" library="BuiltIn">
<arg>1</arg>
<doc>Pauses the test executed for the given time.</doc>
<msg timestamp="20230323 17:16:24.354" level="INFO">Slept 1 second</msg>
<status status="PASS" starttime="20230323 17:16:23.354" endtime="20230323 17:16:24.354"/>
</kw>
<kw name="Close Browser" library="SeleniumLibrary" type="TEARDOWN">
<doc>Closes the current browser.</doc>
<status status="PASS" starttime="20230323 17:16:24.354" endtime="20230323 17:16:26.455"/>
</kw>
<status status="PASS" starttime="20230323 17:16:16.631" endtime="20230323 17:16:26.455"/>
</test>
<test id="s1-t6" name="Change Password And Login" line="111">
<kw name="Straight To View Profile">
<arg>${USERNAME}</arg>
<arg>${OLD PASS}</arg>
<kw name="Open Browser to Login Page" library="resource">
<kw name="Open Browser" library="SeleniumLibrary">
<arg>${LOGIN URL}</arg>
<arg>${BROWSER}</arg>
<doc>Opens a new browser instance to the optional ``url``.</doc>
<msg timestamp="20230323 17:16:26.457" level="INFO">Opening browser 'Chrome' to base url 'http://localhost:1337/'.</msg>
<status status="PASS" starttime="20230323 17:16:26.457" endtime="20230323 17:16:29.816"/>
</kw>
<kw name="Maximize Browser Window" library="SeleniumLibrary">
<doc>Maximizes current browser window.</doc>
<status status="PASS" starttime="20230323 17:16:29.816" endtime="20230323 17:16:29.939"/>
</kw>
<kw name="Set Selenium Speed" library="SeleniumLibrary">
<arg>${DELAY}</arg>
<doc>Sets the delay that is waited after each Selenium command.</doc>
<status status="PASS" starttime="20230323 17:16:29.940" endtime="20230323 17:16:29.940"/>
</kw>
<kw name="Login Page Should Be Open" library="resource">
<kw name="Page Should Contain Element" library="SeleniumLibrary">
<arg>login-btn</arg>
<doc>Verifies that element ``locator`` is found on the current page.</doc>
<msg timestamp="20230323 17:16:29.948" level="INFO">Current page contains element 'login-btn'.</msg>
<status status="PASS" starttime="20230323 17:16:29.940" endtime="20230323 17:16:29.948"/>
</kw>
<status status="PASS" starttime="20230323 17:16:29.940" endtime="20230323 17:16:29.949"/>
</kw>
<status status="PASS" starttime="20230323 17:16:26.457" endtime="20230323 17:16:29.949"/>
</kw>
<kw name="Input Username" library="resource">
<arg>${inputUsername}</arg>
<kw name="Input Text" library="SeleniumLibrary">
<arg>name</arg>
<arg>${username}</arg>
<doc>Types the given ``text`` into the text field identified by ``locator``.</doc>
<msg timestamp="20230323 17:16:29.949" level="INFO">Typing text 'Angelo' into text field 'name'.</msg>
<status status="PASS" starttime="20230323 17:16:29.949" endtime="20230323 17:16:30.004"/>
</kw>
<status status="PASS" starttime="20230323 17:16:29.949" endtime="20230323 17:16:30.004"/>
</kw>
<kw name="Input Password" library="resource">
<arg>${inputPassword}</arg>
<kw name="Input Text" library="SeleniumLibrary">
<arg>pass</arg>
<arg>${password}</arg>
<doc>Types the given ``text`` into the text field identified by ``locator``.</doc>
<msg timestamp="20230323 17:16:30.005" level="INFO">Typing text 'newpass123' into text field 'pass'.</msg>
<status status="PASS" starttime="20230323 17:16:30.005" endtime="20230323 17:16:30.063"/>
</kw>
<status status="PASS" starttime="20230323 17:16:30.004" endtime="20230323 17:16:30.063"/>
</kw>
<kw name="Submit Credentials" library="resource">
<kw name="Click Button" library="SeleniumLibrary">
<arg>login-btn</arg>
<doc>Clicks the button identified by ``locator``.</doc>
<msg timestamp="20230323 17:16:30.064" level="INFO">Clicking button 'login-btn'.</msg>
<status status="PASS" starttime="20230323 17:16:30.063" endtime="20230323 17:16:31.306"/>
</kw>
<status status="PASS" starttime="20230323 17:16:30.063" endtime="20230323 17:16:31.306"/>
</kw>
<kw name="Click Element" library="SeleniumLibrary">
<arg>//p[contains(text(),'VIEW PROFILE')]</arg>
<doc>Click the element identified by ``locator``.</doc>
<msg timestamp="20230323 17:16:31.306" level="INFO">Clicking element '//p[contains(text(),'VIEW PROFILE')]'.</msg>
<status status="PASS" starttime="20230323 17:16:31.306" endtime="20230323 17:16:31.909"/>
</kw>
<status status="PASS" starttime="20230323 17:16:26.456" endtime="20230323 17:16:31.909"/>
</kw>
<kw name="Password">
<arg>${CHANGE PASS}</arg>
<kw name="Click Button" library="SeleniumLibrary">
<arg>change-btn</arg>
<doc>Clicks the button identified by ``locator``.</doc>
<msg timestamp="20230323 17:16:31.910" level="INFO">Clicking button 'change-btn'.</msg>
<status status="PASS" starttime="20230323 17:16:31.910" endtime="20230323 17:16:31.998"/>
</kw>
<kw name="Input Text" library="SeleniumLibrary">
<arg>xpath=//input[@id="newpass"]</arg>
<arg>${input}</arg>
<doc>Types the given ``text`` into the text field identified by ``locator``.</doc>
<msg timestamp="20230323 17:16:31.999" level="INFO">Typing text 'newpass777' into text field 'xpath=//input[@id="newpass"]'.</msg>
<status status="PASS" starttime="20230323 17:16:31.998" endtime="20230323 17:16:32.071"/>
</kw>
<kw name="Input Text" library="SeleniumLibrary">
<arg>xpath=//input[@id="valpass"]</arg>
<arg>${input}</arg>
<doc>Types the given ``text`` into the text field identified by ``locator``.</doc>
<msg timestamp="20230323 17:16:32.072" level="INFO">Typing text 'newpass777' into text field 'xpath=//input[@id="valpass"]'.</msg>
<status status="PASS" starttime="20230323 17:16:32.072" endtime="20230323 17:16:32.140"/>
</kw>
<kw name="Click Button" library="SeleniumLibrary">
<arg>confpass-btn</arg>
<doc>Clicks the button identified by ``locator``.</doc>
<msg timestamp="20230323 17:16:32.141" level="INFO">Clicking button 'confpass-btn'.</msg>
<status status="PASS" starttime="20230323 17:16:32.140" endtime="20230323 17:16:32.929"/>
</kw>
<status status="PASS" starttime="20230323 17:16:31.909" endtime="20230323 17:16:32.930"/>
</kw>
<kw name="Sign-out">
<kw name="Click Element" library="SeleniumLibrary">
<arg>//p[contains(text(),'(SIGN-OUT)')]</arg>
<doc>Click the element identified by ``locator``.</doc>
<msg timestamp="20230323 17:16:32.930" level="INFO">Clicking element '//p[contains(text(),'(SIGN-OUT)')]'.</msg>
<status status="PASS" starttime="20230323 17:16:32.930" endtime="20230323 17:16:33.711"/>
</kw>
<status status="PASS" starttime="20230323 17:16:32.930" endtime="20230323 17:16:33.711"/>
</kw>
<kw name="Input Username" library="resource">
<arg>${USERNAME}</arg>
<kw name="Input Text" library="SeleniumLibrary">
<arg>name</arg>
<arg>${username}</arg>
<doc>Types the given ``text`` into the text field identified by ``locator``.</doc>
<msg timestamp="20230323 17:16:33.712" level="INFO">Typing text 'Angelo' into text field 'name'.</msg>
<status status="PASS" starttime="20230323 17:16:33.712" endtime="20230323 17:16:33.896"/>
</kw>
<status status="PASS" starttime="20230323 17:16:33.712" endtime="20230323 17:16:33.896"/>
</kw>
<kw name="Input Password" library="resource">
<arg>${CHANGE PASS}</arg>
<kw name="Input Text" library="SeleniumLibrary">
<arg>pass</arg>
<arg>${password}</arg>
<doc>Types the given ``text`` into the text field identified by ``locator``.</doc>
<msg timestamp="20230323 17:16:33.897" level="INFO">Typing text 'newpass777' into text field 'pass'.</msg>
<status status="PASS" starttime="20230323 17:16:33.896" endtime="20230323 17:16:33.972"/>
</kw>
<status status="PASS" starttime="20230323 17:16:33.896" endtime="20230323 17:16:33.972"/>
</kw>
<kw name="Submit Credentials" library="resource">
<kw name="Click Button" library="SeleniumLibrary">
<arg>login-btn</arg>
<doc>Clicks the button identified by ``locator``.</doc>
<msg timestamp="20230323 17:16:33.973" level="INFO">Clicking button 'login-btn'.</msg>
<status status="PASS" starttime="20230323 17:16:33.972" endtime="20230323 17:16:34.978"/>
</kw>
<status status="PASS" starttime="20230323 17:16:33.972" endtime="20230323 17:16:34.978"/>
</kw>
<kw name="Check Homepage" library="resource">
<kw name="Page Should Contain Element" library="SeleniumLibrary">
<arg>class=home-nav</arg>
<doc>Verifies that element ``locator`` is found on the current page.</doc>
<msg timestamp="20230323 17:16:34.992" level="INFO">Current page contains element 'class=home-nav'.</msg>
<status status="PASS" starttime="20230323 17:16:34.979" endtime="20230323 17:16:34.992"/>
</kw>
<status status="PASS" starttime="20230323 17:16:34.979" endtime="20230323 17:16:34.992"/>
</kw>
<kw name="Close Browser" library="SeleniumLibrary" type="TEARDOWN">
<doc>Closes the current browser.</doc>
<status status="PASS" starttime="20230323 17:16:34.992" endtime="20230323 17:16:37.163"/>
</kw>
<status status="PASS" starttime="20230323 17:16:26.456" endtime="20230323 17:16:37.163"/>
</test>
<doc>A test suite to check User Story 2, Change Account Credentials.
This test will check the changing of the account credentials, showing
that all of them change accordingly.
</doc>
<status status="PASS" starttime="20230323 17:15:31.117" endtime="20230323 17:16:37.165"/>
</suite>
<statistics>
<total>
<stat pass="6" fail="0" skip="0">All Tests</stat>
</total>
<tag>
</tag>
<suite>
<stat pass="6" fail="0" skip="0" id="s1" name="User Story 2 Change Credentials">User Story 2 Change Credentials</stat>
</suite>
</statistics>
<errors>
</errors>
</robot>
