{"F:\\User\\Documents\\GitHub\\STSWENGREAL\\models\\Accounts.js": {"path":"F:\\User\\Documents\\GitHub\\STSWENGREAL\\models\\Accounts.js","statementMap":{"0":{"start":{"line":1,"column":15},"end":{"line":1,"column":34}},"1":{"start":{"line":3,"column":20},"end":{"line":22,"column":2}},"2":{"start":{"line":24,"column":0},"end":{"line":24,"column":58}}},"fnMap":{},"branchMap":{},"s":{"0":1,"1":1,"2":1},"f":{},"b":{},"_coverageSchema":"1a1c01bbd47fc00a2c39e90264f33305004495a9","hash":"f255dba84181a64a4648ed59df321da988a8f15e"}
,"F:\\User\\Documents\\GitHub\\STSWENGREAL\\models\\Feedback.js": {"path":"F:\\User\\Documents\\GitHub\\STSWENGREAL\\models\\Feedback.js","statementMap":{"0":{"start":{"line":1,"column":15},"end":{"line":1,"column":34}},"1":{"start":{"line":3,"column":21},"end":{"line":6,"column":2}},"2":{"start":{"line":8,"column":0},"end":{"line":8,"column":60}}},"fnMap":{},"branchMap":{},"s":{"0":1,"1":1,"2":1},"f":{},"b":{},"_coverageSchema":"1a1c01bbd47fc00a2c39e90264f33305004495a9","hash":"a0c9f4d1552f7e20d00d8d8d1cbb793aa59307a8"}
,"F:\\User\\Documents\\GitHub\\STSWENGREAL\\models\\db.js": {"path":"F:\\User\\Documents\\GitHub\\STSWENGREAL\\models\\db.js","statementMap":{"0":{"start":{"line":2,"column":17},"end":{"line":2,"column":36}},"1":{"start":{"line":4,"column":12},"end":{"line":4,"column":88}},"2":{"start":{"line":6,"column":16},"end":{"line":9,"column":1}},"3":{"start":{"line":11,"column":17},"end":{"line":87,"column":1}},"4":{"start":{"line":14,"column":8},"end":{"line":14,"column":29}},"5":{"start":{"line":18,"column":8},"end":{"line":21,"column":11}},"6":{"start":{"line":19,"column":12},"end":{"line":19,"column":34}},"7":{"start":{"line":19,"column":22},"end":{"line":19,"column":34}},"8":{"start":{"line":20,"column":12},"end":{"line":20,"column":48}},"9":{"start":{"line":25,"column":8},"end":{"line":29,"column":11}},"10":{"start":{"line":26,"column":12},"end":{"line":26,"column":45}},"11":{"start":{"line":26,"column":22},"end":{"line":26,"column":45}},"12":{"start":{"line":27,"column":12},"end":{"line":27,"column":43}},"13":{"start":{"line":28,"column":12},"end":{"line":28,"column":34}},"14":{"start":{"line":33,"column":8},"end":{"line":37,"column":11}},"15":{"start":{"line":34,"column":12},"end":{"line":34,"column":45}},"16":{"start":{"line":34,"column":22},"end":{"line":34,"column":45}},"17":{"start":{"line":35,"column":12},"end":{"line":35,"column":43}},"18":{"start":{"line":36,"column":12},"end":{"line":36,"column":34}},"19":{"start":{"line":41,"column":8},"end":{"line":44,"column":11}},"20":{"start":{"line":42,"column":12},"end":{"line":42,"column":45}},"21":{"start":{"line":42,"column":22},"end":{"line":42,"column":45}},"22":{"start":{"line":43,"column":12},"end":{"line":43,"column":36}},"23":{"start":{"line":48,"column":8},"end":{"line":51,"column":11}},"24":{"start":{"line":49,"column":12},"end":{"line":49,"column":45}},"25":{"start":{"line":49,"column":22},"end":{"line":49,"column":45}},"26":{"start":{"line":50,"column":12},"end":{"line":50,"column":36}},"27":{"start":{"line":55,"column":8},"end":{"line":60,"column":11}},"28":{"start":{"line":56,"column":12},"end":{"line":56,"column":45}},"29":{"start":{"line":56,"column":22},"end":{"line":56,"column":45}},"30":{"start":{"line":57,"column":12},"end":{"line":57,"column":66}},"31":{"start":{"line":58,"column":12},"end":{"line":58,"column":32}},"32":{"start":{"line":59,"column":12},"end":{"line":59,"column":36}},"33":{"start":{"line":64,"column":8},"end":{"line":68,"column":11}},"34":{"start":{"line":65,"column":12},"end":{"line":65,"column":45}},"35":{"start":{"line":65,"column":22},"end":{"line":65,"column":45}},"36":{"start":{"line":66,"column":12},"end":{"line":66,"column":67}},"37":{"start":{"line":67,"column":12},"end":{"line":67,"column":34}},"38":{"start":{"line":72,"column":8},"end":{"line":76,"column":11}},"39":{"start":{"line":73,"column":12},"end":{"line":73,"column":45}},"40":{"start":{"line":73,"column":22},"end":{"line":73,"column":45}},"41":{"start":{"line":74,"column":12},"end":{"line":74,"column":68}},"42":{"start":{"line":75,"column":12},"end":{"line":75,"column":34}},"43":{"start":{"line":80,"column":8},"end":{"line":84,"column":11}},"44":{"start":{"line":81,"column":12},"end":{"line":81,"column":45}},"45":{"start":{"line":81,"column":22},"end":{"line":81,"column":45}},"46":{"start":{"line":82,"column":12},"end":{"line":82,"column":68}},"47":{"start":{"line":83,"column":12},"end":{"line":83,"column":34}},"48":{"start":{"line":89,"column":0},"end":{"line":89,"column":26}}},"fnMap":{"0":{"name":"(anonymous_0)","decl":{"start":{"line":13,"column":16},"end":{"line":13,"column":17}},"loc":{"start":{"line":13,"column":28},"end":{"line":15,"column":5}},"line":13},"1":{"name":"(anonymous_1)","decl":{"start":{"line":17,"column":13},"end":{"line":17,"column":14}},"loc":{"start":{"line":17,"column":25},"end":{"line":22,"column":5}},"line":17},"2":{"name":"(anonymous_2)","decl":{"start":{"line":18,"column":39},"end":{"line":18,"column":40}},"loc":{"start":{"line":18,"column":61},"end":{"line":21,"column":9}},"line":18},"3":{"name":"(anonymous_3)","decl":{"start":{"line":24,"column":15},"end":{"line":24,"column":16}},"loc":{"start":{"line":24,"column":46},"end":{"line":30,"column":5}},"line":24},"4":{"name":"(anonymous_4)","decl":{"start":{"line":25,"column":26},"end":{"line":25,"column":27}},"loc":{"start":{"line":25,"column":50},"end":{"line":29,"column":9}},"line":25},"5":{"name":"(anonymous_5)","decl":{"start":{"line":32,"column":16},"end":{"line":32,"column":17}},"loc":{"start":{"line":32,"column":48},"end":{"line":38,"column":5}},"line":32},"6":{"name":"(anonymous_6)","decl":{"start":{"line":33,"column":31},"end":{"line":33,"column":32}},"loc":{"start":{"line":33,"column":55},"end":{"line":37,"column":9}},"line":33},"7":{"name":"(anonymous_7)","decl":{"start":{"line":40,"column":13},"end":{"line":40,"column":14}},"loc":{"start":{"line":40,"column":58},"end":{"line":45,"column":5}},"line":40},"8":{"name":"(anonymous_8)","decl":{"start":{"line":41,"column":41},"end":{"line":41,"column":42}},"loc":{"start":{"line":41,"column":65},"end":{"line":44,"column":9}},"line":41},"9":{"name":"(anonymous_9)","decl":{"start":{"line":47,"column":14},"end":{"line":47,"column":15}},"loc":{"start":{"line":47,"column":59},"end":{"line":52,"column":5}},"line":47},"10":{"name":"(anonymous_10)","decl":{"start":{"line":48,"column":38},"end":{"line":48,"column":39}},"loc":{"start":{"line":48,"column":62},"end":{"line":51,"column":9}},"line":48},"11":{"name":"(anonymous_11)","decl":{"start":{"line":54,"column":15},"end":{"line":54,"column":16}},"loc":{"start":{"line":54,"column":57},"end":{"line":61,"column":5}},"line":54},"12":{"name":"(anonymous_12)","decl":{"start":{"line":55,"column":40},"end":{"line":55,"column":41}},"loc":{"start":{"line":55,"column":64},"end":{"line":60,"column":9}},"line":55},"13":{"name":"(anonymous_13)","decl":{"start":{"line":63,"column":16},"end":{"line":63,"column":17}},"loc":{"start":{"line":63,"column":58},"end":{"line":69,"column":5}},"line":63},"14":{"name":"(anonymous_14)","decl":{"start":{"line":64,"column":41},"end":{"line":64,"column":42}},"loc":{"start":{"line":64,"column":65},"end":{"line":68,"column":9}},"line":64},"15":{"name":"(anonymous_15)","decl":{"start":{"line":71,"column":15},"end":{"line":71,"column":16}},"loc":{"start":{"line":71,"column":53},"end":{"line":77,"column":5}},"line":71},"16":{"name":"(anonymous_16)","decl":{"start":{"line":72,"column":36},"end":{"line":72,"column":37}},"loc":{"start":{"line":72,"column":61},"end":{"line":76,"column":9}},"line":72},"17":{"name":"(anonymous_17)","decl":{"start":{"line":79,"column":16},"end":{"line":79,"column":17}},"loc":{"start":{"line":79,"column":54},"end":{"line":85,"column":5}},"line":79},"18":{"name":"(anonymous_18)","decl":{"start":{"line":80,"column":37},"end":{"line":80,"column":38}},"loc":{"start":{"line":80,"column":62},"end":{"line":84,"column":9}},"line":80}},"branchMap":{"0":{"loc":{"start":{"line":19,"column":12},"end":{"line":19,"column":34}},"type":"if","locations":[{"start":{"line":19,"column":12},"end":{"line":19,"column":34}},{"start":{},"end":{}}],"line":19},"1":{"loc":{"start":{"line":26,"column":12},"end":{"line":26,"column":45}},"type":"if","locations":[{"start":{"line":26,"column":12},"end":{"line":26,"column":45}},{"start":{},"end":{}}],"line":26},"2":{"loc":{"start":{"line":34,"column":12},"end":{"line":34,"column":45}},"type":"if","locations":[{"start":{"line":34,"column":12},"end":{"line":34,"column":45}},{"start":{},"end":{}}],"line":34},"3":{"loc":{"start":{"line":42,"column":12},"end":{"line":42,"column":45}},"type":"if","locations":[{"start":{"line":42,"column":12},"end":{"line":42,"column":45}},{"start":{},"end":{}}],"line":42},"4":{"loc":{"start":{"line":49,"column":12},"end":{"line":49,"column":45}},"type":"if","locations":[{"start":{"line":49,"column":12},"end":{"line":49,"column":45}},{"start":{},"end":{}}],"line":49},"5":{"loc":{"start":{"line":56,"column":12},"end":{"line":56,"column":45}},"type":"if","locations":[{"start":{"line":56,"column":12},"end":{"line":56,"column":45}},{"start":{},"end":{}}],"line":56},"6":{"loc":{"start":{"line":65,"column":12},"end":{"line":65,"column":45}},"type":"if","locations":[{"start":{"line":65,"column":12},"end":{"line":65,"column":45}},{"start":{},"end":{}}],"line":65},"7":{"loc":{"start":{"line":73,"column":12},"end":{"line":73,"column":45}},"type":"if","locations":[{"start":{"line":73,"column":12},"end":{"line":73,"column":45}},{"start":{},"end":{}}],"line":73},"8":{"loc":{"start":{"line":81,"column":12},"end":{"line":81,"column":45}},"type":"if","locations":[{"start":{"line":81,"column":12},"end":{"line":81,"column":45}},{"start":{},"end":{}}],"line":81}},"s":{"0":2,"1":2,"2":2,"3":2,"4":1,"5":1,"6":1,"7":0,"8":1,"9":1,"10":1,"11":0,"12":1,"13":1,"14":0,"15":0,"16":0,"17":0,"18":0,"19":15,"20":15,"21":0,"22":15,"23":0,"24":0,"25":0,"26":0,"27":3,"28":3,"29":0,"30":3,"31":3,"32":3,"33":0,"34":0,"35":0,"36":0,"37":0,"38":1,"39":1,"40":0,"41":1,"42":1,"43":0,"44":0,"45":0,"46":0,"47":0,"48":2},"f":{"0":1,"1":1,"2":1,"3":1,"4":1,"5":0,"6":0,"7":15,"8":15,"9":0,"10":0,"11":3,"12":3,"13":0,"14":0,"15":1,"16":1,"17":0,"18":0},"b":{"0":[0,1],"1":[0,1],"2":[0,0],"3":[0,15],"4":[0,0],"5":[0,3],"6":[0,0],"7":[0,1],"8":[0,0]},"_coverageSchema":"1a1c01bbd47fc00a2c39e90264f33305004495a9","hash":"3567e098d603d96a83dca1e54d978db871d12a2c"}
,"F:\\User\\Documents\\GitHub\\STSWENGREAL\\util\\bcrypt.js": {"path":"F:\\User\\Documents\\GitHub\\STSWENGREAL\\util\\bcrypt.js","statementMap":{"0":{"start":{"line":1,"column":15},"end":{"line":1,"column":32}},"1":{"start":{"line":3,"column":0},"end":{"line":3,"column":14}},"2":{"start":{"line":5,"column":18},"end":{"line":19,"column":1}},"3":{"start":{"line":7,"column":4},"end":{"line":7,"column":42}},"4":{"start":{"line":9,"column":4},"end":{"line":9,"column":44}},"5":{"start":{"line":11,"column":4},"end":{"line":11,"column":15}},"6":{"start":{"line":15,"column":4},"end":{"line":15,"column":50}},"7":{"start":{"line":17,"column":4},"end":{"line":17,"column":17}},"8":{"start":{"line":21,"column":0},"end":{"line":21,"column":27}}},"fnMap":{"0":{"name":"(anonymous_0)","decl":{"start":{"line":6,"column":8},"end":{"line":6,"column":9}},"loc":{"start":{"line":6,"column":33},"end":{"line":12,"column":3}},"line":6},"1":{"name":"(anonymous_1)","decl":{"start":{"line":14,"column":11},"end":{"line":14,"column":12}},"loc":{"start":{"line":14,"column":43},"end":{"line":18,"column":3}},"line":14}},"branchMap":{},"s":{"0":2,"1":2,"2":2,"3":4,"4":4,"5":4,"6":2,"7":2,"8":2},"f":{"0":4,"1":2},"b":{},"_coverageSchema":"1a1c01bbd47fc00a2c39e90264f33305004495a9","hash":"b8e0f651175e73b5676519f4556e25f7a35e7b25"}
,"F:\\User\\Documents\\GitHub\\STSWENGREAL\\util\\profileedit.js": {"path":"F:\\User\\Documents\\GitHub\\STSWENGREAL\\util\\profileedit.js","statementMap":{"0":{"start":{"line":1,"column":15},"end":{"line":1,"column":43}},"1":{"start":{"line":2,"column":11},"end":{"line":2,"column":37}},"2":{"start":{"line":3,"column":16},"end":{"line":3,"column":48}},"3":{"start":{"line":5,"column":0},"end":{"line":5,"column":14}},"4":{"start":{"line":7,"column":18},"end":{"line":70,"column":1}},"5":{"start":{"line":9,"column":4},"end":{"line":9,"column":40}},"6":{"start":{"line":11,"column":4},"end":{"line":15,"column":6}},"7":{"start":{"line":12,"column":6},"end":{"line":14,"column":8}},"8":{"start":{"line":13,"column":8},"end":{"line":13,"column":23}},"9":{"start":{"line":19,"column":4},"end":{"line":23,"column":6}},"10":{"start":{"line":20,"column":6},"end":{"line":22,"column":8}},"11":{"start":{"line":21,"column":8},"end":{"line":21,"column":23}},"12":{"start":{"line":27,"column":4},"end":{"line":27,"column":33}},"13":{"start":{"line":28,"column":4},"end":{"line":62,"column":6}},"14":{"start":{"line":29,"column":6},"end":{"line":29,"column":20}},"15":{"start":{"line":31,"column":6},"end":{"line":36,"column":7}},"16":{"start":{"line":38,"column":6},"end":{"line":43,"column":7}},"17":{"start":{"line":45,"column":6},"end":{"line":50,"column":7}},"18":{"start":{"line":52,"column":6},"end":{"line":59,"column":7}},"19":{"start":{"line":53,"column":8},"end":{"line":58,"column":9}},"20":{"start":{"line":61,"column":6},"end":{"line":61,"column":24}},"21":{"start":{"line":64,"column":4},"end":{"line":68,"column":6}},"22":{"start":{"line":65,"column":6},"end":{"line":67,"column":8}},"23":{"start":{"line":66,"column":8},"end":{"line":66,"column":23}},"24":{"start":{"line":72,"column":0},"end":{"line":72,"column":27}}},"fnMap":{"0":{"name":"(anonymous_0)","decl":{"start":{"line":8,"column":14},"end":{"line":8,"column":15}},"loc":{"start":{"line":8,"column":49},"end":{"line":16,"column":3}},"line":8},"1":{"name":"(anonymous_1)","decl":{"start":{"line":11,"column":23},"end":{"line":11,"column":24}},"loc":{"start":{"line":11,"column":36},"end":{"line":15,"column":5}},"line":11},"2":{"name":"(anonymous_2)","decl":{"start":{"line":12,"column":70},"end":{"line":12,"column":71}},"loc":{"start":{"line":12,"column":82},"end":{"line":14,"column":7}},"line":12},"3":{"name":"(anonymous_3)","decl":{"start":{"line":18,"column":15},"end":{"line":18,"column":16}},"loc":{"start":{"line":18,"column":70},"end":{"line":24,"column":3}},"line":18},"4":{"name":"(anonymous_4)","decl":{"start":{"line":19,"column":23},"end":{"line":19,"column":24}},"loc":{"start":{"line":19,"column":36},"end":{"line":23,"column":5}},"line":19},"5":{"name":"(anonymous_5)","decl":{"start":{"line":20,"column":112},"end":{"line":20,"column":113}},"loc":{"start":{"line":20,"column":124},"end":{"line":22,"column":7}},"line":20},"6":{"name":"(anonymous_6)","decl":{"start":{"line":26,"column":17},"end":{"line":26,"column":18}},"loc":{"start":{"line":26,"column":74},"end":{"line":69,"column":3}},"line":26},"7":{"name":"(anonymous_7)","decl":{"start":{"line":28,"column":35},"end":{"line":28,"column":36}},"loc":{"start":{"line":28,"column":48},"end":{"line":62,"column":5}},"line":28},"8":{"name":"(anonymous_8)","decl":{"start":{"line":64,"column":23},"end":{"line":64,"column":24}},"loc":{"start":{"line":64,"column":36},"end":{"line":68,"column":5}},"line":64},"9":{"name":"(anonymous_9)","decl":{"start":{"line":65,"column":73},"end":{"line":65,"column":74}},"loc":{"start":{"line":65,"column":85},"end":{"line":67,"column":7}},"line":65}},"branchMap":{"0":{"loc":{"start":{"line":52,"column":6},"end":{"line":59,"column":7}},"type":"if","locations":[{"start":{"line":52,"column":6},"end":{"line":59,"column":7}},{"start":{},"end":{}}],"line":52}},"s":{"0":1,"1":1,"2":1,"3":1,"4":1,"5":1,"6":1,"7":1,"8":1,"9":1,"10":1,"11":1,"12":1,"13":1,"14":1,"15":1,"16":1,"17":1,"18":1,"19":1,"20":1,"21":1,"22":1,"23":1,"24":1},"f":{"0":1,"1":1,"2":1,"3":1,"4":1,"5":1,"6":1,"7":1,"8":1,"9":1},"b":{"0":[1,0]},"_coverageSchema":"1a1c01bbd47fc00a2c39e90264f33305004495a9","hash":"3c21afa0f55e82ffa0dd4a607ad0d70b3e20a1d4"}
}
